<!DOCTYPE html PUBLIC "-//W3C//DTD XHTML 1.1//EN" "http://www.w3.org/TR/xhtml11/DTD/xhtml11.dtd">
<html xmlns="http://www.w3.org/1999/xhtml"><head><title>TestNG Report</title><style type="text/css">table {margin-bottom:10px;border-collapse:collapse;empty-cells:show}th,td {border:1px solid #009;padding:.25em .5em}th {vertical-align:bottom}td {vertical-align:top}table a {font-weight:bold}.stripe td {background-color: #E6EBF9}.num {text-align:right}.passedodd td {background-color: #3F3}.passedeven td {background-color: #0A0}.skippedodd td {background-color: #DDD}.skippedeven td {background-color: #CCC}.failedodd td,.attn {background-color: #F33}.failedeven td,.stripe .attn {background-color: #D00}.stacktrace {white-space:pre;font-family:monospace}.totop {font-size:85%;text-align:center;border-bottom:2px solid #000}</style></head><body><table><tr><th>Test</th><th># Passed</th><th># Skipped</th><th># Failed</th><th>Time (ms)</th><th>Included Groups</th><th>Excluded Groups</th></tr><tr><th colspan="7">Default suite</th></tr><tr><td><a href="#t0">Default test</a></td><td class="num">19</td><td class="num">0</td><td class="num attn">11</td><td class="num">50,016</td><td></td><td></td></tr></table><table><thead><tr><th>Class</th><th>Method</th><th>Start</th><th>Time (ms)</th></tr></thead><tbody><tr><th colspan="4">Default suite</th></tr></tbody><tbody id="t0"><tr><th colspan="4">Default test &#8212; failed</th></tr><tr class="failedeven"><td rowspan="11">com.spring.hibernate.test.AngularAndWebDriverTest</td><td><a href="#m0">altRoot_find_elements</a></td><td rowspan="1">1488956576782</td><td rowspan="1">4670</td></tr><tr class="failedeven"><td><a href="#m1">basic_actions</a></td><td rowspan="1">1488956581532</td><td rowspan="1">2351</td></tr><tr class="failedeven"><td><a href="#m2">basic_elements_chained_call_should_wait_to_grab_the_WebElement_until_a_method_is_called</a></td><td rowspan="1">1488956583910</td><td rowspan="1">2334</td></tr><tr class="failedeven"><td><a href="#m3">basic_elements_should_allow_using_repeater_locator_within_map</a></td><td rowspan="1">1488956586274</td><td rowspan="1">2305</td></tr><tr class="failedeven"><td><a href="#m4">basic_elements_should_chain_with_index_correctly</a></td><td rowspan="1">1488956588613</td><td rowspan="1">2152</td></tr><tr class="failedeven"><td><a href="#m5">basic_lib_getLocationAbsUrl_gets_url</a></td><td rowspan="1">1488956590798</td><td rowspan="1">132</td></tr><tr class="failedeven"><td><a href="#m6">basic_locators_by_repeater_should_find_by_partial_match</a></td><td rowspan="1">1488956590955</td><td rowspan="1">1884</td></tr><tr class="failedeven"><td><a href="#m7">basic_locators_by_repeater_should_find_many_rows_by_partial_match</a></td><td rowspan="1">1488956592862</td><td rowspan="1">231</td></tr><tr class="failedeven"><td><a href="#m8">basic_locators_by_repeater_should_find_many_rows_by_partial_match2</a></td><td rowspan="1">1488956593147</td><td rowspan="1">1776</td></tr><tr class="failedeven"><td><a href="#m9">basic_locators_by_repeater_should_find_one_row_by_partial_match</a></td><td rowspan="1">1488956594948</td><td rowspan="1">275</td></tr><tr class="failedeven"><td><a href="#m10">basic_locators_by_repeater_should_find_single_rows_by_partial_match</a></td><td rowspan="1">1488956595251</td><td rowspan="1">1755</td></tr><tr><th colspan="4">Default test &#8212; passed</th></tr><tr class="passedeven"><td rowspan="19">com.spring.hibernate.test.AngularAndWebDriverTest</td><td><a href="#m11">findElement_should_barf_when_element_not_in_the_dom</a></td><td rowspan="1">1488956597056</td><td rowspan="1">3997</td></tr><tr class="passedeven"><td><a href="#m12">findElement_should_barf_with_message_for_bad_repeater</a></td><td rowspan="1">1488956601102</td><td rowspan="1">858</td></tr><tr class="passedeven"><td><a href="#m13">findElement_should_barf_with_message_for_bad_repeater_and_row</a></td><td rowspan="1">1488956602097</td><td rowspan="1">963</td></tr><tr class="passedeven"><td><a href="#m14">findElement_should_barf_with_message_for_bad_repeater_and_row_and_column</a></td><td rowspan="1">1488956603107</td><td rowspan="1">22</td></tr><tr class="passedeven"><td><a href="#m15">findElements_should_barf_with_message_for_any_repeater_and_row2</a></td><td rowspan="1">1488956603165</td><td rowspan="1">848</td></tr><tr class="passedeven"><td><a href="#m16">findElements_should_barf_with_message_for_any_repeater_and_row_and_column</a></td><td rowspan="1">1488956604039</td><td rowspan="1">659</td></tr><tr class="passedeven"><td><a href="#m17">findElements_should_barf_with_message_for_bad_repeater_and_column</a></td><td rowspan="1">1488956604723</td><td rowspan="1">890</td></tr><tr class="passedeven"><td><a href="#m18">find_all_for_an_angular_binding</a></td><td rowspan="1">1488956605666</td><td rowspan="1">920</td></tr><tr class="passedeven"><td><a href="#m19">find_all_for_an_angular_options</a></td><td rowspan="1">1488956606632</td><td rowspan="1">1565</td></tr><tr class="passedeven"><td><a href="#m20">find_by_angular_binding</a></td><td rowspan="1">1488956608224</td><td rowspan="1">388</td></tr><tr class="passedeven"><td><a href="#m21">find_by_angular_buttonText</a></td><td rowspan="1">1488956608639</td><td rowspan="1">821</td></tr><tr class="passedeven"><td><a href="#m22">find_by_angular_cssContainingText</a></td><td rowspan="1">1488956609646</td><td rowspan="1">788</td></tr><tr class="passedeven"><td><a href="#m23">find_by_angular_model</a></td><td rowspan="1">1488956610455</td><td rowspan="1">1479</td></tr><tr class="passedeven"><td><a href="#m24">find_by_angular_partialButtonText</a></td><td rowspan="1">1488956611998</td><td rowspan="1">261</td></tr><tr class="passedeven"><td><a href="#m25">find_multiple_hits_for_ng_repeat_and_subset_to_first_matching_predicate_for_fluent_selenium_example</a></td><td rowspan="1">1488956612286</td><td rowspan="1">1993</td></tr><tr class="passedeven"><td><a href="#m26">find_multiple_hits_for_ng_repeat_in_page</a></td><td rowspan="1">1488956614302</td><td rowspan="1">853</td></tr><tr class="passedeven"><td><a href="#m27">find_second_row_in_ng_repeat</a></td><td rowspan="1">1488956615180</td><td rowspan="1">1010</td></tr><tr class="passedeven"><td><a href="#m28">model_mutation_and_query_is_possible</a></td><td rowspan="1">1488956616222</td><td rowspan="1">1763</td></tr><tr class="passedeven"><td><a href="#m29">stress_test</a></td><td rowspan="1">1488956618007</td><td rowspan="1">8678</td></tr></tbody></table><h2>Default test</h2><h3 id="m0">com.spring.hibernate.test.AngularAndWebDriverTest#altRoot_find_elements</h3><table class="result"><tr><th>Exception</th></tr><tr><td><div class="stacktrace">org.seleniumhq.selenium.fluent.FluentExecutionStopped: WebDriverException during invocation of: ?.span(bindings({{greeting}}))
	at org.seleniumhq.selenium.fluent.Internal$BaseFluentWebDriver.wrapRuntimeException(Internal.java:1009)
	at org.seleniumhq.selenium.fluent.Internal$BaseFluentWebDriver.executeAndWrapReThrowIfNeeded(Internal.java:1037)
	at org.seleniumhq.selenium.fluent.Internal$BaseFluentWebDriver.single(Internal.java:886)
	at org.seleniumhq.selenium.fluent.Internal$BaseFluentWebDriver.span(Internal.java:105)
	at org.seleniumhq.selenium.fluent.FluentWebDriver.span(FluentWebDriver.java:116)
	at com.spring.hibernate.test.AngularAndWebDriverTest.altRoot_find_elements(AngularAndWebDriverTest.java:493)
	at sun.reflect.NativeMethodAccessorImpl.invoke0(Native Method)
	at sun.reflect.NativeMethodAccessorImpl.invoke(NativeMethodAccessorImpl.java:62)
	at sun.reflect.DelegatingMethodAccessorImpl.invoke(DelegatingMethodAccessorImpl.java:43)
	at java.lang.reflect.Method.invoke(Method.java:498)
	at org.testng.internal.MethodInvocationHelper.invokeMethod(MethodInvocationHelper.java:104)
	at org.testng.internal.Invoker.invokeMethod(Invoker.java:645)
	at org.testng.internal.Invoker.invokeTestMethod(Invoker.java:851)
	at org.testng.internal.Invoker.invokeTestMethods(Invoker.java:1177)
	at org.testng.internal.TestMethodWorker.invokeTestMethods(TestMethodWorker.java:129)
	at org.testng.internal.TestMethodWorker.run(TestMethodWorker.java:112)
	at org.testng.TestRunner.privateRun(TestRunner.java:756)
	at org.testng.TestRunner.run(TestRunner.java:610)
	at org.testng.SuiteRunner.runTest(SuiteRunner.java:387)
	at org.testng.SuiteRunner.runSequentially(SuiteRunner.java:382)
	at org.testng.SuiteRunner.privateRun(SuiteRunner.java:340)
	at org.testng.SuiteRunner.run(SuiteRunner.java:289)
	at org.testng.SuiteRunnerWorker.runSuite(SuiteRunnerWorker.java:52)
	at org.testng.SuiteRunnerWorker.run(SuiteRunnerWorker.java:86)
	at org.testng.TestNG.runSuitesSequentially(TestNG.java:1293)
	at org.testng.TestNG.runSuitesLocally(TestNG.java:1218)
	at org.testng.TestNG.runSuites(TestNG.java:1133)
	at org.testng.TestNG.run(TestNG.java:1104)
	at org.testng.remote.AbstractRemoteTestNG.run(AbstractRemoteTestNG.java:132)
	at org.testng.remote.RemoteTestNG.initAndRun(RemoteTestNG.java:230)
	at org.testng.remote.RemoteTestNG.main(RemoteTestNG.java:76)
Caused by: org.openqa.selenium.WebDriverException: unknown error: angular is not defined
  (Session info: chrome=56.0.2924.87)
  (Driver info: chromedriver=2.27.440174 (e97a722caafc2d3a8b807ee115bfb307f7d2cfd9),platform=Windows NT 6.1.7601 SP1 x86_64) (WARNING: The server did not provide any stacktrace information)
Command duration or timeout: 118 milliseconds
Build info: version: &apos;unknown&apos;, revision: &apos;86a5d70&apos;, time: &apos;2017-02-16 07:47:51 -0800&apos;
System info: host: &apos;LINMB550&apos;, ip: &apos;10.207.163.101&apos;, os.name: &apos;Windows 7&apos;, os.arch: &apos;amd64&apos;, os.version: &apos;6.1&apos;, java.version: &apos;1.8.0_121&apos;
Driver info: org.openqa.selenium.chrome.ChromeDriver
Capabilities [{applicationCacheEnabled=false, rotatable=false, mobileEmulationEnabled=false, networkConnectionEnabled=false, chrome={chromedriverVersion=2.27.440174 (e97a722caafc2d3a8b807ee115bfb307f7d2cfd9), userDataDir=C:\Users\ankurcha\AppData\Local\Temp\scoped_dir9152_16605}, takesHeapSnapshot=true, pageLoadStrategy=normal, databaseEnabled=false, handlesAlerts=true, hasTouchScreen=false, version=56.0.2924.87, platform=XP, browserConnectionEnabled=false, nativeEvents=true, acceptSslCerts=true, locationContextEnabled=true, webStorageEnabled=true, browserName=chrome, takesScreenshot=true, javascriptEnabled=true, cssSelectorsEnabled=true, unexpectedAlertBehaviour=}]
Session ID: aa924b649118224faa55c86f351d5221
	at sun.reflect.NativeConstructorAccessorImpl.newInstance0(Native Method)
	at sun.reflect.NativeConstructorAccessorImpl.newInstance(NativeConstructorAccessorImpl.java:62)
	at sun.reflect.DelegatingConstructorAccessorImpl.newInstance(DelegatingConstructorAccessorImpl.java:45)
	at java.lang.reflect.Constructor.newInstance(Constructor.java:423)
	at org.openqa.selenium.remote.ErrorHandler.createThrowable(ErrorHandler.java:216)
	at org.openqa.selenium.remote.ErrorHandler.throwIfResponseFailed(ErrorHandler.java:168)
	at org.openqa.selenium.remote.RemoteWebDriver.execute(RemoteWebDriver.java:635)
	at org.openqa.selenium.remote.RemoteWebDriver.executeScript(RemoteWebDriver.java:537)
	at com.spring.hibernate.ngwebdriver.ByAngularBinding.getObject(ByAngularBinding.java:16)
	at com.spring.hibernate.ngwebdriver.ByAngular$BaseBy.findElement(ByAngular.java:166)
	at com.spring.hibernate.ngwebdriver.ByAngularBinding.findElement(ByAngularBinding.java:1)
	at org.openqa.selenium.remote.RemoteWebDriver.findElement(RemoteWebDriver.java:360)
	at org.seleniumhq.selenium.fluent.FluentWebDriver.actualFindElement(FluentWebDriver.java:63)
	at org.seleniumhq.selenium.fluent.FluentWebDriver.findElement(FluentWebDriver.java:53)
	at org.seleniumhq.selenium.fluent.Internal$BaseFluentWebDriver$FindElement.execute(Internal.java:933)
	at org.seleniumhq.selenium.fluent.Internal$BaseFluentWebDriver$FindElement.execute(Internal.java:911)
	at org.seleniumhq.selenium.fluent.internal.Execution.doExecution(Execution.java:39)
	at org.seleniumhq.selenium.fluent.Internal$BaseFluentWebDriver.executeAndWrapReThrowIfNeeded(Internal.java:1031)
	... 29 more
</div></td></tr></table><p class="totop"><a href="#summary">back to summary</a></p><h3 id="m1">com.spring.hibernate.test.AngularAndWebDriverTest#basic_actions</h3><table class="result"><tr><th>Exception</th></tr><tr><td><div class="stacktrace">org.seleniumhq.selenium.fluent.FluentExecutionStopped: NoSuchElementException during invocation of: ?.input(By.name: points)
	at org.seleniumhq.selenium.fluent.Internal$BaseFluentWebDriver.wrapRuntimeException(Internal.java:1009)
	at org.seleniumhq.selenium.fluent.Internal$BaseFluentWebDriver.executeAndWrapReThrowIfNeeded(Internal.java:1037)
	at org.seleniumhq.selenium.fluent.Internal$BaseFluentWebDriver.single(Internal.java:886)
	at org.seleniumhq.selenium.fluent.Internal$BaseFluentWebDriver.input(Internal.java:177)
	at org.seleniumhq.selenium.fluent.FluentWebDriver.input(FluentWebDriver.java:196)
	at com.spring.hibernate.test.AngularAndWebDriverTest.basic_actions(AngularAndWebDriverTest.java:509)
	at sun.reflect.NativeMethodAccessorImpl.invoke0(Native Method)
	at sun.reflect.NativeMethodAccessorImpl.invoke(NativeMethodAccessorImpl.java:62)
	at sun.reflect.DelegatingMethodAccessorImpl.invoke(DelegatingMethodAccessorImpl.java:43)
	at java.lang.reflect.Method.invoke(Method.java:498)
	at org.testng.internal.MethodInvocationHelper.invokeMethod(MethodInvocationHelper.java:104)
	at org.testng.internal.Invoker.invokeMethod(Invoker.java:645)
	at org.testng.internal.Invoker.invokeTestMethod(Invoker.java:851)
	at org.testng.internal.Invoker.invokeTestMethods(Invoker.java:1177)
	at org.testng.internal.TestMethodWorker.invokeTestMethods(TestMethodWorker.java:129)
	at org.testng.internal.TestMethodWorker.run(TestMethodWorker.java:112)
	at org.testng.TestRunner.privateRun(TestRunner.java:756)
	at org.testng.TestRunner.run(TestRunner.java:610)
	at org.testng.SuiteRunner.runTest(SuiteRunner.java:387)
	at org.testng.SuiteRunner.runSequentially(SuiteRunner.java:382)
	at org.testng.SuiteRunner.privateRun(SuiteRunner.java:340)
	at org.testng.SuiteRunner.run(SuiteRunner.java:289)
	at org.testng.SuiteRunnerWorker.runSuite(SuiteRunnerWorker.java:52)
	at org.testng.SuiteRunnerWorker.run(SuiteRunnerWorker.java:86)
	at org.testng.TestNG.runSuitesSequentially(TestNG.java:1293)
	at org.testng.TestNG.runSuitesLocally(TestNG.java:1218)
	at org.testng.TestNG.runSuites(TestNG.java:1133)
	at org.testng.TestNG.run(TestNG.java:1104)
	at org.testng.remote.AbstractRemoteTestNG.run(AbstractRemoteTestNG.java:132)
	at org.testng.remote.RemoteTestNG.initAndRun(RemoteTestNG.java:230)
	at org.testng.remote.RemoteTestNG.main(RemoteTestNG.java:76)
Caused by: org.openqa.selenium.NoSuchElementException: no such element: Unable to locate element: {&quot;method&quot;:&quot;name&quot;,&quot;selector&quot;:&quot;points&quot;}
  (Session info: chrome=56.0.2924.87)
  (Driver info: chromedriver=2.27.440174 (e97a722caafc2d3a8b807ee115bfb307f7d2cfd9),platform=Windows NT 6.1.7601 SP1 x86_64) (WARNING: The server did not provide any stacktrace information)
Command duration or timeout: 48 milliseconds
For documentation on this error, please visit: http://seleniumhq.org/exceptions/no_such_element.html
Build info: version: &apos;unknown&apos;, revision: &apos;86a5d70&apos;, time: &apos;2017-02-16 07:47:51 -0800&apos;
System info: host: &apos;LINMB550&apos;, ip: &apos;10.207.163.101&apos;, os.name: &apos;Windows 7&apos;, os.arch: &apos;amd64&apos;, os.version: &apos;6.1&apos;, java.version: &apos;1.8.0_121&apos;
Driver info: org.openqa.selenium.chrome.ChromeDriver
Capabilities [{applicationCacheEnabled=false, rotatable=false, mobileEmulationEnabled=false, networkConnectionEnabled=false, chrome={chromedriverVersion=2.27.440174 (e97a722caafc2d3a8b807ee115bfb307f7d2cfd9), userDataDir=C:\Users\ankurcha\AppData\Local\Temp\scoped_dir9152_16605}, takesHeapSnapshot=true, pageLoadStrategy=normal, databaseEnabled=false, handlesAlerts=true, hasTouchScreen=false, version=56.0.2924.87, platform=XP, browserConnectionEnabled=false, nativeEvents=true, acceptSslCerts=true, locationContextEnabled=true, webStorageEnabled=true, browserName=chrome, takesScreenshot=true, javascriptEnabled=true, cssSelectorsEnabled=true, unexpectedAlertBehaviour=}]
Session ID: aa924b649118224faa55c86f351d5221
*** Element info: {Using=name, value=points}
	at sun.reflect.NativeConstructorAccessorImpl.newInstance0(Native Method)
	at sun.reflect.NativeConstructorAccessorImpl.newInstance(NativeConstructorAccessorImpl.java:62)
	at sun.reflect.DelegatingConstructorAccessorImpl.newInstance(DelegatingConstructorAccessorImpl.java:45)
	at java.lang.reflect.Constructor.newInstance(Constructor.java:423)
	at org.openqa.selenium.remote.ErrorHandler.createThrowable(ErrorHandler.java:216)
	at org.openqa.selenium.remote.ErrorHandler.throwIfResponseFailed(ErrorHandler.java:168)
	at org.openqa.selenium.remote.RemoteWebDriver.execute(RemoteWebDriver.java:635)
	at org.openqa.selenium.remote.RemoteWebDriver.findElement(RemoteWebDriver.java:368)
	at org.openqa.selenium.remote.RemoteWebDriver.findElementByName(RemoteWebDriver.java:449)
	at org.openqa.selenium.By$ByName.findElement(By.java:303)
	at org.openqa.selenium.remote.RemoteWebDriver.findElement(RemoteWebDriver.java:360)
	at org.seleniumhq.selenium.fluent.FluentWebDriver.actualFindElement(FluentWebDriver.java:63)
	at org.seleniumhq.selenium.fluent.FluentWebDriver.findElement(FluentWebDriver.java:53)
	at org.seleniumhq.selenium.fluent.Internal$BaseFluentWebDriver$FindElement.execute(Internal.java:933)
	at org.seleniumhq.selenium.fluent.Internal$BaseFluentWebDriver$FindElement.execute(Internal.java:911)
	at org.seleniumhq.selenium.fluent.internal.Execution.doExecution(Execution.java:39)
	at org.seleniumhq.selenium.fluent.Internal$BaseFluentWebDriver.executeAndWrapReThrowIfNeeded(Internal.java:1031)
	... 29 more
</div></td></tr></table><p class="totop"><a href="#summary">back to summary</a></p><h3 id="m2">com.spring.hibernate.test.AngularAndWebDriverTest#basic_elements_chained_call_should_wait_to_grab_the_WebElement_until_a_method_is_called</h3><table class="result"><tr><th>Exception</th></tr><tr><td><div class="stacktrace">org.seleniumhq.selenium.fluent.FluentExecutionStopped: NoSuchElementException during invocation of: ?.div(By.id: baz)
	at org.seleniumhq.selenium.fluent.Internal$BaseFluentWebDriver.wrapRuntimeException(Internal.java:1009)
	at org.seleniumhq.selenium.fluent.Internal$BaseFluentWebDriver.executeAndWrapReThrowIfNeeded(Internal.java:1037)
	at org.seleniumhq.selenium.fluent.Internal$BaseFluentWebDriver.single(Internal.java:886)
	at org.seleniumhq.selenium.fluent.Internal$BaseFluentWebDriver.div(Internal.java:123)
	at org.seleniumhq.selenium.fluent.FluentWebDriver.div(FluentWebDriver.java:136)
	at com.spring.hibernate.test.AngularAndWebDriverTest.basic_elements_chained_call_should_wait_to_grab_the_WebElement_until_a_method_is_called(AngularAndWebDriverTest.java:549)
	at sun.reflect.NativeMethodAccessorImpl.invoke0(Native Method)
	at sun.reflect.NativeMethodAccessorImpl.invoke(NativeMethodAccessorImpl.java:62)
	at sun.reflect.DelegatingMethodAccessorImpl.invoke(DelegatingMethodAccessorImpl.java:43)
	at java.lang.reflect.Method.invoke(Method.java:498)
	at org.testng.internal.MethodInvocationHelper.invokeMethod(MethodInvocationHelper.java:104)
	at org.testng.internal.Invoker.invokeMethod(Invoker.java:645)
	at org.testng.internal.Invoker.invokeTestMethod(Invoker.java:851)
	at org.testng.internal.Invoker.invokeTestMethods(Invoker.java:1177)
	at org.testng.internal.TestMethodWorker.invokeTestMethods(TestMethodWorker.java:129)
	at org.testng.internal.TestMethodWorker.run(TestMethodWorker.java:112)
	at org.testng.TestRunner.privateRun(TestRunner.java:756)
	at org.testng.TestRunner.run(TestRunner.java:610)
	at org.testng.SuiteRunner.runTest(SuiteRunner.java:387)
	at org.testng.SuiteRunner.runSequentially(SuiteRunner.java:382)
	at org.testng.SuiteRunner.privateRun(SuiteRunner.java:340)
	at org.testng.SuiteRunner.run(SuiteRunner.java:289)
	at org.testng.SuiteRunnerWorker.runSuite(SuiteRunnerWorker.java:52)
	at org.testng.SuiteRunnerWorker.run(SuiteRunnerWorker.java:86)
	at org.testng.TestNG.runSuitesSequentially(TestNG.java:1293)
	at org.testng.TestNG.runSuitesLocally(TestNG.java:1218)
	at org.testng.TestNG.runSuites(TestNG.java:1133)
	at org.testng.TestNG.run(TestNG.java:1104)
	at org.testng.remote.AbstractRemoteTestNG.run(AbstractRemoteTestNG.java:132)
	at org.testng.remote.RemoteTestNG.initAndRun(RemoteTestNG.java:230)
	at org.testng.remote.RemoteTestNG.main(RemoteTestNG.java:76)
Caused by: org.openqa.selenium.NoSuchElementException: no such element: Unable to locate element: {&quot;method&quot;:&quot;id&quot;,&quot;selector&quot;:&quot;baz&quot;}
  (Session info: chrome=56.0.2924.87)
  (Driver info: chromedriver=2.27.440174 (e97a722caafc2d3a8b807ee115bfb307f7d2cfd9),platform=Windows NT 6.1.7601 SP1 x86_64) (WARNING: The server did not provide any stacktrace information)
Command duration or timeout: 51 milliseconds
For documentation on this error, please visit: http://seleniumhq.org/exceptions/no_such_element.html
Build info: version: &apos;unknown&apos;, revision: &apos;86a5d70&apos;, time: &apos;2017-02-16 07:47:51 -0800&apos;
System info: host: &apos;LINMB550&apos;, ip: &apos;10.207.163.101&apos;, os.name: &apos;Windows 7&apos;, os.arch: &apos;amd64&apos;, os.version: &apos;6.1&apos;, java.version: &apos;1.8.0_121&apos;
Driver info: org.openqa.selenium.chrome.ChromeDriver
Capabilities [{applicationCacheEnabled=false, rotatable=false, mobileEmulationEnabled=false, networkConnectionEnabled=false, chrome={chromedriverVersion=2.27.440174 (e97a722caafc2d3a8b807ee115bfb307f7d2cfd9), userDataDir=C:\Users\ankurcha\AppData\Local\Temp\scoped_dir9152_16605}, takesHeapSnapshot=true, pageLoadStrategy=normal, databaseEnabled=false, handlesAlerts=true, hasTouchScreen=false, version=56.0.2924.87, platform=XP, browserConnectionEnabled=false, nativeEvents=true, acceptSslCerts=true, locationContextEnabled=true, webStorageEnabled=true, browserName=chrome, takesScreenshot=true, javascriptEnabled=true, cssSelectorsEnabled=true, unexpectedAlertBehaviour=}]
Session ID: aa924b649118224faa55c86f351d5221
*** Element info: {Using=id, value=baz}
	at sun.reflect.NativeConstructorAccessorImpl.newInstance0(Native Method)
	at sun.reflect.NativeConstructorAccessorImpl.newInstance(NativeConstructorAccessorImpl.java:62)
	at sun.reflect.DelegatingConstructorAccessorImpl.newInstance(DelegatingConstructorAccessorImpl.java:45)
	at java.lang.reflect.Constructor.newInstance(Constructor.java:423)
	at org.openqa.selenium.remote.ErrorHandler.createThrowable(ErrorHandler.java:216)
	at org.openqa.selenium.remote.ErrorHandler.throwIfResponseFailed(ErrorHandler.java:168)
	at org.openqa.selenium.remote.RemoteWebDriver.execute(RemoteWebDriver.java:635)
	at org.openqa.selenium.remote.RemoteWebDriver.findElement(RemoteWebDriver.java:368)
	at org.openqa.selenium.remote.RemoteWebDriver.findElementById(RemoteWebDriver.java:417)
	at org.openqa.selenium.By$ById.findElement(By.java:218)
	at org.openqa.selenium.remote.RemoteWebDriver.findElement(RemoteWebDriver.java:360)
	at org.seleniumhq.selenium.fluent.FluentWebDriver.actualFindElement(FluentWebDriver.java:63)
	at org.seleniumhq.selenium.fluent.FluentWebDriver.findElement(FluentWebDriver.java:53)
	at org.seleniumhq.selenium.fluent.Internal$BaseFluentWebDriver$FindElement.execute(Internal.java:933)
	at org.seleniumhq.selenium.fluent.Internal$BaseFluentWebDriver$FindElement.execute(Internal.java:911)
	at org.seleniumhq.selenium.fluent.internal.Execution.doExecution(Execution.java:39)
	at org.seleniumhq.selenium.fluent.Internal$BaseFluentWebDriver.executeAndWrapReThrowIfNeeded(Internal.java:1031)
	... 29 more
</div></td></tr></table><p class="totop"><a href="#summary">back to summary</a></p><h3 id="m3">com.spring.hibernate.test.AngularAndWebDriverTest#basic_elements_should_allow_using_repeater_locator_within_map</h3><table class="result"><tr><th>Exception</th></tr><tr><td><div class="stacktrace">org.seleniumhq.selenium.fluent.FluentExecutionStopped: NoSuchElementException during invocation of: ?.lis(repeater(allinfo in days))
	at org.seleniumhq.selenium.fluent.Internal$BaseFluentWebDriver.wrapRuntimeException(Internal.java:1009)
	at org.seleniumhq.selenium.fluent.Internal$BaseFluentWebDriver.executeAndWrapReThrowIfNeeded(Internal.java:1037)
	at org.seleniumhq.selenium.fluent.Internal$BaseFluentWebDriver.multiple(Internal.java:956)
	at org.seleniumhq.selenium.fluent.Internal$BaseFluentWebDriver.lis(Internal.java:815)
	at org.seleniumhq.selenium.fluent.FluentWebDriver.lis(FluentWebDriver.java:903)
	at com.spring.hibernate.test.AngularAndWebDriverTest.basic_elements_should_allow_using_repeater_locator_within_map(AngularAndWebDriverTest.java:573)
	at sun.reflect.NativeMethodAccessorImpl.invoke0(Native Method)
	at sun.reflect.NativeMethodAccessorImpl.invoke(NativeMethodAccessorImpl.java:62)
	at sun.reflect.DelegatingMethodAccessorImpl.invoke(DelegatingMethodAccessorImpl.java:43)
	at java.lang.reflect.Method.invoke(Method.java:498)
	at org.testng.internal.MethodInvocationHelper.invokeMethod(MethodInvocationHelper.java:104)
	at org.testng.internal.Invoker.invokeMethod(Invoker.java:645)
	at org.testng.internal.Invoker.invokeTestMethod(Invoker.java:851)
	at org.testng.internal.Invoker.invokeTestMethods(Invoker.java:1177)
	at org.testng.internal.TestMethodWorker.invokeTestMethods(TestMethodWorker.java:129)
	at org.testng.internal.TestMethodWorker.run(TestMethodWorker.java:112)
	at org.testng.TestRunner.privateRun(TestRunner.java:756)
	at org.testng.TestRunner.run(TestRunner.java:610)
	at org.testng.SuiteRunner.runTest(SuiteRunner.java:387)
	at org.testng.SuiteRunner.runSequentially(SuiteRunner.java:382)
	at org.testng.SuiteRunner.privateRun(SuiteRunner.java:340)
	at org.testng.SuiteRunner.run(SuiteRunner.java:289)
	at org.testng.SuiteRunnerWorker.runSuite(SuiteRunnerWorker.java:52)
	at org.testng.SuiteRunnerWorker.run(SuiteRunnerWorker.java:86)
	at org.testng.TestNG.runSuitesSequentially(TestNG.java:1293)
	at org.testng.TestNG.runSuitesLocally(TestNG.java:1218)
	at org.testng.TestNG.runSuites(TestNG.java:1133)
	at org.testng.TestNG.run(TestNG.java:1104)
	at org.testng.remote.AbstractRemoteTestNG.run(AbstractRemoteTestNG.java:132)
	at org.testng.remote.RemoteTestNG.initAndRun(RemoteTestNG.java:230)
	at org.testng.remote.RemoteTestNG.main(RemoteTestNG.java:76)
Caused by: org.openqa.selenium.NoSuchElementException: repeater(allinfo in days) didn&apos;t have any matching elements at this place in the DOM
For documentation on this error, please visit: http://seleniumhq.org/exceptions/no_such_element.html
Build info: version: &apos;unknown&apos;, revision: &apos;86a5d70&apos;, time: &apos;2017-02-16 07:47:51 -0800&apos;
System info: host: &apos;LINMB550&apos;, ip: &apos;10.207.163.101&apos;, os.name: &apos;Windows 7&apos;, os.arch: &apos;amd64&apos;, os.version: &apos;6.1&apos;, java.version: &apos;1.8.0_121&apos;
Driver info: driver.version: FluentWebDriver
	at com.spring.hibernate.ngwebdriver.ByAngular$BaseBy.errorIfNull(ByAngular.java:155)
	at com.spring.hibernate.ngwebdriver.ByAngular$BaseBy.findElements(ByAngular.java:177)
	at com.spring.hibernate.ngwebdriver.ByAngularRepeater.findElements(ByAngularRepeater.java:1)
	at org.openqa.selenium.remote.RemoteWebDriver.findElements(RemoteWebDriver.java:356)
	at org.seleniumhq.selenium.fluent.FluentWebDriver.actualFindElements(FluentWebDriver.java:68)
	at org.seleniumhq.selenium.fluent.FluentWebDriver.findElements(FluentWebDriver.java:58)
	at org.seleniumhq.selenium.fluent.Internal$BaseFluentWebDriver$FindElements.execute(Internal.java:992)
	at org.seleniumhq.selenium.fluent.Internal$BaseFluentWebDriver$FindElements.execute(Internal.java:980)
	at org.seleniumhq.selenium.fluent.internal.Execution.doExecution(Execution.java:39)
	at org.seleniumhq.selenium.fluent.Internal$BaseFluentWebDriver.executeAndWrapReThrowIfNeeded(Internal.java:1031)
	... 29 more
</div></td></tr></table><p class="totop"><a href="#summary">back to summary</a></p><h3 id="m4">com.spring.hibernate.test.AngularAndWebDriverTest#basic_elements_should_chain_with_index_correctly</h3><table class="result"><tr><th>Exception</th></tr><tr><td><div class="stacktrace">org.seleniumhq.selenium.fluent.FluentExecutionStopped$BecauseNothingMatchesInFilter: Nothing matched filter, during invocation of: ?.inputs(By.cssSelector: #checkboxes input).last(com.spring.hibernate.test.AngularAndWebDriverTest$IsIndex2Or3@15f47664)
	at org.seleniumhq.selenium.fluent.Internal$BaseFluentWebDriver.wrapRuntimeException(Internal.java:1007)
	at org.seleniumhq.selenium.fluent.Internal$BaseFluentWebDriver.executeAndWrapReThrowIfNeeded(Internal.java:1037)
	at org.seleniumhq.selenium.fluent.FluentWebElements.executeAndWrapReThrowIfNeeded(FluentWebElements.java:53)
	at org.seleniumhq.selenium.fluent.FluentWebElements.last(FluentWebElements.java:162)
	at com.spring.hibernate.test.AngularAndWebDriverTest.basic_elements_should_chain_with_index_correctly(AngularAndWebDriverTest.java:527)
	at sun.reflect.NativeMethodAccessorImpl.invoke0(Native Method)
	at sun.reflect.NativeMethodAccessorImpl.invoke(NativeMethodAccessorImpl.java:62)
	at sun.reflect.DelegatingMethodAccessorImpl.invoke(DelegatingMethodAccessorImpl.java:43)
	at java.lang.reflect.Method.invoke(Method.java:498)
	at org.testng.internal.MethodInvocationHelper.invokeMethod(MethodInvocationHelper.java:104)
	at org.testng.internal.Invoker.invokeMethod(Invoker.java:645)
	at org.testng.internal.Invoker.invokeTestMethod(Invoker.java:851)
	at org.testng.internal.Invoker.invokeTestMethods(Invoker.java:1177)
	at org.testng.internal.TestMethodWorker.invokeTestMethods(TestMethodWorker.java:129)
	at org.testng.internal.TestMethodWorker.run(TestMethodWorker.java:112)
	at org.testng.TestRunner.privateRun(TestRunner.java:756)
	at org.testng.TestRunner.run(TestRunner.java:610)
	at org.testng.SuiteRunner.runTest(SuiteRunner.java:387)
	at org.testng.SuiteRunner.runSequentially(SuiteRunner.java:382)
	at org.testng.SuiteRunner.privateRun(SuiteRunner.java:340)
	at org.testng.SuiteRunner.run(SuiteRunner.java:289)
	at org.testng.SuiteRunnerWorker.runSuite(SuiteRunnerWorker.java:52)
	at org.testng.SuiteRunnerWorker.run(SuiteRunnerWorker.java:86)
	at org.testng.TestNG.runSuitesSequentially(TestNG.java:1293)
	at org.testng.TestNG.runSuitesLocally(TestNG.java:1218)
	at org.testng.TestNG.runSuites(TestNG.java:1133)
	at org.testng.TestNG.run(TestNG.java:1104)
	at org.testng.remote.AbstractRemoteTestNG.run(AbstractRemoteTestNG.java:132)
	at org.testng.remote.RemoteTestNG.initAndRun(RemoteTestNG.java:230)
	at org.testng.remote.RemoteTestNG.main(RemoteTestNG.java:76)
</div></td></tr></table><p class="totop"><a href="#summary">back to summary</a></p><h3 id="m5">com.spring.hibernate.test.AngularAndWebDriverTest#basic_lib_getLocationAbsUrl_gets_url</h3><table class="result"><tr><th>Exception</th></tr><tr><td><div class="stacktrace">org.openqa.selenium.WebDriverException: unknown error: angular is not defined
  (Session info: chrome=56.0.2924.87)
  (Driver info: chromedriver=2.27.440174 (e97a722caafc2d3a8b807ee115bfb307f7d2cfd9),platform=Windows NT 6.1.7601 SP1 x86_64) (WARNING: The server did not provide any stacktrace information)
Command duration or timeout: 10 milliseconds
Build info: version: &apos;unknown&apos;, revision: &apos;86a5d70&apos;, time: &apos;2017-02-16 07:47:51 -0800&apos;
System info: host: &apos;LINMB550&apos;, ip: &apos;10.207.163.101&apos;, os.name: &apos;Windows 7&apos;, os.arch: &apos;amd64&apos;, os.version: &apos;6.1&apos;, java.version: &apos;1.8.0_121&apos;
Driver info: org.openqa.selenium.chrome.ChromeDriver
Capabilities [{applicationCacheEnabled=false, rotatable=false, mobileEmulationEnabled=false, networkConnectionEnabled=false, chrome={chromedriverVersion=2.27.440174 (e97a722caafc2d3a8b807ee115bfb307f7d2cfd9), userDataDir=C:\Users\ankurcha\AppData\Local\Temp\scoped_dir9152_16605}, takesHeapSnapshot=true, pageLoadStrategy=normal, databaseEnabled=false, handlesAlerts=true, hasTouchScreen=false, version=56.0.2924.87, platform=XP, browserConnectionEnabled=false, nativeEvents=true, acceptSslCerts=true, locationContextEnabled=true, webStorageEnabled=true, browserName=chrome, takesScreenshot=true, javascriptEnabled=true, cssSelectorsEnabled=true, unexpectedAlertBehaviour=}]
Session ID: aa924b649118224faa55c86f351d5221
	at sun.reflect.NativeConstructorAccessorImpl.newInstance0(Native Method)
	at sun.reflect.NativeConstructorAccessorImpl.newInstance(NativeConstructorAccessorImpl.java:62)
	at sun.reflect.DelegatingConstructorAccessorImpl.newInstance(DelegatingConstructorAccessorImpl.java:45)
	at java.lang.reflect.Constructor.newInstance(Constructor.java:423)
	at org.openqa.selenium.remote.ErrorHandler.createThrowable(ErrorHandler.java:216)
	at org.openqa.selenium.remote.ErrorHandler.throwIfResponseFailed(ErrorHandler.java:168)
	at org.openqa.selenium.remote.RemoteWebDriver.execute(RemoteWebDriver.java:635)
	at org.openqa.selenium.remote.RemoteWebDriver.executeScript(RemoteWebDriver.java:537)
	at com.spring.hibernate.ngwebdriver.NgWebDriver.getLocationAbsUrl(NgWebDriver.java:90)
	at com.spring.hibernate.test.AngularAndWebDriverTest.basic_lib_getLocationAbsUrl_gets_url(AngularAndWebDriverTest.java:730)
	at sun.reflect.NativeMethodAccessorImpl.invoke0(Native Method)
	at sun.reflect.NativeMethodAccessorImpl.invoke(NativeMethodAccessorImpl.java:62)
	at sun.reflect.DelegatingMethodAccessorImpl.invoke(DelegatingMethodAccessorImpl.java:43)
	at java.lang.reflect.Method.invoke(Method.java:498)
	at org.testng.internal.MethodInvocationHelper.invokeMethod(MethodInvocationHelper.java:104)
	at org.testng.internal.Invoker.invokeMethod(Invoker.java:645)
	at org.testng.internal.Invoker.invokeTestMethod(Invoker.java:851)
	at org.testng.internal.Invoker.invokeTestMethods(Invoker.java:1177)
	at org.testng.internal.TestMethodWorker.invokeTestMethods(TestMethodWorker.java:129)
	at org.testng.internal.TestMethodWorker.run(TestMethodWorker.java:112)
	at org.testng.TestRunner.privateRun(TestRunner.java:756)
	at org.testng.TestRunner.run(TestRunner.java:610)
	at org.testng.SuiteRunner.runTest(SuiteRunner.java:387)
	at org.testng.SuiteRunner.runSequentially(SuiteRunner.java:382)
	at org.testng.SuiteRunner.privateRun(SuiteRunner.java:340)
	at org.testng.SuiteRunner.run(SuiteRunner.java:289)
	at org.testng.SuiteRunnerWorker.runSuite(SuiteRunnerWorker.java:52)
	at org.testng.SuiteRunnerWorker.run(SuiteRunnerWorker.java:86)
	at org.testng.TestNG.runSuitesSequentially(TestNG.java:1293)
	at org.testng.TestNG.runSuitesLocally(TestNG.java:1218)
	at org.testng.TestNG.runSuites(TestNG.java:1133)
	at org.testng.TestNG.run(TestNG.java:1104)
	at org.testng.remote.AbstractRemoteTestNG.run(AbstractRemoteTestNG.java:132)
	at org.testng.remote.RemoteTestNG.initAndRun(RemoteTestNG.java:230)
	at org.testng.remote.RemoteTestNG.main(RemoteTestNG.java:76)
</div></td></tr></table><p class="totop"><a href="#summary">back to summary</a></p><h3 id="m6">com.spring.hibernate.test.AngularAndWebDriverTest#basic_locators_by_repeater_should_find_by_partial_match</h3><table class="result"><tr><th>Exception</th></tr><tr><td><div class="stacktrace">org.seleniumhq.selenium.fluent.FluentExecutionStopped: NoSuchElementException during invocation of: ?.span(repeater(baz in days | filter:&apos;T&apos;).row(0).column(baz.initial))
	at org.seleniumhq.selenium.fluent.Internal$BaseFluentWebDriver.wrapRuntimeException(Internal.java:1009)
	at org.seleniumhq.selenium.fluent.Internal$BaseFluentWebDriver.executeAndWrapReThrowIfNeeded(Internal.java:1037)
	at org.seleniumhq.selenium.fluent.Internal$BaseFluentWebDriver.single(Internal.java:886)
	at org.seleniumhq.selenium.fluent.Internal$BaseFluentWebDriver.span(Internal.java:105)
	at org.seleniumhq.selenium.fluent.FluentWebDriver.span(FluentWebDriver.java:116)
	at com.spring.hibernate.test.AngularAndWebDriverTest.basic_locators_by_repeater_should_find_by_partial_match(AngularAndWebDriverTest.java:594)
	at sun.reflect.NativeMethodAccessorImpl.invoke0(Native Method)
	at sun.reflect.NativeMethodAccessorImpl.invoke(NativeMethodAccessorImpl.java:62)
	at sun.reflect.DelegatingMethodAccessorImpl.invoke(DelegatingMethodAccessorImpl.java:43)
	at java.lang.reflect.Method.invoke(Method.java:498)
	at org.testng.internal.MethodInvocationHelper.invokeMethod(MethodInvocationHelper.java:104)
	at org.testng.internal.Invoker.invokeMethod(Invoker.java:645)
	at org.testng.internal.Invoker.invokeTestMethod(Invoker.java:851)
	at org.testng.internal.Invoker.invokeTestMethods(Invoker.java:1177)
	at org.testng.internal.TestMethodWorker.invokeTestMethods(TestMethodWorker.java:129)
	at org.testng.internal.TestMethodWorker.run(TestMethodWorker.java:112)
	at org.testng.TestRunner.privateRun(TestRunner.java:756)
	at org.testng.TestRunner.run(TestRunner.java:610)
	at org.testng.SuiteRunner.runTest(SuiteRunner.java:387)
	at org.testng.SuiteRunner.runSequentially(SuiteRunner.java:382)
	at org.testng.SuiteRunner.privateRun(SuiteRunner.java:340)
	at org.testng.SuiteRunner.run(SuiteRunner.java:289)
	at org.testng.SuiteRunnerWorker.runSuite(SuiteRunnerWorker.java:52)
	at org.testng.SuiteRunnerWorker.run(SuiteRunnerWorker.java:86)
	at org.testng.TestNG.runSuitesSequentially(TestNG.java:1293)
	at org.testng.TestNG.runSuitesLocally(TestNG.java:1218)
	at org.testng.TestNG.runSuites(TestNG.java:1133)
	at org.testng.TestNG.run(TestNG.java:1104)
	at org.testng.remote.AbstractRemoteTestNG.run(AbstractRemoteTestNG.java:132)
	at org.testng.remote.RemoteTestNG.initAndRun(RemoteTestNG.java:230)
	at org.testng.remote.RemoteTestNG.main(RemoteTestNG.java:76)
Caused by: org.openqa.selenium.NoSuchElementException: repeater(baz in days | filter:&apos;T&apos;).row(0).column(baz.initial) didn&apos;t have any matching elements at this place in the DOM
For documentation on this error, please visit: http://seleniumhq.org/exceptions/no_such_element.html
Build info: version: &apos;unknown&apos;, revision: &apos;86a5d70&apos;, time: &apos;2017-02-16 07:47:51 -0800&apos;
System info: host: &apos;LINMB550&apos;, ip: &apos;10.207.163.101&apos;, os.name: &apos;Windows 7&apos;, os.arch: &apos;amd64&apos;, os.version: &apos;6.1&apos;, java.version: &apos;1.8.0_121&apos;
Driver info: driver.version: FluentWebDriver
	at com.spring.hibernate.ngwebdriver.ByAngular$BaseBy.errorIfNull(ByAngular.java:155)
	at com.spring.hibernate.ngwebdriver.ByAngular$BaseBy.findElement(ByAngular.java:166)
	at com.spring.hibernate.ngwebdriver.ByAngularRepeaterCell.findElement(ByAngularRepeaterCell.java:1)
	at org.openqa.selenium.remote.RemoteWebDriver.findElement(RemoteWebDriver.java:360)
	at org.seleniumhq.selenium.fluent.FluentWebDriver.actualFindElement(FluentWebDriver.java:63)
	at org.seleniumhq.selenium.fluent.FluentWebDriver.findElement(FluentWebDriver.java:53)
	at org.seleniumhq.selenium.fluent.Internal$BaseFluentWebDriver$FindElement.execute(Internal.java:933)
	at org.seleniumhq.selenium.fluent.Internal$BaseFluentWebDriver$FindElement.execute(Internal.java:911)
	at org.seleniumhq.selenium.fluent.internal.Execution.doExecution(Execution.java:39)
	at org.seleniumhq.selenium.fluent.Internal$BaseFluentWebDriver.executeAndWrapReThrowIfNeeded(Internal.java:1031)
	... 29 more
</div></td></tr></table><p class="totop"><a href="#summary">back to summary</a></p><h3 id="m7">com.spring.hibernate.test.AngularAndWebDriverTest#basic_locators_by_repeater_should_find_many_rows_by_partial_match</h3><table class="result"><tr><th>Exception</th></tr><tr><td><div class="stacktrace">org.seleniumhq.selenium.fluent.FluentExecutionStopped: NoSuchElementException during invocation of: ?.spans(repeater(baz in days | filter:&apos;T&apos;).column(baz.initial))
	at org.seleniumhq.selenium.fluent.Internal$BaseFluentWebDriver.wrapRuntimeException(Internal.java:1009)
	at org.seleniumhq.selenium.fluent.Internal$BaseFluentWebDriver.executeAndWrapReThrowIfNeeded(Internal.java:1037)
	at org.seleniumhq.selenium.fluent.Internal$BaseFluentWebDriver.multiple(Internal.java:956)
	at org.seleniumhq.selenium.fluent.Internal$BaseFluentWebDriver.spans(Internal.java:114)
	at org.seleniumhq.selenium.fluent.FluentWebDriver.spans(FluentWebDriver.java:126)
	at com.spring.hibernate.test.AngularAndWebDriverTest.basic_locators_by_repeater_should_find_many_rows_by_partial_match(AngularAndWebDriverTest.java:618)
	at sun.reflect.NativeMethodAccessorImpl.invoke0(Native Method)
	at sun.reflect.NativeMethodAccessorImpl.invoke(NativeMethodAccessorImpl.java:62)
	at sun.reflect.DelegatingMethodAccessorImpl.invoke(DelegatingMethodAccessorImpl.java:43)
	at java.lang.reflect.Method.invoke(Method.java:498)
	at org.testng.internal.MethodInvocationHelper.invokeMethod(MethodInvocationHelper.java:104)
	at org.testng.internal.Invoker.invokeMethod(Invoker.java:645)
	at org.testng.internal.Invoker.invokeTestMethod(Invoker.java:851)
	at org.testng.internal.Invoker.invokeTestMethods(Invoker.java:1177)
	at org.testng.internal.TestMethodWorker.invokeTestMethods(TestMethodWorker.java:129)
	at org.testng.internal.TestMethodWorker.run(TestMethodWorker.java:112)
	at org.testng.TestRunner.privateRun(TestRunner.java:756)
	at org.testng.TestRunner.run(TestRunner.java:610)
	at org.testng.SuiteRunner.runTest(SuiteRunner.java:387)
	at org.testng.SuiteRunner.runSequentially(SuiteRunner.java:382)
	at org.testng.SuiteRunner.privateRun(SuiteRunner.java:340)
	at org.testng.SuiteRunner.run(SuiteRunner.java:289)
	at org.testng.SuiteRunnerWorker.runSuite(SuiteRunnerWorker.java:52)
	at org.testng.SuiteRunnerWorker.run(SuiteRunnerWorker.java:86)
	at org.testng.TestNG.runSuitesSequentially(TestNG.java:1293)
	at org.testng.TestNG.runSuitesLocally(TestNG.java:1218)
	at org.testng.TestNG.runSuites(TestNG.java:1133)
	at org.testng.TestNG.run(TestNG.java:1104)
	at org.testng.remote.AbstractRemoteTestNG.run(AbstractRemoteTestNG.java:132)
	at org.testng.remote.RemoteTestNG.initAndRun(RemoteTestNG.java:230)
	at org.testng.remote.RemoteTestNG.main(RemoteTestNG.java:76)
Caused by: org.openqa.selenium.NoSuchElementException: repeater(baz in days | filter:&apos;T&apos;).column(baz.initial) didn&apos;t have any matching elements at this place in the DOM
For documentation on this error, please visit: http://seleniumhq.org/exceptions/no_such_element.html
Build info: version: &apos;unknown&apos;, revision: &apos;86a5d70&apos;, time: &apos;2017-02-16 07:47:51 -0800&apos;
System info: host: &apos;LINMB550&apos;, ip: &apos;10.207.163.101&apos;, os.name: &apos;Windows 7&apos;, os.arch: &apos;amd64&apos;, os.version: &apos;6.1&apos;, java.version: &apos;1.8.0_121&apos;
Driver info: driver.version: FluentWebDriver
	at com.spring.hibernate.ngwebdriver.ByAngular$BaseBy.errorIfNull(ByAngular.java:155)
	at com.spring.hibernate.ngwebdriver.ByAngular$BaseBy.findElements(ByAngular.java:177)
	at com.spring.hibernate.ngwebdriver.ByAngularRepeaterColumn.findElements(ByAngularRepeaterColumn.java:1)
	at org.openqa.selenium.remote.RemoteWebDriver.findElements(RemoteWebDriver.java:356)
	at org.seleniumhq.selenium.fluent.FluentWebDriver.actualFindElements(FluentWebDriver.java:68)
	at org.seleniumhq.selenium.fluent.FluentWebDriver.findElements(FluentWebDriver.java:58)
	at org.seleniumhq.selenium.fluent.Internal$BaseFluentWebDriver$FindElements.execute(Internal.java:992)
	at org.seleniumhq.selenium.fluent.Internal$BaseFluentWebDriver$FindElements.execute(Internal.java:980)
	at org.seleniumhq.selenium.fluent.internal.Execution.doExecution(Execution.java:39)
	at org.seleniumhq.selenium.fluent.Internal$BaseFluentWebDriver.executeAndWrapReThrowIfNeeded(Internal.java:1031)
	... 29 more
</div></td></tr></table><p class="totop"><a href="#summary">back to summary</a></p><h3 id="m8">com.spring.hibernate.test.AngularAndWebDriverTest#basic_locators_by_repeater_should_find_many_rows_by_partial_match2</h3><table class="result"><tr><th>Exception</th></tr><tr><td><div class="stacktrace">org.seleniumhq.selenium.fluent.FluentExecutionStopped: NoSuchElementException during invocation of: ?.lis(repeater(baz in days | filter:&apos;T&apos;))
	at org.seleniumhq.selenium.fluent.Internal$BaseFluentWebDriver.wrapRuntimeException(Internal.java:1009)
	at org.seleniumhq.selenium.fluent.Internal$BaseFluentWebDriver.executeAndWrapReThrowIfNeeded(Internal.java:1037)
	at org.seleniumhq.selenium.fluent.Internal$BaseFluentWebDriver.multiple(Internal.java:956)
	at org.seleniumhq.selenium.fluent.Internal$BaseFluentWebDriver.lis(Internal.java:815)
	at org.seleniumhq.selenium.fluent.FluentWebDriver.lis(FluentWebDriver.java:903)
	at com.spring.hibernate.test.AngularAndWebDriverTest.basic_locators_by_repeater_should_find_many_rows_by_partial_match2(AngularAndWebDriverTest.java:675)
	at sun.reflect.NativeMethodAccessorImpl.invoke0(Native Method)
	at sun.reflect.NativeMethodAccessorImpl.invoke(NativeMethodAccessorImpl.java:62)
	at sun.reflect.DelegatingMethodAccessorImpl.invoke(DelegatingMethodAccessorImpl.java:43)
	at java.lang.reflect.Method.invoke(Method.java:498)
	at org.testng.internal.MethodInvocationHelper.invokeMethod(MethodInvocationHelper.java:104)
	at org.testng.internal.Invoker.invokeMethod(Invoker.java:645)
	at org.testng.internal.Invoker.invokeTestMethod(Invoker.java:851)
	at org.testng.internal.Invoker.invokeTestMethods(Invoker.java:1177)
	at org.testng.internal.TestMethodWorker.invokeTestMethods(TestMethodWorker.java:129)
	at org.testng.internal.TestMethodWorker.run(TestMethodWorker.java:112)
	at org.testng.TestRunner.privateRun(TestRunner.java:756)
	at org.testng.TestRunner.run(TestRunner.java:610)
	at org.testng.SuiteRunner.runTest(SuiteRunner.java:387)
	at org.testng.SuiteRunner.runSequentially(SuiteRunner.java:382)
	at org.testng.SuiteRunner.privateRun(SuiteRunner.java:340)
	at org.testng.SuiteRunner.run(SuiteRunner.java:289)
	at org.testng.SuiteRunnerWorker.runSuite(SuiteRunnerWorker.java:52)
	at org.testng.SuiteRunnerWorker.run(SuiteRunnerWorker.java:86)
	at org.testng.TestNG.runSuitesSequentially(TestNG.java:1293)
	at org.testng.TestNG.runSuitesLocally(TestNG.java:1218)
	at org.testng.TestNG.runSuites(TestNG.java:1133)
	at org.testng.TestNG.run(TestNG.java:1104)
	at org.testng.remote.AbstractRemoteTestNG.run(AbstractRemoteTestNG.java:132)
	at org.testng.remote.RemoteTestNG.initAndRun(RemoteTestNG.java:230)
	at org.testng.remote.RemoteTestNG.main(RemoteTestNG.java:76)
Caused by: org.openqa.selenium.NoSuchElementException: repeater(baz in days | filter:&apos;T&apos;) didn&apos;t have any matching elements at this place in the DOM
For documentation on this error, please visit: http://seleniumhq.org/exceptions/no_such_element.html
Build info: version: &apos;unknown&apos;, revision: &apos;86a5d70&apos;, time: &apos;2017-02-16 07:47:51 -0800&apos;
System info: host: &apos;LINMB550&apos;, ip: &apos;10.207.163.101&apos;, os.name: &apos;Windows 7&apos;, os.arch: &apos;amd64&apos;, os.version: &apos;6.1&apos;, java.version: &apos;1.8.0_121&apos;
Driver info: driver.version: FluentWebDriver
	at com.spring.hibernate.ngwebdriver.ByAngular$BaseBy.errorIfNull(ByAngular.java:155)
	at com.spring.hibernate.ngwebdriver.ByAngular$BaseBy.findElements(ByAngular.java:177)
	at com.spring.hibernate.ngwebdriver.ByAngularRepeater.findElements(ByAngularRepeater.java:1)
	at org.openqa.selenium.remote.RemoteWebDriver.findElements(RemoteWebDriver.java:356)
	at org.seleniumhq.selenium.fluent.FluentWebDriver.actualFindElements(FluentWebDriver.java:68)
	at org.seleniumhq.selenium.fluent.FluentWebDriver.findElements(FluentWebDriver.java:58)
	at org.seleniumhq.selenium.fluent.Internal$BaseFluentWebDriver$FindElements.execute(Internal.java:992)
	at org.seleniumhq.selenium.fluent.Internal$BaseFluentWebDriver$FindElements.execute(Internal.java:980)
	at org.seleniumhq.selenium.fluent.internal.Execution.doExecution(Execution.java:39)
	at org.seleniumhq.selenium.fluent.Internal$BaseFluentWebDriver.executeAndWrapReThrowIfNeeded(Internal.java:1031)
	... 29 more
</div></td></tr></table><p class="totop"><a href="#summary">back to summary</a></p><h3 id="m9">com.spring.hibernate.test.AngularAndWebDriverTest#basic_locators_by_repeater_should_find_one_row_by_partial_match</h3><table class="result"><tr><th>Exception</th></tr><tr><td><div class="stacktrace">org.seleniumhq.selenium.fluent.FluentExecutionStopped: NoSuchElementException during invocation of: ?.li(repeater(baz in days | filter:&apos;T&apos;).row(0))
	at org.seleniumhq.selenium.fluent.Internal$BaseFluentWebDriver.wrapRuntimeException(Internal.java:1009)
	at org.seleniumhq.selenium.fluent.Internal$BaseFluentWebDriver.executeAndWrapReThrowIfNeeded(Internal.java:1037)
	at org.seleniumhq.selenium.fluent.Internal$BaseFluentWebDriver.single(Internal.java:886)
	at org.seleniumhq.selenium.fluent.Internal$BaseFluentWebDriver.li(Internal.java:806)
	at org.seleniumhq.selenium.fluent.FluentWebDriver.li(FluentWebDriver.java:893)
	at com.spring.hibernate.test.AngularAndWebDriverTest.basic_locators_by_repeater_should_find_one_row_by_partial_match(AngularAndWebDriverTest.java:649)
	at sun.reflect.NativeMethodAccessorImpl.invoke0(Native Method)
	at sun.reflect.NativeMethodAccessorImpl.invoke(NativeMethodAccessorImpl.java:62)
	at sun.reflect.DelegatingMethodAccessorImpl.invoke(DelegatingMethodAccessorImpl.java:43)
	at java.lang.reflect.Method.invoke(Method.java:498)
	at org.testng.internal.MethodInvocationHelper.invokeMethod(MethodInvocationHelper.java:104)
	at org.testng.internal.Invoker.invokeMethod(Invoker.java:645)
	at org.testng.internal.Invoker.invokeTestMethod(Invoker.java:851)
	at org.testng.internal.Invoker.invokeTestMethods(Invoker.java:1177)
	at org.testng.internal.TestMethodWorker.invokeTestMethods(TestMethodWorker.java:129)
	at org.testng.internal.TestMethodWorker.run(TestMethodWorker.java:112)
	at org.testng.TestRunner.privateRun(TestRunner.java:756)
	at org.testng.TestRunner.run(TestRunner.java:610)
	at org.testng.SuiteRunner.runTest(SuiteRunner.java:387)
	at org.testng.SuiteRunner.runSequentially(SuiteRunner.java:382)
	at org.testng.SuiteRunner.privateRun(SuiteRunner.java:340)
	at org.testng.SuiteRunner.run(SuiteRunner.java:289)
	at org.testng.SuiteRunnerWorker.runSuite(SuiteRunnerWorker.java:52)
	at org.testng.SuiteRunnerWorker.run(SuiteRunnerWorker.java:86)
	at org.testng.TestNG.runSuitesSequentially(TestNG.java:1293)
	at org.testng.TestNG.runSuitesLocally(TestNG.java:1218)
	at org.testng.TestNG.runSuites(TestNG.java:1133)
	at org.testng.TestNG.run(TestNG.java:1104)
	at org.testng.remote.AbstractRemoteTestNG.run(AbstractRemoteTestNG.java:132)
	at org.testng.remote.RemoteTestNG.initAndRun(RemoteTestNG.java:230)
	at org.testng.remote.RemoteTestNG.main(RemoteTestNG.java:76)
Caused by: org.openqa.selenium.NoSuchElementException: repeater(baz in days | filter:&apos;T&apos;).row(0) didn&apos;t have any matching elements at this place in the DOM
For documentation on this error, please visit: http://seleniumhq.org/exceptions/no_such_element.html
Build info: version: &apos;unknown&apos;, revision: &apos;86a5d70&apos;, time: &apos;2017-02-16 07:47:51 -0800&apos;
System info: host: &apos;LINMB550&apos;, ip: &apos;10.207.163.101&apos;, os.name: &apos;Windows 7&apos;, os.arch: &apos;amd64&apos;, os.version: &apos;6.1&apos;, java.version: &apos;1.8.0_121&apos;
Driver info: driver.version: FluentWebDriver
	at com.spring.hibernate.ngwebdriver.ByAngular$BaseBy.errorIfNull(ByAngular.java:155)
	at com.spring.hibernate.ngwebdriver.ByAngular$BaseBy.findElement(ByAngular.java:166)
	at com.spring.hibernate.ngwebdriver.ByAngularRepeaterRow.findElement(ByAngularRepeaterRow.java:1)
	at org.openqa.selenium.remote.RemoteWebDriver.findElement(RemoteWebDriver.java:360)
	at org.seleniumhq.selenium.fluent.FluentWebDriver.actualFindElement(FluentWebDriver.java:63)
	at org.seleniumhq.selenium.fluent.FluentWebDriver.findElement(FluentWebDriver.java:53)
	at org.seleniumhq.selenium.fluent.Internal$BaseFluentWebDriver$FindElement.execute(Internal.java:933)
	at org.seleniumhq.selenium.fluent.Internal$BaseFluentWebDriver$FindElement.execute(Internal.java:911)
	at org.seleniumhq.selenium.fluent.internal.Execution.doExecution(Execution.java:39)
	at org.seleniumhq.selenium.fluent.Internal$BaseFluentWebDriver.executeAndWrapReThrowIfNeeded(Internal.java:1031)
	... 29 more
</div></td></tr></table><p class="totop"><a href="#summary">back to summary</a></p><h3 id="m10">com.spring.hibernate.test.AngularAndWebDriverTest#basic_locators_by_repeater_should_find_single_rows_by_partial_match</h3><table class="result"><tr><th>Exception</th></tr><tr><td><div class="stacktrace">org.seleniumhq.selenium.fluent.FluentExecutionStopped: NoSuchElementException during invocation of: ?.li(repeater(baz in days | filter:&apos;T&apos;))
	at org.seleniumhq.selenium.fluent.Internal$BaseFluentWebDriver.wrapRuntimeException(Internal.java:1009)
	at org.seleniumhq.selenium.fluent.Internal$BaseFluentWebDriver.executeAndWrapReThrowIfNeeded(Internal.java:1037)
	at org.seleniumhq.selenium.fluent.Internal$BaseFluentWebDriver.single(Internal.java:886)
	at org.seleniumhq.selenium.fluent.Internal$BaseFluentWebDriver.li(Internal.java:806)
	at org.seleniumhq.selenium.fluent.FluentWebDriver.li(FluentWebDriver.java:893)
	at com.spring.hibernate.test.AngularAndWebDriverTest.basic_locators_by_repeater_should_find_single_rows_by_partial_match(AngularAndWebDriverTest.java:706)
	at sun.reflect.NativeMethodAccessorImpl.invoke0(Native Method)
	at sun.reflect.NativeMethodAccessorImpl.invoke(NativeMethodAccessorImpl.java:62)
	at sun.reflect.DelegatingMethodAccessorImpl.invoke(DelegatingMethodAccessorImpl.java:43)
	at java.lang.reflect.Method.invoke(Method.java:498)
	at org.testng.internal.MethodInvocationHelper.invokeMethod(MethodInvocationHelper.java:104)
	at org.testng.internal.Invoker.invokeMethod(Invoker.java:645)
	at org.testng.internal.Invoker.invokeTestMethod(Invoker.java:851)
	at org.testng.internal.Invoker.invokeTestMethods(Invoker.java:1177)
	at org.testng.internal.TestMethodWorker.invokeTestMethods(TestMethodWorker.java:129)
	at org.testng.internal.TestMethodWorker.run(TestMethodWorker.java:112)
	at org.testng.TestRunner.privateRun(TestRunner.java:756)
	at org.testng.TestRunner.run(TestRunner.java:610)
	at org.testng.SuiteRunner.runTest(SuiteRunner.java:387)
	at org.testng.SuiteRunner.runSequentially(SuiteRunner.java:382)
	at org.testng.SuiteRunner.privateRun(SuiteRunner.java:340)
	at org.testng.SuiteRunner.run(SuiteRunner.java:289)
	at org.testng.SuiteRunnerWorker.runSuite(SuiteRunnerWorker.java:52)
	at org.testng.SuiteRunnerWorker.run(SuiteRunnerWorker.java:86)
	at org.testng.TestNG.runSuitesSequentially(TestNG.java:1293)
	at org.testng.TestNG.runSuitesLocally(TestNG.java:1218)
	at org.testng.TestNG.runSuites(TestNG.java:1133)
	at org.testng.TestNG.run(TestNG.java:1104)
	at org.testng.remote.AbstractRemoteTestNG.run(AbstractRemoteTestNG.java:132)
	at org.testng.remote.RemoteTestNG.initAndRun(RemoteTestNG.java:230)
	at org.testng.remote.RemoteTestNG.main(RemoteTestNG.java:76)
Caused by: org.openqa.selenium.NoSuchElementException: repeater(baz in days | filter:&apos;T&apos;) didn&apos;t have any matching elements at this place in the DOM
For documentation on this error, please visit: http://seleniumhq.org/exceptions/no_such_element.html
Build info: version: &apos;unknown&apos;, revision: &apos;86a5d70&apos;, time: &apos;2017-02-16 07:47:51 -0800&apos;
System info: host: &apos;LINMB550&apos;, ip: &apos;10.207.163.101&apos;, os.name: &apos;Windows 7&apos;, os.arch: &apos;amd64&apos;, os.version: &apos;6.1&apos;, java.version: &apos;1.8.0_121&apos;
Driver info: driver.version: FluentWebDriver
	at com.spring.hibernate.ngwebdriver.ByAngular$BaseBy.errorIfNull(ByAngular.java:155)
	at com.spring.hibernate.ngwebdriver.ByAngular$BaseBy.findElement(ByAngular.java:166)
	at com.spring.hibernate.ngwebdriver.ByAngularRepeater.findElement(ByAngularRepeater.java:1)
	at org.openqa.selenium.remote.RemoteWebDriver.findElement(RemoteWebDriver.java:360)
	at org.seleniumhq.selenium.fluent.FluentWebDriver.actualFindElement(FluentWebDriver.java:63)
	at org.seleniumhq.selenium.fluent.FluentWebDriver.findElement(FluentWebDriver.java:53)
	at org.seleniumhq.selenium.fluent.Internal$BaseFluentWebDriver$FindElement.execute(Internal.java:933)
	at org.seleniumhq.selenium.fluent.Internal$BaseFluentWebDriver$FindElement.execute(Internal.java:911)
	at org.seleniumhq.selenium.fluent.internal.Execution.doExecution(Execution.java:39)
	at org.seleniumhq.selenium.fluent.Internal$BaseFluentWebDriver.executeAndWrapReThrowIfNeeded(Internal.java:1031)
	... 29 more
</div></td></tr></table><p class="totop"><a href="#summary">back to summary</a></p><h3 id="m11">com.spring.hibernate.test.AngularAndWebDriverTest#findElement_should_barf_when_element_not_in_the_dom</h3><table class="result"></table><p class="totop"><a href="#summary">back to summary</a></p><h3 id="m12">com.spring.hibernate.test.AngularAndWebDriverTest#findElement_should_barf_with_message_for_bad_repeater</h3><table class="result"></table><p class="totop"><a href="#summary">back to summary</a></p><h3 id="m13">com.spring.hibernate.test.AngularAndWebDriverTest#findElement_should_barf_with_message_for_bad_repeater_and_row</h3><table class="result"></table><p class="totop"><a href="#summary">back to summary</a></p><h3 id="m14">com.spring.hibernate.test.AngularAndWebDriverTest#findElement_should_barf_with_message_for_bad_repeater_and_row_and_column</h3><table class="result"></table><p class="totop"><a href="#summary">back to summary</a></p><h3 id="m15">com.spring.hibernate.test.AngularAndWebDriverTest#findElements_should_barf_with_message_for_any_repeater_and_row2</h3><table class="result"></table><p class="totop"><a href="#summary">back to summary</a></p><h3 id="m16">com.spring.hibernate.test.AngularAndWebDriverTest#findElements_should_barf_with_message_for_any_repeater_and_row_and_column</h3><table class="result"></table><p class="totop"><a href="#summary">back to summary</a></p><h3 id="m17">com.spring.hibernate.test.AngularAndWebDriverTest#findElements_should_barf_with_message_for_bad_repeater_and_column</h3><table class="result"></table><p class="totop"><a href="#summary">back to summary</a></p><h3 id="m18">com.spring.hibernate.test.AngularAndWebDriverTest#find_all_for_an_angular_binding</h3><table class="result"></table><p class="totop"><a href="#summary">back to summary</a></p><h3 id="m19">com.spring.hibernate.test.AngularAndWebDriverTest#find_all_for_an_angular_options</h3><table class="result"></table><p class="totop"><a href="#summary">back to summary</a></p><h3 id="m20">com.spring.hibernate.test.AngularAndWebDriverTest#find_by_angular_binding</h3><table class="result"></table><p class="totop"><a href="#summary">back to summary</a></p><h3 id="m21">com.spring.hibernate.test.AngularAndWebDriverTest#find_by_angular_buttonText</h3><table class="result"></table><p class="totop"><a href="#summary">back to summary</a></p><h3 id="m22">com.spring.hibernate.test.AngularAndWebDriverTest#find_by_angular_cssContainingText</h3><table class="result"></table><p class="totop"><a href="#summary">back to summary</a></p><h3 id="m23">com.spring.hibernate.test.AngularAndWebDriverTest#find_by_angular_model</h3><table class="result"></table><p class="totop"><a href="#summary">back to summary</a></p><h3 id="m24">com.spring.hibernate.test.AngularAndWebDriverTest#find_by_angular_partialButtonText</h3><table class="result"></table><p class="totop"><a href="#summary">back to summary</a></p><h3 id="m25">com.spring.hibernate.test.AngularAndWebDriverTest#find_multiple_hits_for_ng_repeat_and_subset_to_first_matching_predicate_for_fluent_selenium_example</h3><table class="result"></table><p class="totop"><a href="#summary">back to summary</a></p><h3 id="m26">com.spring.hibernate.test.AngularAndWebDriverTest#find_multiple_hits_for_ng_repeat_in_page</h3><table class="result"></table><p class="totop"><a href="#summary">back to summary</a></p><h3 id="m27">com.spring.hibernate.test.AngularAndWebDriverTest#find_second_row_in_ng_repeat</h3><table class="result"></table><p class="totop"><a href="#summary">back to summary</a></p><h3 id="m28">com.spring.hibernate.test.AngularAndWebDriverTest#model_mutation_and_query_is_possible</h3><table class="result"></table><p class="totop"><a href="#summary">back to summary</a></p><h3 id="m29">com.spring.hibernate.test.AngularAndWebDriverTest#stress_test</h3><table class="result"></table><p class="totop"><a href="#summary">back to summary</a></p></body></html>