<!DOCTYPE html>

<html>
  <head>
  <meta charset='utf-8'>
  <title>TestNG reports</title>

    <link type="text/css" href="testng-reports.css" rel="stylesheet" />  
    <script type="text/javascript" src="jquery-1.7.1.min.js"></script>
    <script type="text/javascript" src="testng-reports.js"></script>
    <script type="text/javascript" src="https://www.google.com/jsapi"></script>
    <script type='text/javascript'>
      google.load('visualization', '1', {packages:['table']});
      google.setOnLoadCallback(drawTable);
      var suiteTableInitFunctions = new Array();
      var suiteTableData = new Array();
    </script>
    <!--
      <script type="text/javascript" src="jquery-ui/js/jquery-ui-1.8.16.custom.min.js"></script>
     -->
  </head>

  <body>
    <div class="top-banner-root">
      <span class="top-banner-title-font">Test results</span>
      <br/>
      <span class="top-banner-font-1">1 suite, 11 failed tests</span>
    </div> <!-- top-banner-root -->
    <div class="navigator-root">
      <div class="navigator-suite-header">
        <span>All suites</span>
        <a href="#" class="collapse-all-link" title="Collapse/expand all the suites">
          <img class="collapse-all-icon" src="collapseall.gif">
          </img> <!-- collapse-all-icon -->
        </a> <!-- collapse-all-link -->
      </div> <!-- navigator-suite-header -->
      <div class="suite">
        <div class="rounded-window">
          <div class="suite-header light-rounded-window-top">
            <a href="#" class="navigator-link" panel-name="suite-Default_suite">
              <span class="suite-name border-failed">Default suite</span>
            </a> <!-- navigator-link -->
          </div> <!-- suite-header light-rounded-window-top -->
          <div class="navigator-suite-content">
            <div class="suite-section-title">
              <span>Info</span>
            </div> <!-- suite-section-title -->
            <div class="suite-section-content">
              <ul>
                <li>
                  <a href="#" class="navigator-link " panel-name="test-xml-Default_suite">
                    <span>C:\Users\ankurcha\AppData\Local\Temp\testng-eclipse--838617556\testng-customsuite.xml</span>
                  </a> <!-- navigator-link  -->
                </li>
                <li>
                  <a href="#" class="navigator-link " panel-name="testlist-Default_suite">
                    <span class="test-stats">1 test</span>
                  </a> <!-- navigator-link  -->
                </li>
                <li>
                  <a href="#" class="navigator-link " panel-name="group-Default_suite">
                    <span>0 groups</span>
                  </a> <!-- navigator-link  -->
                </li>
                <li>
                  <a href="#" class="navigator-link " panel-name="times-Default_suite">
                    <span>Times</span>
                  </a> <!-- navigator-link  -->
                </li>
                <li>
                  <a href="#" class="navigator-link " panel-name="reporter-Default_suite">
                    <span>Reporter output</span>
                  </a> <!-- navigator-link  -->
                </li>
                <li>
                  <a href="#" class="navigator-link " panel-name="ignored-methods-Default_suite">
                    <span>Ignored methods</span>
                  </a> <!-- navigator-link  -->
                </li>
                <li>
                  <a href="#" class="navigator-link " panel-name="chronological-Default_suite">
                    <span>Chronological view</span>
                  </a> <!-- navigator-link  -->
                </li>
              </ul>
            </div> <!-- suite-section-content -->
            <div class="result-section">
              <div class="suite-section-title">
                <span>Results</span>
              </div> <!-- suite-section-title -->
              <div class="suite-section-content">
                <ul>
                  <li>
                    <span class="method-stats">30 methods, 11 failed,   19 passed</span>
                  </li>
                  <li>
                    <span class="method-list-title failed">Failed methods</span>
                    <span class="show-or-hide-methods failed">
                      <a href="#" panel-name="suite-Default_suite" class="hide-methods failed suite-Default_suite"> (hide)</a> <!-- hide-methods failed suite-Default_suite -->
                      <a href="#" panel-name="suite-Default_suite" class="show-methods failed suite-Default_suite"> (show)</a> <!-- show-methods failed suite-Default_suite -->
                    </span>
                    <div class="method-list-content failed suite-Default_suite">
                      <span>
                        <img width="3%" src="failed.png"/>
                        <a href="#" class="method navigator-link" panel-name="suite-Default_suite" title="com.spring.hibernate.test.AngularAndWebDriverTest" hash-for-method="altRoot_find_elements">altRoot_find_elements</a> <!-- method navigator-link -->
                      </span>
                      <br/>
                      <span>
                        <img width="3%" src="failed.png"/>
                        <a href="#" class="method navigator-link" panel-name="suite-Default_suite" title="com.spring.hibernate.test.AngularAndWebDriverTest" hash-for-method="basic_actions">basic_actions</a> <!-- method navigator-link -->
                      </span>
                      <br/>
                      <span>
                        <img width="3%" src="failed.png"/>
                        <a href="#" class="method navigator-link" panel-name="suite-Default_suite" title="com.spring.hibernate.test.AngularAndWebDriverTest" hash-for-method="basic_elements_chained_call_should_wait_to_grab_the_WebElement_until_a_method_is_called">basic_elements_chained_call_should_wait_to_grab_the_WebElement_until_a_method_is_called</a> <!-- method navigator-link -->
                      </span>
                      <br/>
                      <span>
                        <img width="3%" src="failed.png"/>
                        <a href="#" class="method navigator-link" panel-name="suite-Default_suite" title="com.spring.hibernate.test.AngularAndWebDriverTest" hash-for-method="basic_elements_should_allow_using_repeater_locator_within_map">basic_elements_should_allow_using_repeater_locator_within_map</a> <!-- method navigator-link -->
                      </span>
                      <br/>
                      <span>
                        <img width="3%" src="failed.png"/>
                        <a href="#" class="method navigator-link" panel-name="suite-Default_suite" title="com.spring.hibernate.test.AngularAndWebDriverTest" hash-for-method="basic_elements_should_chain_with_index_correctly">basic_elements_should_chain_with_index_correctly</a> <!-- method navigator-link -->
                      </span>
                      <br/>
                      <span>
                        <img width="3%" src="failed.png"/>
                        <a href="#" class="method navigator-link" panel-name="suite-Default_suite" title="com.spring.hibernate.test.AngularAndWebDriverTest" hash-for-method="basic_lib_getLocationAbsUrl_gets_url">basic_lib_getLocationAbsUrl_gets_url</a> <!-- method navigator-link -->
                      </span>
                      <br/>
                      <span>
                        <img width="3%" src="failed.png"/>
                        <a href="#" class="method navigator-link" panel-name="suite-Default_suite" title="com.spring.hibernate.test.AngularAndWebDriverTest" hash-for-method="basic_locators_by_repeater_should_find_by_partial_match">basic_locators_by_repeater_should_find_by_partial_match</a> <!-- method navigator-link -->
                      </span>
                      <br/>
                      <span>
                        <img width="3%" src="failed.png"/>
                        <a href="#" class="method navigator-link" panel-name="suite-Default_suite" title="com.spring.hibernate.test.AngularAndWebDriverTest" hash-for-method="basic_locators_by_repeater_should_find_many_rows_by_partial_match">basic_locators_by_repeater_should_find_many_rows_by_partial_match</a> <!-- method navigator-link -->
                      </span>
                      <br/>
                      <span>
                        <img width="3%" src="failed.png"/>
                        <a href="#" class="method navigator-link" panel-name="suite-Default_suite" title="com.spring.hibernate.test.AngularAndWebDriverTest" hash-for-method="basic_locators_by_repeater_should_find_many_rows_by_partial_match2">basic_locators_by_repeater_should_find_many_rows_by_partial_match2</a> <!-- method navigator-link -->
                      </span>
                      <br/>
                      <span>
                        <img width="3%" src="failed.png"/>
                        <a href="#" class="method navigator-link" panel-name="suite-Default_suite" title="com.spring.hibernate.test.AngularAndWebDriverTest" hash-for-method="basic_locators_by_repeater_should_find_one_row_by_partial_match">basic_locators_by_repeater_should_find_one_row_by_partial_match</a> <!-- method navigator-link -->
                      </span>
                      <br/>
                      <span>
                        <img width="3%" src="failed.png"/>
                        <a href="#" class="method navigator-link" panel-name="suite-Default_suite" title="com.spring.hibernate.test.AngularAndWebDriverTest" hash-for-method="basic_locators_by_repeater_should_find_single_rows_by_partial_match">basic_locators_by_repeater_should_find_single_rows_by_partial_match</a> <!-- method navigator-link -->
                      </span>
                      <br/>
                    </div> <!-- method-list-content failed suite-Default_suite -->
                  </li>
                  <li>
                    <span class="method-list-title passed">Passed methods</span>
                    <span class="show-or-hide-methods passed">
                      <a href="#" panel-name="suite-Default_suite" class="hide-methods passed suite-Default_suite"> (hide)</a> <!-- hide-methods passed suite-Default_suite -->
                      <a href="#" panel-name="suite-Default_suite" class="show-methods passed suite-Default_suite"> (show)</a> <!-- show-methods passed suite-Default_suite -->
                    </span>
                    <div class="method-list-content passed suite-Default_suite">
                      <span>
                        <img width="3%" src="passed.png"/>
                        <a href="#" class="method navigator-link" panel-name="suite-Default_suite" title="com.spring.hibernate.test.AngularAndWebDriverTest" hash-for-method="findElement_should_barf_when_element_not_in_the_dom">findElement_should_barf_when_element_not_in_the_dom</a> <!-- method navigator-link -->
                      </span>
                      <br/>
                      <span>
                        <img width="3%" src="passed.png"/>
                        <a href="#" class="method navigator-link" panel-name="suite-Default_suite" title="com.spring.hibernate.test.AngularAndWebDriverTest" hash-for-method="findElement_should_barf_with_message_for_bad_repeater">findElement_should_barf_with_message_for_bad_repeater</a> <!-- method navigator-link -->
                      </span>
                      <br/>
                      <span>
                        <img width="3%" src="passed.png"/>
                        <a href="#" class="method navigator-link" panel-name="suite-Default_suite" title="com.spring.hibernate.test.AngularAndWebDriverTest" hash-for-method="findElement_should_barf_with_message_for_bad_repeater_and_row">findElement_should_barf_with_message_for_bad_repeater_and_row</a> <!-- method navigator-link -->
                      </span>
                      <br/>
                      <span>
                        <img width="3%" src="passed.png"/>
                        <a href="#" class="method navigator-link" panel-name="suite-Default_suite" title="com.spring.hibernate.test.AngularAndWebDriverTest" hash-for-method="findElement_should_barf_with_message_for_bad_repeater_and_row_and_column">findElement_should_barf_with_message_for_bad_repeater_and_row_and_column</a> <!-- method navigator-link -->
                      </span>
                      <br/>
                      <span>
                        <img width="3%" src="passed.png"/>
                        <a href="#" class="method navigator-link" panel-name="suite-Default_suite" title="com.spring.hibernate.test.AngularAndWebDriverTest" hash-for-method="findElements_should_barf_with_message_for_any_repeater_and_row2">findElements_should_barf_with_message_for_any_repeater_and_row2</a> <!-- method navigator-link -->
                      </span>
                      <br/>
                      <span>
                        <img width="3%" src="passed.png"/>
                        <a href="#" class="method navigator-link" panel-name="suite-Default_suite" title="com.spring.hibernate.test.AngularAndWebDriverTest" hash-for-method="findElements_should_barf_with_message_for_any_repeater_and_row_and_column">findElements_should_barf_with_message_for_any_repeater_and_row_and_column</a> <!-- method navigator-link -->
                      </span>
                      <br/>
                      <span>
                        <img width="3%" src="passed.png"/>
                        <a href="#" class="method navigator-link" panel-name="suite-Default_suite" title="com.spring.hibernate.test.AngularAndWebDriverTest" hash-for-method="findElements_should_barf_with_message_for_bad_repeater_and_column">findElements_should_barf_with_message_for_bad_repeater_and_column</a> <!-- method navigator-link -->
                      </span>
                      <br/>
                      <span>
                        <img width="3%" src="passed.png"/>
                        <a href="#" class="method navigator-link" panel-name="suite-Default_suite" title="com.spring.hibernate.test.AngularAndWebDriverTest" hash-for-method="find_all_for_an_angular_binding">find_all_for_an_angular_binding</a> <!-- method navigator-link -->
                      </span>
                      <br/>
                      <span>
                        <img width="3%" src="passed.png"/>
                        <a href="#" class="method navigator-link" panel-name="suite-Default_suite" title="com.spring.hibernate.test.AngularAndWebDriverTest" hash-for-method="find_all_for_an_angular_options">find_all_for_an_angular_options</a> <!-- method navigator-link -->
                      </span>
                      <br/>
                      <span>
                        <img width="3%" src="passed.png"/>
                        <a href="#" class="method navigator-link" panel-name="suite-Default_suite" title="com.spring.hibernate.test.AngularAndWebDriverTest" hash-for-method="find_by_angular_binding">find_by_angular_binding</a> <!-- method navigator-link -->
                      </span>
                      <br/>
                      <span>
                        <img width="3%" src="passed.png"/>
                        <a href="#" class="method navigator-link" panel-name="suite-Default_suite" title="com.spring.hibernate.test.AngularAndWebDriverTest" hash-for-method="find_by_angular_buttonText">find_by_angular_buttonText</a> <!-- method navigator-link -->
                      </span>
                      <br/>
                      <span>
                        <img width="3%" src="passed.png"/>
                        <a href="#" class="method navigator-link" panel-name="suite-Default_suite" title="com.spring.hibernate.test.AngularAndWebDriverTest" hash-for-method="find_by_angular_cssContainingText">find_by_angular_cssContainingText</a> <!-- method navigator-link -->
                      </span>
                      <br/>
                      <span>
                        <img width="3%" src="passed.png"/>
                        <a href="#" class="method navigator-link" panel-name="suite-Default_suite" title="com.spring.hibernate.test.AngularAndWebDriverTest" hash-for-method="find_by_angular_model">find_by_angular_model</a> <!-- method navigator-link -->
                      </span>
                      <br/>
                      <span>
                        <img width="3%" src="passed.png"/>
                        <a href="#" class="method navigator-link" panel-name="suite-Default_suite" title="com.spring.hibernate.test.AngularAndWebDriverTest" hash-for-method="find_by_angular_partialButtonText">find_by_angular_partialButtonText</a> <!-- method navigator-link -->
                      </span>
                      <br/>
                      <span>
                        <img width="3%" src="passed.png"/>
                        <a href="#" class="method navigator-link" panel-name="suite-Default_suite" title="com.spring.hibernate.test.AngularAndWebDriverTest" hash-for-method="find_multiple_hits_for_ng_repeat_and_subset_to_first_matching_predicate_for_fluent_selenium_example">find_multiple_hits_for_ng_repeat_and_subset_to_first_matching_predicate_for_fluent_selenium_example</a> <!-- method navigator-link -->
                      </span>
                      <br/>
                      <span>
                        <img width="3%" src="passed.png"/>
                        <a href="#" class="method navigator-link" panel-name="suite-Default_suite" title="com.spring.hibernate.test.AngularAndWebDriverTest" hash-for-method="find_multiple_hits_for_ng_repeat_in_page">find_multiple_hits_for_ng_repeat_in_page</a> <!-- method navigator-link -->
                      </span>
                      <br/>
                      <span>
                        <img width="3%" src="passed.png"/>
                        <a href="#" class="method navigator-link" panel-name="suite-Default_suite" title="com.spring.hibernate.test.AngularAndWebDriverTest" hash-for-method="find_second_row_in_ng_repeat">find_second_row_in_ng_repeat</a> <!-- method navigator-link -->
                      </span>
                      <br/>
                      <span>
                        <img width="3%" src="passed.png"/>
                        <a href="#" class="method navigator-link" panel-name="suite-Default_suite" title="com.spring.hibernate.test.AngularAndWebDriverTest" hash-for-method="model_mutation_and_query_is_possible">model_mutation_and_query_is_possible</a> <!-- method navigator-link -->
                      </span>
                      <br/>
                      <span>
                        <img width="3%" src="passed.png"/>
                        <a href="#" class="method navigator-link" panel-name="suite-Default_suite" title="com.spring.hibernate.test.AngularAndWebDriverTest" hash-for-method="stress_test">stress_test</a> <!-- method navigator-link -->
                      </span>
                      <br/>
                    </div> <!-- method-list-content passed suite-Default_suite -->
                  </li>
                </ul>
              </div> <!-- suite-section-content -->
            </div> <!-- result-section -->
          </div> <!-- navigator-suite-content -->
        </div> <!-- rounded-window -->
      </div> <!-- suite -->
    </div> <!-- navigator-root -->
    <div class="wrapper">
      <div class="main-panel-root">
        <div panel-name="suite-Default_suite" class="panel Default_suite">
          <div class="suite-Default_suite-class-failed">
            <div class="main-panel-header rounded-window-top">
              <img src="failed.png"/>
              <span class="class-name">com.spring.hibernate.test.AngularAndWebDriverTest</span>
            </div> <!-- main-panel-header rounded-window-top -->
            <div class="main-panel-content rounded-window-bottom">
              <div class="method">
                <div class="method-content">
                  <a name="altRoot_find_elements">
                  </a> <!-- altRoot_find_elements -->
                  <span class="method-name">altRoot_find_elements</span>
                  <div class="stack-trace">org.seleniumhq.selenium.fluent.FluentExecutionStopped: WebDriverException during invocation of: ?.span(bindings({{greeting}}))
	at org.seleniumhq.selenium.fluent.Internal$BaseFluentWebDriver.wrapRuntimeException(Internal.java:1009)
	at org.seleniumhq.selenium.fluent.Internal$BaseFluentWebDriver.executeAndWrapReThrowIfNeeded(Internal.java:1037)
	at org.seleniumhq.selenium.fluent.Internal$BaseFluentWebDriver.single(Internal.java:886)
	at org.seleniumhq.selenium.fluent.Internal$BaseFluentWebDriver.span(Internal.java:105)
	at org.seleniumhq.selenium.fluent.FluentWebDriver.span(FluentWebDriver.java:116)
	at com.spring.hibernate.test.AngularAndWebDriverTest.altRoot_find_elements(AngularAndWebDriverTest.java:493)
	at sun.reflect.NativeMethodAccessorImpl.invoke0(Native Method)
	at sun.reflect.NativeMethodAccessorImpl.invoke(NativeMethodAccessorImpl.java:62)
	at sun.reflect.DelegatingMethodAccessorImpl.invoke(DelegatingMethodAccessorImpl.java:43)
	at java.lang.reflect.Method.invoke(Method.java:498)
	at org.testng.internal.MethodInvocationHelper.invokeMethod(MethodInvocationHelper.java:104)
	at org.testng.internal.Invoker.invokeMethod(Invoker.java:645)
	at org.testng.internal.Invoker.invokeTestMethod(Invoker.java:851)
	at org.testng.internal.Invoker.invokeTestMethods(Invoker.java:1177)
	at org.testng.internal.TestMethodWorker.invokeTestMethods(TestMethodWorker.java:129)
	at org.testng.internal.TestMethodWorker.run(TestMethodWorker.java:112)
	at org.testng.TestRunner.privateRun(TestRunner.java:756)
	at org.testng.TestRunner.run(TestRunner.java:610)
	at org.testng.SuiteRunner.runTest(SuiteRunner.java:387)
	at org.testng.SuiteRunner.runSequentially(SuiteRunner.java:382)
	at org.testng.SuiteRunner.privateRun(SuiteRunner.java:340)
	at org.testng.SuiteRunner.run(SuiteRunner.java:289)
	at org.testng.SuiteRunnerWorker.runSuite(SuiteRunnerWorker.java:52)
	at org.testng.SuiteRunnerWorker.run(SuiteRunnerWorker.java:86)
	at org.testng.TestNG.runSuitesSequentially(TestNG.java:1293)
	at org.testng.TestNG.runSuitesLocally(TestNG.java:1218)
	at org.testng.TestNG.runSuites(TestNG.java:1133)
	at org.testng.TestNG.run(TestNG.java:1104)
	at org.testng.remote.AbstractRemoteTestNG.run(AbstractRemoteTestNG.java:132)
	at org.testng.remote.RemoteTestNG.initAndRun(RemoteTestNG.java:230)
	at org.testng.remote.RemoteTestNG.main(RemoteTestNG.java:76)
Caused by: org.openqa.selenium.WebDriverException: unknown error: angular is not defined
  (Session info: chrome=56.0.2924.87)
  (Driver info: chromedriver=2.27.440174 (e97a722caafc2d3a8b807ee115bfb307f7d2cfd9),platform=Windows NT 6.1.7601 SP1 x86_64) (WARNING: The server did not provide any stacktrace information)
Command duration or timeout: 118 milliseconds
Build info: version: &apos;unknown&apos;, revision: &apos;86a5d70&apos;, time: &apos;2017-02-16 07:47:51 -0800&apos;
System info: host: &apos;LINMB550&apos;, ip: &apos;10.207.163.101&apos;, os.name: &apos;Windows 7&apos;, os.arch: &apos;amd64&apos;, os.version: &apos;6.1&apos;, java.version: &apos;1.8.0_121&apos;
Driver info: org.openqa.selenium.chrome.ChromeDriver
Capabilities [{applicationCacheEnabled=false, rotatable=false, mobileEmulationEnabled=false, networkConnectionEnabled=false, chrome={chromedriverVersion=2.27.440174 (e97a722caafc2d3a8b807ee115bfb307f7d2cfd9), userDataDir=C:\Users\ankurcha\AppData\Local\Temp\scoped_dir9152_16605}, takesHeapSnapshot=true, pageLoadStrategy=normal, databaseEnabled=false, handlesAlerts=true, hasTouchScreen=false, version=56.0.2924.87, platform=XP, browserConnectionEnabled=false, nativeEvents=true, acceptSslCerts=true, locationContextEnabled=true, webStorageEnabled=true, browserName=chrome, takesScreenshot=true, javascriptEnabled=true, cssSelectorsEnabled=true, unexpectedAlertBehaviour=}]
Session ID: aa924b649118224faa55c86f351d5221
	at sun.reflect.NativeConstructorAccessorImpl.newInstance0(Native Method)
	at sun.reflect.NativeConstructorAccessorImpl.newInstance(NativeConstructorAccessorImpl.java:62)
	at sun.reflect.DelegatingConstructorAccessorImpl.newInstance(DelegatingConstructorAccessorImpl.java:45)
	at java.lang.reflect.Constructor.newInstance(Constructor.java:423)
	at org.openqa.selenium.remote.ErrorHandler.createThrowable(ErrorHandler.java:216)
	at org.openqa.selenium.remote.ErrorHandler.throwIfResponseFailed(ErrorHandler.java:168)
	at org.openqa.selenium.remote.RemoteWebDriver.execute(RemoteWebDriver.java:635)
	at org.openqa.selenium.remote.RemoteWebDriver.executeScript(RemoteWebDriver.java:537)
	at com.spring.hibernate.ngwebdriver.ByAngularBinding.getObject(ByAngularBinding.java:16)
	at com.spring.hibernate.ngwebdriver.ByAngular$BaseBy.findElement(ByAngular.java:166)
	at com.spring.hibernate.ngwebdriver.ByAngularBinding.findElement(ByAngularBinding.java:1)
	at org.openqa.selenium.remote.RemoteWebDriver.findElement(RemoteWebDriver.java:360)
	at org.seleniumhq.selenium.fluent.FluentWebDriver.actualFindElement(FluentWebDriver.java:63)
	at org.seleniumhq.selenium.fluent.FluentWebDriver.findElement(FluentWebDriver.java:53)
	at org.seleniumhq.selenium.fluent.Internal$BaseFluentWebDriver$FindElement.execute(Internal.java:933)
	at org.seleniumhq.selenium.fluent.Internal$BaseFluentWebDriver$FindElement.execute(Internal.java:911)
	at org.seleniumhq.selenium.fluent.internal.Execution.doExecution(Execution.java:39)
	at org.seleniumhq.selenium.fluent.Internal$BaseFluentWebDriver.executeAndWrapReThrowIfNeeded(Internal.java:1031)
	... 29 more

</div> <!-- stack-trace -->
                </div> <!-- method-content -->
              </div> <!-- method -->
              <div class="method">
                <div class="method-content">
                  <a name="basic_actions">
                  </a> <!-- basic_actions -->
                  <span class="method-name">basic_actions</span>
                  <div class="stack-trace">org.seleniumhq.selenium.fluent.FluentExecutionStopped: NoSuchElementException during invocation of: ?.input(By.name: points)
	at org.seleniumhq.selenium.fluent.Internal$BaseFluentWebDriver.wrapRuntimeException(Internal.java:1009)
	at org.seleniumhq.selenium.fluent.Internal$BaseFluentWebDriver.executeAndWrapReThrowIfNeeded(Internal.java:1037)
	at org.seleniumhq.selenium.fluent.Internal$BaseFluentWebDriver.single(Internal.java:886)
	at org.seleniumhq.selenium.fluent.Internal$BaseFluentWebDriver.input(Internal.java:177)
	at org.seleniumhq.selenium.fluent.FluentWebDriver.input(FluentWebDriver.java:196)
	at com.spring.hibernate.test.AngularAndWebDriverTest.basic_actions(AngularAndWebDriverTest.java:509)
	at sun.reflect.NativeMethodAccessorImpl.invoke0(Native Method)
	at sun.reflect.NativeMethodAccessorImpl.invoke(NativeMethodAccessorImpl.java:62)
	at sun.reflect.DelegatingMethodAccessorImpl.invoke(DelegatingMethodAccessorImpl.java:43)
	at java.lang.reflect.Method.invoke(Method.java:498)
	at org.testng.internal.MethodInvocationHelper.invokeMethod(MethodInvocationHelper.java:104)
	at org.testng.internal.Invoker.invokeMethod(Invoker.java:645)
	at org.testng.internal.Invoker.invokeTestMethod(Invoker.java:851)
	at org.testng.internal.Invoker.invokeTestMethods(Invoker.java:1177)
	at org.testng.internal.TestMethodWorker.invokeTestMethods(TestMethodWorker.java:129)
	at org.testng.internal.TestMethodWorker.run(TestMethodWorker.java:112)
	at org.testng.TestRunner.privateRun(TestRunner.java:756)
	at org.testng.TestRunner.run(TestRunner.java:610)
	at org.testng.SuiteRunner.runTest(SuiteRunner.java:387)
	at org.testng.SuiteRunner.runSequentially(SuiteRunner.java:382)
	at org.testng.SuiteRunner.privateRun(SuiteRunner.java:340)
	at org.testng.SuiteRunner.run(SuiteRunner.java:289)
	at org.testng.SuiteRunnerWorker.runSuite(SuiteRunnerWorker.java:52)
	at org.testng.SuiteRunnerWorker.run(SuiteRunnerWorker.java:86)
	at org.testng.TestNG.runSuitesSequentially(TestNG.java:1293)
	at org.testng.TestNG.runSuitesLocally(TestNG.java:1218)
	at org.testng.TestNG.runSuites(TestNG.java:1133)
	at org.testng.TestNG.run(TestNG.java:1104)
	at org.testng.remote.AbstractRemoteTestNG.run(AbstractRemoteTestNG.java:132)
	at org.testng.remote.RemoteTestNG.initAndRun(RemoteTestNG.java:230)
	at org.testng.remote.RemoteTestNG.main(RemoteTestNG.java:76)
Caused by: org.openqa.selenium.NoSuchElementException: no such element: Unable to locate element: {&quot;method&quot;:&quot;name&quot;,&quot;selector&quot;:&quot;points&quot;}
  (Session info: chrome=56.0.2924.87)
  (Driver info: chromedriver=2.27.440174 (e97a722caafc2d3a8b807ee115bfb307f7d2cfd9),platform=Windows NT 6.1.7601 SP1 x86_64) (WARNING: The server did not provide any stacktrace information)
Command duration or timeout: 48 milliseconds
For documentation on this error, please visit: http://seleniumhq.org/exceptions/no_such_element.html
Build info: version: &apos;unknown&apos;, revision: &apos;86a5d70&apos;, time: &apos;2017-02-16 07:47:51 -0800&apos;
System info: host: &apos;LINMB550&apos;, ip: &apos;10.207.163.101&apos;, os.name: &apos;Windows 7&apos;, os.arch: &apos;amd64&apos;, os.version: &apos;6.1&apos;, java.version: &apos;1.8.0_121&apos;
Driver info: org.openqa.selenium.chrome.ChromeDriver
Capabilities [{applicationCacheEnabled=false, rotatable=false, mobileEmulationEnabled=false, networkConnectionEnabled=false, chrome={chromedriverVersion=2.27.440174 (e97a722caafc2d3a8b807ee115bfb307f7d2cfd9), userDataDir=C:\Users\ankurcha\AppData\Local\Temp\scoped_dir9152_16605}, takesHeapSnapshot=true, pageLoadStrategy=normal, databaseEnabled=false, handlesAlerts=true, hasTouchScreen=false, version=56.0.2924.87, platform=XP, browserConnectionEnabled=false, nativeEvents=true, acceptSslCerts=true, locationContextEnabled=true, webStorageEnabled=true, browserName=chrome, takesScreenshot=true, javascriptEnabled=true, cssSelectorsEnabled=true, unexpectedAlertBehaviour=}]
Session ID: aa924b649118224faa55c86f351d5221
*** Element info: {Using=name, value=points}
	at sun.reflect.NativeConstructorAccessorImpl.newInstance0(Native Method)
	at sun.reflect.NativeConstructorAccessorImpl.newInstance(NativeConstructorAccessorImpl.java:62)
	at sun.reflect.DelegatingConstructorAccessorImpl.newInstance(DelegatingConstructorAccessorImpl.java:45)
	at java.lang.reflect.Constructor.newInstance(Constructor.java:423)
	at org.openqa.selenium.remote.ErrorHandler.createThrowable(ErrorHandler.java:216)
	at org.openqa.selenium.remote.ErrorHandler.throwIfResponseFailed(ErrorHandler.java:168)
	at org.openqa.selenium.remote.RemoteWebDriver.execute(RemoteWebDriver.java:635)
	at org.openqa.selenium.remote.RemoteWebDriver.findElement(RemoteWebDriver.java:368)
	at org.openqa.selenium.remote.RemoteWebDriver.findElementByName(RemoteWebDriver.java:449)
	at org.openqa.selenium.By$ByName.findElement(By.java:303)
	at org.openqa.selenium.remote.RemoteWebDriver.findElement(RemoteWebDriver.java:360)
	at org.seleniumhq.selenium.fluent.FluentWebDriver.actualFindElement(FluentWebDriver.java:63)
	at org.seleniumhq.selenium.fluent.FluentWebDriver.findElement(FluentWebDriver.java:53)
	at org.seleniumhq.selenium.fluent.Internal$BaseFluentWebDriver$FindElement.execute(Internal.java:933)
	at org.seleniumhq.selenium.fluent.Internal$BaseFluentWebDriver$FindElement.execute(Internal.java:911)
	at org.seleniumhq.selenium.fluent.internal.Execution.doExecution(Execution.java:39)
	at org.seleniumhq.selenium.fluent.Internal$BaseFluentWebDriver.executeAndWrapReThrowIfNeeded(Internal.java:1031)
	... 29 more

</div> <!-- stack-trace -->
                </div> <!-- method-content -->
              </div> <!-- method -->
              <div class="method">
                <div class="method-content">
                  <a name="basic_elements_chained_call_should_wait_to_grab_the_WebElement_until_a_method_is_called">
                  </a> <!-- basic_elements_chained_call_should_wait_to_grab_the_WebElement_until_a_method_is_called -->
                  <span class="method-name">basic_elements_chained_call_should_wait_to_grab_the_WebElement_until_a_method_is_called</span>
                  <div class="stack-trace">org.seleniumhq.selenium.fluent.FluentExecutionStopped: NoSuchElementException during invocation of: ?.div(By.id: baz)
	at org.seleniumhq.selenium.fluent.Internal$BaseFluentWebDriver.wrapRuntimeException(Internal.java:1009)
	at org.seleniumhq.selenium.fluent.Internal$BaseFluentWebDriver.executeAndWrapReThrowIfNeeded(Internal.java:1037)
	at org.seleniumhq.selenium.fluent.Internal$BaseFluentWebDriver.single(Internal.java:886)
	at org.seleniumhq.selenium.fluent.Internal$BaseFluentWebDriver.div(Internal.java:123)
	at org.seleniumhq.selenium.fluent.FluentWebDriver.div(FluentWebDriver.java:136)
	at com.spring.hibernate.test.AngularAndWebDriverTest.basic_elements_chained_call_should_wait_to_grab_the_WebElement_until_a_method_is_called(AngularAndWebDriverTest.java:549)
	at sun.reflect.NativeMethodAccessorImpl.invoke0(Native Method)
	at sun.reflect.NativeMethodAccessorImpl.invoke(NativeMethodAccessorImpl.java:62)
	at sun.reflect.DelegatingMethodAccessorImpl.invoke(DelegatingMethodAccessorImpl.java:43)
	at java.lang.reflect.Method.invoke(Method.java:498)
	at org.testng.internal.MethodInvocationHelper.invokeMethod(MethodInvocationHelper.java:104)
	at org.testng.internal.Invoker.invokeMethod(Invoker.java:645)
	at org.testng.internal.Invoker.invokeTestMethod(Invoker.java:851)
	at org.testng.internal.Invoker.invokeTestMethods(Invoker.java:1177)
	at org.testng.internal.TestMethodWorker.invokeTestMethods(TestMethodWorker.java:129)
	at org.testng.internal.TestMethodWorker.run(TestMethodWorker.java:112)
	at org.testng.TestRunner.privateRun(TestRunner.java:756)
	at org.testng.TestRunner.run(TestRunner.java:610)
	at org.testng.SuiteRunner.runTest(SuiteRunner.java:387)
	at org.testng.SuiteRunner.runSequentially(SuiteRunner.java:382)
	at org.testng.SuiteRunner.privateRun(SuiteRunner.java:340)
	at org.testng.SuiteRunner.run(SuiteRunner.java:289)
	at org.testng.SuiteRunnerWorker.runSuite(SuiteRunnerWorker.java:52)
	at org.testng.SuiteRunnerWorker.run(SuiteRunnerWorker.java:86)
	at org.testng.TestNG.runSuitesSequentially(TestNG.java:1293)
	at org.testng.TestNG.runSuitesLocally(TestNG.java:1218)
	at org.testng.TestNG.runSuites(TestNG.java:1133)
	at org.testng.TestNG.run(TestNG.java:1104)
	at org.testng.remote.AbstractRemoteTestNG.run(AbstractRemoteTestNG.java:132)
	at org.testng.remote.RemoteTestNG.initAndRun(RemoteTestNG.java:230)
	at org.testng.remote.RemoteTestNG.main(RemoteTestNG.java:76)
Caused by: org.openqa.selenium.NoSuchElementException: no such element: Unable to locate element: {&quot;method&quot;:&quot;id&quot;,&quot;selector&quot;:&quot;baz&quot;}
  (Session info: chrome=56.0.2924.87)
  (Driver info: chromedriver=2.27.440174 (e97a722caafc2d3a8b807ee115bfb307f7d2cfd9),platform=Windows NT 6.1.7601 SP1 x86_64) (WARNING: The server did not provide any stacktrace information)
Command duration or timeout: 51 milliseconds
For documentation on this error, please visit: http://seleniumhq.org/exceptions/no_such_element.html
Build info: version: &apos;unknown&apos;, revision: &apos;86a5d70&apos;, time: &apos;2017-02-16 07:47:51 -0800&apos;
System info: host: &apos;LINMB550&apos;, ip: &apos;10.207.163.101&apos;, os.name: &apos;Windows 7&apos;, os.arch: &apos;amd64&apos;, os.version: &apos;6.1&apos;, java.version: &apos;1.8.0_121&apos;
Driver info: org.openqa.selenium.chrome.ChromeDriver
Capabilities [{applicationCacheEnabled=false, rotatable=false, mobileEmulationEnabled=false, networkConnectionEnabled=false, chrome={chromedriverVersion=2.27.440174 (e97a722caafc2d3a8b807ee115bfb307f7d2cfd9), userDataDir=C:\Users\ankurcha\AppData\Local\Temp\scoped_dir9152_16605}, takesHeapSnapshot=true, pageLoadStrategy=normal, databaseEnabled=false, handlesAlerts=true, hasTouchScreen=false, version=56.0.2924.87, platform=XP, browserConnectionEnabled=false, nativeEvents=true, acceptSslCerts=true, locationContextEnabled=true, webStorageEnabled=true, browserName=chrome, takesScreenshot=true, javascriptEnabled=true, cssSelectorsEnabled=true, unexpectedAlertBehaviour=}]
Session ID: aa924b649118224faa55c86f351d5221
*** Element info: {Using=id, value=baz}
	at sun.reflect.NativeConstructorAccessorImpl.newInstance0(Native Method)
	at sun.reflect.NativeConstructorAccessorImpl.newInstance(NativeConstructorAccessorImpl.java:62)
	at sun.reflect.DelegatingConstructorAccessorImpl.newInstance(DelegatingConstructorAccessorImpl.java:45)
	at java.lang.reflect.Constructor.newInstance(Constructor.java:423)
	at org.openqa.selenium.remote.ErrorHandler.createThrowable(ErrorHandler.java:216)
	at org.openqa.selenium.remote.ErrorHandler.throwIfResponseFailed(ErrorHandler.java:168)
	at org.openqa.selenium.remote.RemoteWebDriver.execute(RemoteWebDriver.java:635)
	at org.openqa.selenium.remote.RemoteWebDriver.findElement(RemoteWebDriver.java:368)
	at org.openqa.selenium.remote.RemoteWebDriver.findElementById(RemoteWebDriver.java:417)
	at org.openqa.selenium.By$ById.findElement(By.java:218)
	at org.openqa.selenium.remote.RemoteWebDriver.findElement(RemoteWebDriver.java:360)
	at org.seleniumhq.selenium.fluent.FluentWebDriver.actualFindElement(FluentWebDriver.java:63)
	at org.seleniumhq.selenium.fluent.FluentWebDriver.findElement(FluentWebDriver.java:53)
	at org.seleniumhq.selenium.fluent.Internal$BaseFluentWebDriver$FindElement.execute(Internal.java:933)
	at org.seleniumhq.selenium.fluent.Internal$BaseFluentWebDriver$FindElement.execute(Internal.java:911)
	at org.seleniumhq.selenium.fluent.internal.Execution.doExecution(Execution.java:39)
	at org.seleniumhq.selenium.fluent.Internal$BaseFluentWebDriver.executeAndWrapReThrowIfNeeded(Internal.java:1031)
	... 29 more

</div> <!-- stack-trace -->
                </div> <!-- method-content -->
              </div> <!-- method -->
              <div class="method">
                <div class="method-content">
                  <a name="basic_elements_should_allow_using_repeater_locator_within_map">
                  </a> <!-- basic_elements_should_allow_using_repeater_locator_within_map -->
                  <span class="method-name">basic_elements_should_allow_using_repeater_locator_within_map</span>
                  <div class="stack-trace">org.seleniumhq.selenium.fluent.FluentExecutionStopped: NoSuchElementException during invocation of: ?.lis(repeater(allinfo in days))
	at org.seleniumhq.selenium.fluent.Internal$BaseFluentWebDriver.wrapRuntimeException(Internal.java:1009)
	at org.seleniumhq.selenium.fluent.Internal$BaseFluentWebDriver.executeAndWrapReThrowIfNeeded(Internal.java:1037)
	at org.seleniumhq.selenium.fluent.Internal$BaseFluentWebDriver.multiple(Internal.java:956)
	at org.seleniumhq.selenium.fluent.Internal$BaseFluentWebDriver.lis(Internal.java:815)
	at org.seleniumhq.selenium.fluent.FluentWebDriver.lis(FluentWebDriver.java:903)
	at com.spring.hibernate.test.AngularAndWebDriverTest.basic_elements_should_allow_using_repeater_locator_within_map(AngularAndWebDriverTest.java:573)
	at sun.reflect.NativeMethodAccessorImpl.invoke0(Native Method)
	at sun.reflect.NativeMethodAccessorImpl.invoke(NativeMethodAccessorImpl.java:62)
	at sun.reflect.DelegatingMethodAccessorImpl.invoke(DelegatingMethodAccessorImpl.java:43)
	at java.lang.reflect.Method.invoke(Method.java:498)
	at org.testng.internal.MethodInvocationHelper.invokeMethod(MethodInvocationHelper.java:104)
	at org.testng.internal.Invoker.invokeMethod(Invoker.java:645)
	at org.testng.internal.Invoker.invokeTestMethod(Invoker.java:851)
	at org.testng.internal.Invoker.invokeTestMethods(Invoker.java:1177)
	at org.testng.internal.TestMethodWorker.invokeTestMethods(TestMethodWorker.java:129)
	at org.testng.internal.TestMethodWorker.run(TestMethodWorker.java:112)
	at org.testng.TestRunner.privateRun(TestRunner.java:756)
	at org.testng.TestRunner.run(TestRunner.java:610)
	at org.testng.SuiteRunner.runTest(SuiteRunner.java:387)
	at org.testng.SuiteRunner.runSequentially(SuiteRunner.java:382)
	at org.testng.SuiteRunner.privateRun(SuiteRunner.java:340)
	at org.testng.SuiteRunner.run(SuiteRunner.java:289)
	at org.testng.SuiteRunnerWorker.runSuite(SuiteRunnerWorker.java:52)
	at org.testng.SuiteRunnerWorker.run(SuiteRunnerWorker.java:86)
	at org.testng.TestNG.runSuitesSequentially(TestNG.java:1293)
	at org.testng.TestNG.runSuitesLocally(TestNG.java:1218)
	at org.testng.TestNG.runSuites(TestNG.java:1133)
	at org.testng.TestNG.run(TestNG.java:1104)
	at org.testng.remote.AbstractRemoteTestNG.run(AbstractRemoteTestNG.java:132)
	at org.testng.remote.RemoteTestNG.initAndRun(RemoteTestNG.java:230)
	at org.testng.remote.RemoteTestNG.main(RemoteTestNG.java:76)
Caused by: org.openqa.selenium.NoSuchElementException: repeater(allinfo in days) didn&apos;t have any matching elements at this place in the DOM
For documentation on this error, please visit: http://seleniumhq.org/exceptions/no_such_element.html
Build info: version: &apos;unknown&apos;, revision: &apos;86a5d70&apos;, time: &apos;2017-02-16 07:47:51 -0800&apos;
System info: host: &apos;LINMB550&apos;, ip: &apos;10.207.163.101&apos;, os.name: &apos;Windows 7&apos;, os.arch: &apos;amd64&apos;, os.version: &apos;6.1&apos;, java.version: &apos;1.8.0_121&apos;
Driver info: driver.version: FluentWebDriver
	at com.spring.hibernate.ngwebdriver.ByAngular$BaseBy.errorIfNull(ByAngular.java:155)
	at com.spring.hibernate.ngwebdriver.ByAngular$BaseBy.findElements(ByAngular.java:177)
	at com.spring.hibernate.ngwebdriver.ByAngularRepeater.findElements(ByAngularRepeater.java:1)
	at org.openqa.selenium.remote.RemoteWebDriver.findElements(RemoteWebDriver.java:356)
	at org.seleniumhq.selenium.fluent.FluentWebDriver.actualFindElements(FluentWebDriver.java:68)
	at org.seleniumhq.selenium.fluent.FluentWebDriver.findElements(FluentWebDriver.java:58)
	at org.seleniumhq.selenium.fluent.Internal$BaseFluentWebDriver$FindElements.execute(Internal.java:992)
	at org.seleniumhq.selenium.fluent.Internal$BaseFluentWebDriver$FindElements.execute(Internal.java:980)
	at org.seleniumhq.selenium.fluent.internal.Execution.doExecution(Execution.java:39)
	at org.seleniumhq.selenium.fluent.Internal$BaseFluentWebDriver.executeAndWrapReThrowIfNeeded(Internal.java:1031)
	... 29 more

</div> <!-- stack-trace -->
                </div> <!-- method-content -->
              </div> <!-- method -->
              <div class="method">
                <div class="method-content">
                  <a name="basic_elements_should_chain_with_index_correctly">
                  </a> <!-- basic_elements_should_chain_with_index_correctly -->
                  <span class="method-name">basic_elements_should_chain_with_index_correctly</span>
                  <div class="stack-trace">org.seleniumhq.selenium.fluent.FluentExecutionStopped$BecauseNothingMatchesInFilter: Nothing matched filter, during invocation of: ?.inputs(By.cssSelector: #checkboxes input).last(com.spring.hibernate.test.AngularAndWebDriverTest$IsIndex2Or3@15f47664)
	at org.seleniumhq.selenium.fluent.Internal$BaseFluentWebDriver.wrapRuntimeException(Internal.java:1007)
	at org.seleniumhq.selenium.fluent.Internal$BaseFluentWebDriver.executeAndWrapReThrowIfNeeded(Internal.java:1037)
	at org.seleniumhq.selenium.fluent.FluentWebElements.executeAndWrapReThrowIfNeeded(FluentWebElements.java:53)
	at org.seleniumhq.selenium.fluent.FluentWebElements.last(FluentWebElements.java:162)
	at com.spring.hibernate.test.AngularAndWebDriverTest.basic_elements_should_chain_with_index_correctly(AngularAndWebDriverTest.java:527)
	at sun.reflect.NativeMethodAccessorImpl.invoke0(Native Method)
	at sun.reflect.NativeMethodAccessorImpl.invoke(NativeMethodAccessorImpl.java:62)
	at sun.reflect.DelegatingMethodAccessorImpl.invoke(DelegatingMethodAccessorImpl.java:43)
	at java.lang.reflect.Method.invoke(Method.java:498)
	at org.testng.internal.MethodInvocationHelper.invokeMethod(MethodInvocationHelper.java:104)
	at org.testng.internal.Invoker.invokeMethod(Invoker.java:645)
	at org.testng.internal.Invoker.invokeTestMethod(Invoker.java:851)
	at org.testng.internal.Invoker.invokeTestMethods(Invoker.java:1177)
	at org.testng.internal.TestMethodWorker.invokeTestMethods(TestMethodWorker.java:129)
	at org.testng.internal.TestMethodWorker.run(TestMethodWorker.java:112)
	at org.testng.TestRunner.privateRun(TestRunner.java:756)
	at org.testng.TestRunner.run(TestRunner.java:610)
	at org.testng.SuiteRunner.runTest(SuiteRunner.java:387)
	at org.testng.SuiteRunner.runSequentially(SuiteRunner.java:382)
	at org.testng.SuiteRunner.privateRun(SuiteRunner.java:340)
	at org.testng.SuiteRunner.run(SuiteRunner.java:289)
	at org.testng.SuiteRunnerWorker.runSuite(SuiteRunnerWorker.java:52)
	at org.testng.SuiteRunnerWorker.run(SuiteRunnerWorker.java:86)
	at org.testng.TestNG.runSuitesSequentially(TestNG.java:1293)
	at org.testng.TestNG.runSuitesLocally(TestNG.java:1218)
	at org.testng.TestNG.runSuites(TestNG.java:1133)
	at org.testng.TestNG.run(TestNG.java:1104)
	at org.testng.remote.AbstractRemoteTestNG.run(AbstractRemoteTestNG.java:132)
	at org.testng.remote.RemoteTestNG.initAndRun(RemoteTestNG.java:230)
	at org.testng.remote.RemoteTestNG.main(RemoteTestNG.java:76)

</div> <!-- stack-trace -->
                </div> <!-- method-content -->
              </div> <!-- method -->
              <div class="method">
                <div class="method-content">
                  <a name="basic_lib_getLocationAbsUrl_gets_url">
                  </a> <!-- basic_lib_getLocationAbsUrl_gets_url -->
                  <span class="method-name">basic_lib_getLocationAbsUrl_gets_url</span>
                  <div class="stack-trace">org.openqa.selenium.WebDriverException: unknown error: angular is not defined
  (Session info: chrome=56.0.2924.87)
  (Driver info: chromedriver=2.27.440174 (e97a722caafc2d3a8b807ee115bfb307f7d2cfd9),platform=Windows NT 6.1.7601 SP1 x86_64) (WARNING: The server did not provide any stacktrace information)
Command duration or timeout: 10 milliseconds
Build info: version: &apos;unknown&apos;, revision: &apos;86a5d70&apos;, time: &apos;2017-02-16 07:47:51 -0800&apos;
System info: host: &apos;LINMB550&apos;, ip: &apos;10.207.163.101&apos;, os.name: &apos;Windows 7&apos;, os.arch: &apos;amd64&apos;, os.version: &apos;6.1&apos;, java.version: &apos;1.8.0_121&apos;
Driver info: org.openqa.selenium.chrome.ChromeDriver
Capabilities [{applicationCacheEnabled=false, rotatable=false, mobileEmulationEnabled=false, networkConnectionEnabled=false, chrome={chromedriverVersion=2.27.440174 (e97a722caafc2d3a8b807ee115bfb307f7d2cfd9), userDataDir=C:\Users\ankurcha\AppData\Local\Temp\scoped_dir9152_16605}, takesHeapSnapshot=true, pageLoadStrategy=normal, databaseEnabled=false, handlesAlerts=true, hasTouchScreen=false, version=56.0.2924.87, platform=XP, browserConnectionEnabled=false, nativeEvents=true, acceptSslCerts=true, locationContextEnabled=true, webStorageEnabled=true, browserName=chrome, takesScreenshot=true, javascriptEnabled=true, cssSelectorsEnabled=true, unexpectedAlertBehaviour=}]
Session ID: aa924b649118224faa55c86f351d5221
	at sun.reflect.NativeConstructorAccessorImpl.newInstance0(Native Method)
	at sun.reflect.NativeConstructorAccessorImpl.newInstance(NativeConstructorAccessorImpl.java:62)
	at sun.reflect.DelegatingConstructorAccessorImpl.newInstance(DelegatingConstructorAccessorImpl.java:45)
	at java.lang.reflect.Constructor.newInstance(Constructor.java:423)
	at org.openqa.selenium.remote.ErrorHandler.createThrowable(ErrorHandler.java:216)
	at org.openqa.selenium.remote.ErrorHandler.throwIfResponseFailed(ErrorHandler.java:168)
	at org.openqa.selenium.remote.RemoteWebDriver.execute(RemoteWebDriver.java:635)
	at org.openqa.selenium.remote.RemoteWebDriver.executeScript(RemoteWebDriver.java:537)
	at com.spring.hibernate.ngwebdriver.NgWebDriver.getLocationAbsUrl(NgWebDriver.java:90)
	at com.spring.hibernate.test.AngularAndWebDriverTest.basic_lib_getLocationAbsUrl_gets_url(AngularAndWebDriverTest.java:730)
	at sun.reflect.NativeMethodAccessorImpl.invoke0(Native Method)
	at sun.reflect.NativeMethodAccessorImpl.invoke(NativeMethodAccessorImpl.java:62)
	at sun.reflect.DelegatingMethodAccessorImpl.invoke(DelegatingMethodAccessorImpl.java:43)
	at java.lang.reflect.Method.invoke(Method.java:498)
	at org.testng.internal.MethodInvocationHelper.invokeMethod(MethodInvocationHelper.java:104)
	at org.testng.internal.Invoker.invokeMethod(Invoker.java:645)
	at org.testng.internal.Invoker.invokeTestMethod(Invoker.java:851)
	at org.testng.internal.Invoker.invokeTestMethods(Invoker.java:1177)
	at org.testng.internal.TestMethodWorker.invokeTestMethods(TestMethodWorker.java:129)
	at org.testng.internal.TestMethodWorker.run(TestMethodWorker.java:112)
	at org.testng.TestRunner.privateRun(TestRunner.java:756)
	at org.testng.TestRunner.run(TestRunner.java:610)
	at org.testng.SuiteRunner.runTest(SuiteRunner.java:387)
	at org.testng.SuiteRunner.runSequentially(SuiteRunner.java:382)
	at org.testng.SuiteRunner.privateRun(SuiteRunner.java:340)
	at org.testng.SuiteRunner.run(SuiteRunner.java:289)
	at org.testng.SuiteRunnerWorker.runSuite(SuiteRunnerWorker.java:52)
	at org.testng.SuiteRunnerWorker.run(SuiteRunnerWorker.java:86)
	at org.testng.TestNG.runSuitesSequentially(TestNG.java:1293)
	at org.testng.TestNG.runSuitesLocally(TestNG.java:1218)
	at org.testng.TestNG.runSuites(TestNG.java:1133)
	at org.testng.TestNG.run(TestNG.java:1104)
	at org.testng.remote.AbstractRemoteTestNG.run(AbstractRemoteTestNG.java:132)
	at org.testng.remote.RemoteTestNG.initAndRun(RemoteTestNG.java:230)
	at org.testng.remote.RemoteTestNG.main(RemoteTestNG.java:76)

</div> <!-- stack-trace -->
                </div> <!-- method-content -->
              </div> <!-- method -->
              <div class="method">
                <div class="method-content">
                  <a name="basic_locators_by_repeater_should_find_by_partial_match">
                  </a> <!-- basic_locators_by_repeater_should_find_by_partial_match -->
                  <span class="method-name">basic_locators_by_repeater_should_find_by_partial_match</span>
                  <div class="stack-trace">org.seleniumhq.selenium.fluent.FluentExecutionStopped: NoSuchElementException during invocation of: ?.span(repeater(baz in days | filter:&apos;T&apos;).row(0).column(baz.initial))
	at org.seleniumhq.selenium.fluent.Internal$BaseFluentWebDriver.wrapRuntimeException(Internal.java:1009)
	at org.seleniumhq.selenium.fluent.Internal$BaseFluentWebDriver.executeAndWrapReThrowIfNeeded(Internal.java:1037)
	at org.seleniumhq.selenium.fluent.Internal$BaseFluentWebDriver.single(Internal.java:886)
	at org.seleniumhq.selenium.fluent.Internal$BaseFluentWebDriver.span(Internal.java:105)
	at org.seleniumhq.selenium.fluent.FluentWebDriver.span(FluentWebDriver.java:116)
	at com.spring.hibernate.test.AngularAndWebDriverTest.basic_locators_by_repeater_should_find_by_partial_match(AngularAndWebDriverTest.java:594)
	at sun.reflect.NativeMethodAccessorImpl.invoke0(Native Method)
	at sun.reflect.NativeMethodAccessorImpl.invoke(NativeMethodAccessorImpl.java:62)
	at sun.reflect.DelegatingMethodAccessorImpl.invoke(DelegatingMethodAccessorImpl.java:43)
	at java.lang.reflect.Method.invoke(Method.java:498)
	at org.testng.internal.MethodInvocationHelper.invokeMethod(MethodInvocationHelper.java:104)
	at org.testng.internal.Invoker.invokeMethod(Invoker.java:645)
	at org.testng.internal.Invoker.invokeTestMethod(Invoker.java:851)
	at org.testng.internal.Invoker.invokeTestMethods(Invoker.java:1177)
	at org.testng.internal.TestMethodWorker.invokeTestMethods(TestMethodWorker.java:129)
	at org.testng.internal.TestMethodWorker.run(TestMethodWorker.java:112)
	at org.testng.TestRunner.privateRun(TestRunner.java:756)
	at org.testng.TestRunner.run(TestRunner.java:610)
	at org.testng.SuiteRunner.runTest(SuiteRunner.java:387)
	at org.testng.SuiteRunner.runSequentially(SuiteRunner.java:382)
	at org.testng.SuiteRunner.privateRun(SuiteRunner.java:340)
	at org.testng.SuiteRunner.run(SuiteRunner.java:289)
	at org.testng.SuiteRunnerWorker.runSuite(SuiteRunnerWorker.java:52)
	at org.testng.SuiteRunnerWorker.run(SuiteRunnerWorker.java:86)
	at org.testng.TestNG.runSuitesSequentially(TestNG.java:1293)
	at org.testng.TestNG.runSuitesLocally(TestNG.java:1218)
	at org.testng.TestNG.runSuites(TestNG.java:1133)
	at org.testng.TestNG.run(TestNG.java:1104)
	at org.testng.remote.AbstractRemoteTestNG.run(AbstractRemoteTestNG.java:132)
	at org.testng.remote.RemoteTestNG.initAndRun(RemoteTestNG.java:230)
	at org.testng.remote.RemoteTestNG.main(RemoteTestNG.java:76)
Caused by: org.openqa.selenium.NoSuchElementException: repeater(baz in days | filter:&apos;T&apos;).row(0).column(baz.initial) didn&apos;t have any matching elements at this place in the DOM
For documentation on this error, please visit: http://seleniumhq.org/exceptions/no_such_element.html
Build info: version: &apos;unknown&apos;, revision: &apos;86a5d70&apos;, time: &apos;2017-02-16 07:47:51 -0800&apos;
System info: host: &apos;LINMB550&apos;, ip: &apos;10.207.163.101&apos;, os.name: &apos;Windows 7&apos;, os.arch: &apos;amd64&apos;, os.version: &apos;6.1&apos;, java.version: &apos;1.8.0_121&apos;
Driver info: driver.version: FluentWebDriver
	at com.spring.hibernate.ngwebdriver.ByAngular$BaseBy.errorIfNull(ByAngular.java:155)
	at com.spring.hibernate.ngwebdriver.ByAngular$BaseBy.findElement(ByAngular.java:166)
	at com.spring.hibernate.ngwebdriver.ByAngularRepeaterCell.findElement(ByAngularRepeaterCell.java:1)
	at org.openqa.selenium.remote.RemoteWebDriver.findElement(RemoteWebDriver.java:360)
	at org.seleniumhq.selenium.fluent.FluentWebDriver.actualFindElement(FluentWebDriver.java:63)
	at org.seleniumhq.selenium.fluent.FluentWebDriver.findElement(FluentWebDriver.java:53)
	at org.seleniumhq.selenium.fluent.Internal$BaseFluentWebDriver$FindElement.execute(Internal.java:933)
	at org.seleniumhq.selenium.fluent.Internal$BaseFluentWebDriver$FindElement.execute(Internal.java:911)
	at org.seleniumhq.selenium.fluent.internal.Execution.doExecution(Execution.java:39)
	at org.seleniumhq.selenium.fluent.Internal$BaseFluentWebDriver.executeAndWrapReThrowIfNeeded(Internal.java:1031)
	... 29 more

</div> <!-- stack-trace -->
                </div> <!-- method-content -->
              </div> <!-- method -->
              <div class="method">
                <div class="method-content">
                  <a name="basic_locators_by_repeater_should_find_many_rows_by_partial_match">
                  </a> <!-- basic_locators_by_repeater_should_find_many_rows_by_partial_match -->
                  <span class="method-name">basic_locators_by_repeater_should_find_many_rows_by_partial_match</span>
                  <div class="stack-trace">org.seleniumhq.selenium.fluent.FluentExecutionStopped: NoSuchElementException during invocation of: ?.spans(repeater(baz in days | filter:&apos;T&apos;).column(baz.initial))
	at org.seleniumhq.selenium.fluent.Internal$BaseFluentWebDriver.wrapRuntimeException(Internal.java:1009)
	at org.seleniumhq.selenium.fluent.Internal$BaseFluentWebDriver.executeAndWrapReThrowIfNeeded(Internal.java:1037)
	at org.seleniumhq.selenium.fluent.Internal$BaseFluentWebDriver.multiple(Internal.java:956)
	at org.seleniumhq.selenium.fluent.Internal$BaseFluentWebDriver.spans(Internal.java:114)
	at org.seleniumhq.selenium.fluent.FluentWebDriver.spans(FluentWebDriver.java:126)
	at com.spring.hibernate.test.AngularAndWebDriverTest.basic_locators_by_repeater_should_find_many_rows_by_partial_match(AngularAndWebDriverTest.java:618)
	at sun.reflect.NativeMethodAccessorImpl.invoke0(Native Method)
	at sun.reflect.NativeMethodAccessorImpl.invoke(NativeMethodAccessorImpl.java:62)
	at sun.reflect.DelegatingMethodAccessorImpl.invoke(DelegatingMethodAccessorImpl.java:43)
	at java.lang.reflect.Method.invoke(Method.java:498)
	at org.testng.internal.MethodInvocationHelper.invokeMethod(MethodInvocationHelper.java:104)
	at org.testng.internal.Invoker.invokeMethod(Invoker.java:645)
	at org.testng.internal.Invoker.invokeTestMethod(Invoker.java:851)
	at org.testng.internal.Invoker.invokeTestMethods(Invoker.java:1177)
	at org.testng.internal.TestMethodWorker.invokeTestMethods(TestMethodWorker.java:129)
	at org.testng.internal.TestMethodWorker.run(TestMethodWorker.java:112)
	at org.testng.TestRunner.privateRun(TestRunner.java:756)
	at org.testng.TestRunner.run(TestRunner.java:610)
	at org.testng.SuiteRunner.runTest(SuiteRunner.java:387)
	at org.testng.SuiteRunner.runSequentially(SuiteRunner.java:382)
	at org.testng.SuiteRunner.privateRun(SuiteRunner.java:340)
	at org.testng.SuiteRunner.run(SuiteRunner.java:289)
	at org.testng.SuiteRunnerWorker.runSuite(SuiteRunnerWorker.java:52)
	at org.testng.SuiteRunnerWorker.run(SuiteRunnerWorker.java:86)
	at org.testng.TestNG.runSuitesSequentially(TestNG.java:1293)
	at org.testng.TestNG.runSuitesLocally(TestNG.java:1218)
	at org.testng.TestNG.runSuites(TestNG.java:1133)
	at org.testng.TestNG.run(TestNG.java:1104)
	at org.testng.remote.AbstractRemoteTestNG.run(AbstractRemoteTestNG.java:132)
	at org.testng.remote.RemoteTestNG.initAndRun(RemoteTestNG.java:230)
	at org.testng.remote.RemoteTestNG.main(RemoteTestNG.java:76)
Caused by: org.openqa.selenium.NoSuchElementException: repeater(baz in days | filter:&apos;T&apos;).column(baz.initial) didn&apos;t have any matching elements at this place in the DOM
For documentation on this error, please visit: http://seleniumhq.org/exceptions/no_such_element.html
Build info: version: &apos;unknown&apos;, revision: &apos;86a5d70&apos;, time: &apos;2017-02-16 07:47:51 -0800&apos;
System info: host: &apos;LINMB550&apos;, ip: &apos;10.207.163.101&apos;, os.name: &apos;Windows 7&apos;, os.arch: &apos;amd64&apos;, os.version: &apos;6.1&apos;, java.version: &apos;1.8.0_121&apos;
Driver info: driver.version: FluentWebDriver
	at com.spring.hibernate.ngwebdriver.ByAngular$BaseBy.errorIfNull(ByAngular.java:155)
	at com.spring.hibernate.ngwebdriver.ByAngular$BaseBy.findElements(ByAngular.java:177)
	at com.spring.hibernate.ngwebdriver.ByAngularRepeaterColumn.findElements(ByAngularRepeaterColumn.java:1)
	at org.openqa.selenium.remote.RemoteWebDriver.findElements(RemoteWebDriver.java:356)
	at org.seleniumhq.selenium.fluent.FluentWebDriver.actualFindElements(FluentWebDriver.java:68)
	at org.seleniumhq.selenium.fluent.FluentWebDriver.findElements(FluentWebDriver.java:58)
	at org.seleniumhq.selenium.fluent.Internal$BaseFluentWebDriver$FindElements.execute(Internal.java:992)
	at org.seleniumhq.selenium.fluent.Internal$BaseFluentWebDriver$FindElements.execute(Internal.java:980)
	at org.seleniumhq.selenium.fluent.internal.Execution.doExecution(Execution.java:39)
	at org.seleniumhq.selenium.fluent.Internal$BaseFluentWebDriver.executeAndWrapReThrowIfNeeded(Internal.java:1031)
	... 29 more

</div> <!-- stack-trace -->
                </div> <!-- method-content -->
              </div> <!-- method -->
              <div class="method">
                <div class="method-content">
                  <a name="basic_locators_by_repeater_should_find_many_rows_by_partial_match2">
                  </a> <!-- basic_locators_by_repeater_should_find_many_rows_by_partial_match2 -->
                  <span class="method-name">basic_locators_by_repeater_should_find_many_rows_by_partial_match2</span>
                  <div class="stack-trace">org.seleniumhq.selenium.fluent.FluentExecutionStopped: NoSuchElementException during invocation of: ?.lis(repeater(baz in days | filter:&apos;T&apos;))
	at org.seleniumhq.selenium.fluent.Internal$BaseFluentWebDriver.wrapRuntimeException(Internal.java:1009)
	at org.seleniumhq.selenium.fluent.Internal$BaseFluentWebDriver.executeAndWrapReThrowIfNeeded(Internal.java:1037)
	at org.seleniumhq.selenium.fluent.Internal$BaseFluentWebDriver.multiple(Internal.java:956)
	at org.seleniumhq.selenium.fluent.Internal$BaseFluentWebDriver.lis(Internal.java:815)
	at org.seleniumhq.selenium.fluent.FluentWebDriver.lis(FluentWebDriver.java:903)
	at com.spring.hibernate.test.AngularAndWebDriverTest.basic_locators_by_repeater_should_find_many_rows_by_partial_match2(AngularAndWebDriverTest.java:675)
	at sun.reflect.NativeMethodAccessorImpl.invoke0(Native Method)
	at sun.reflect.NativeMethodAccessorImpl.invoke(NativeMethodAccessorImpl.java:62)
	at sun.reflect.DelegatingMethodAccessorImpl.invoke(DelegatingMethodAccessorImpl.java:43)
	at java.lang.reflect.Method.invoke(Method.java:498)
	at org.testng.internal.MethodInvocationHelper.invokeMethod(MethodInvocationHelper.java:104)
	at org.testng.internal.Invoker.invokeMethod(Invoker.java:645)
	at org.testng.internal.Invoker.invokeTestMethod(Invoker.java:851)
	at org.testng.internal.Invoker.invokeTestMethods(Invoker.java:1177)
	at org.testng.internal.TestMethodWorker.invokeTestMethods(TestMethodWorker.java:129)
	at org.testng.internal.TestMethodWorker.run(TestMethodWorker.java:112)
	at org.testng.TestRunner.privateRun(TestRunner.java:756)
	at org.testng.TestRunner.run(TestRunner.java:610)
	at org.testng.SuiteRunner.runTest(SuiteRunner.java:387)
	at org.testng.SuiteRunner.runSequentially(SuiteRunner.java:382)
	at org.testng.SuiteRunner.privateRun(SuiteRunner.java:340)
	at org.testng.SuiteRunner.run(SuiteRunner.java:289)
	at org.testng.SuiteRunnerWorker.runSuite(SuiteRunnerWorker.java:52)
	at org.testng.SuiteRunnerWorker.run(SuiteRunnerWorker.java:86)
	at org.testng.TestNG.runSuitesSequentially(TestNG.java:1293)
	at org.testng.TestNG.runSuitesLocally(TestNG.java:1218)
	at org.testng.TestNG.runSuites(TestNG.java:1133)
	at org.testng.TestNG.run(TestNG.java:1104)
	at org.testng.remote.AbstractRemoteTestNG.run(AbstractRemoteTestNG.java:132)
	at org.testng.remote.RemoteTestNG.initAndRun(RemoteTestNG.java:230)
	at org.testng.remote.RemoteTestNG.main(RemoteTestNG.java:76)
Caused by: org.openqa.selenium.NoSuchElementException: repeater(baz in days | filter:&apos;T&apos;) didn&apos;t have any matching elements at this place in the DOM
For documentation on this error, please visit: http://seleniumhq.org/exceptions/no_such_element.html
Build info: version: &apos;unknown&apos;, revision: &apos;86a5d70&apos;, time: &apos;2017-02-16 07:47:51 -0800&apos;
System info: host: &apos;LINMB550&apos;, ip: &apos;10.207.163.101&apos;, os.name: &apos;Windows 7&apos;, os.arch: &apos;amd64&apos;, os.version: &apos;6.1&apos;, java.version: &apos;1.8.0_121&apos;
Driver info: driver.version: FluentWebDriver
	at com.spring.hibernate.ngwebdriver.ByAngular$BaseBy.errorIfNull(ByAngular.java:155)
	at com.spring.hibernate.ngwebdriver.ByAngular$BaseBy.findElements(ByAngular.java:177)
	at com.spring.hibernate.ngwebdriver.ByAngularRepeater.findElements(ByAngularRepeater.java:1)
	at org.openqa.selenium.remote.RemoteWebDriver.findElements(RemoteWebDriver.java:356)
	at org.seleniumhq.selenium.fluent.FluentWebDriver.actualFindElements(FluentWebDriver.java:68)
	at org.seleniumhq.selenium.fluent.FluentWebDriver.findElements(FluentWebDriver.java:58)
	at org.seleniumhq.selenium.fluent.Internal$BaseFluentWebDriver$FindElements.execute(Internal.java:992)
	at org.seleniumhq.selenium.fluent.Internal$BaseFluentWebDriver$FindElements.execute(Internal.java:980)
	at org.seleniumhq.selenium.fluent.internal.Execution.doExecution(Execution.java:39)
	at org.seleniumhq.selenium.fluent.Internal$BaseFluentWebDriver.executeAndWrapReThrowIfNeeded(Internal.java:1031)
	... 29 more

</div> <!-- stack-trace -->
                </div> <!-- method-content -->
              </div> <!-- method -->
              <div class="method">
                <div class="method-content">
                  <a name="basic_locators_by_repeater_should_find_one_row_by_partial_match">
                  </a> <!-- basic_locators_by_repeater_should_find_one_row_by_partial_match -->
                  <span class="method-name">basic_locators_by_repeater_should_find_one_row_by_partial_match</span>
                  <div class="stack-trace">org.seleniumhq.selenium.fluent.FluentExecutionStopped: NoSuchElementException during invocation of: ?.li(repeater(baz in days | filter:&apos;T&apos;).row(0))
	at org.seleniumhq.selenium.fluent.Internal$BaseFluentWebDriver.wrapRuntimeException(Internal.java:1009)
	at org.seleniumhq.selenium.fluent.Internal$BaseFluentWebDriver.executeAndWrapReThrowIfNeeded(Internal.java:1037)
	at org.seleniumhq.selenium.fluent.Internal$BaseFluentWebDriver.single(Internal.java:886)
	at org.seleniumhq.selenium.fluent.Internal$BaseFluentWebDriver.li(Internal.java:806)
	at org.seleniumhq.selenium.fluent.FluentWebDriver.li(FluentWebDriver.java:893)
	at com.spring.hibernate.test.AngularAndWebDriverTest.basic_locators_by_repeater_should_find_one_row_by_partial_match(AngularAndWebDriverTest.java:649)
	at sun.reflect.NativeMethodAccessorImpl.invoke0(Native Method)
	at sun.reflect.NativeMethodAccessorImpl.invoke(NativeMethodAccessorImpl.java:62)
	at sun.reflect.DelegatingMethodAccessorImpl.invoke(DelegatingMethodAccessorImpl.java:43)
	at java.lang.reflect.Method.invoke(Method.java:498)
	at org.testng.internal.MethodInvocationHelper.invokeMethod(MethodInvocationHelper.java:104)
	at org.testng.internal.Invoker.invokeMethod(Invoker.java:645)
	at org.testng.internal.Invoker.invokeTestMethod(Invoker.java:851)
	at org.testng.internal.Invoker.invokeTestMethods(Invoker.java:1177)
	at org.testng.internal.TestMethodWorker.invokeTestMethods(TestMethodWorker.java:129)
	at org.testng.internal.TestMethodWorker.run(TestMethodWorker.java:112)
	at org.testng.TestRunner.privateRun(TestRunner.java:756)
	at org.testng.TestRunner.run(TestRunner.java:610)
	at org.testng.SuiteRunner.runTest(SuiteRunner.java:387)
	at org.testng.SuiteRunner.runSequentially(SuiteRunner.java:382)
	at org.testng.SuiteRunner.privateRun(SuiteRunner.java:340)
	at org.testng.SuiteRunner.run(SuiteRunner.java:289)
	at org.testng.SuiteRunnerWorker.runSuite(SuiteRunnerWorker.java:52)
	at org.testng.SuiteRunnerWorker.run(SuiteRunnerWorker.java:86)
	at org.testng.TestNG.runSuitesSequentially(TestNG.java:1293)
	at org.testng.TestNG.runSuitesLocally(TestNG.java:1218)
	at org.testng.TestNG.runSuites(TestNG.java:1133)
	at org.testng.TestNG.run(TestNG.java:1104)
	at org.testng.remote.AbstractRemoteTestNG.run(AbstractRemoteTestNG.java:132)
	at org.testng.remote.RemoteTestNG.initAndRun(RemoteTestNG.java:230)
	at org.testng.remote.RemoteTestNG.main(RemoteTestNG.java:76)
Caused by: org.openqa.selenium.NoSuchElementException: repeater(baz in days | filter:&apos;T&apos;).row(0) didn&apos;t have any matching elements at this place in the DOM
For documentation on this error, please visit: http://seleniumhq.org/exceptions/no_such_element.html
Build info: version: &apos;unknown&apos;, revision: &apos;86a5d70&apos;, time: &apos;2017-02-16 07:47:51 -0800&apos;
System info: host: &apos;LINMB550&apos;, ip: &apos;10.207.163.101&apos;, os.name: &apos;Windows 7&apos;, os.arch: &apos;amd64&apos;, os.version: &apos;6.1&apos;, java.version: &apos;1.8.0_121&apos;
Driver info: driver.version: FluentWebDriver
	at com.spring.hibernate.ngwebdriver.ByAngular$BaseBy.errorIfNull(ByAngular.java:155)
	at com.spring.hibernate.ngwebdriver.ByAngular$BaseBy.findElement(ByAngular.java:166)
	at com.spring.hibernate.ngwebdriver.ByAngularRepeaterRow.findElement(ByAngularRepeaterRow.java:1)
	at org.openqa.selenium.remote.RemoteWebDriver.findElement(RemoteWebDriver.java:360)
	at org.seleniumhq.selenium.fluent.FluentWebDriver.actualFindElement(FluentWebDriver.java:63)
	at org.seleniumhq.selenium.fluent.FluentWebDriver.findElement(FluentWebDriver.java:53)
	at org.seleniumhq.selenium.fluent.Internal$BaseFluentWebDriver$FindElement.execute(Internal.java:933)
	at org.seleniumhq.selenium.fluent.Internal$BaseFluentWebDriver$FindElement.execute(Internal.java:911)
	at org.seleniumhq.selenium.fluent.internal.Execution.doExecution(Execution.java:39)
	at org.seleniumhq.selenium.fluent.Internal$BaseFluentWebDriver.executeAndWrapReThrowIfNeeded(Internal.java:1031)
	... 29 more

</div> <!-- stack-trace -->
                </div> <!-- method-content -->
              </div> <!-- method -->
              <div class="method">
                <div class="method-content">
                  <a name="basic_locators_by_repeater_should_find_single_rows_by_partial_match">
                  </a> <!-- basic_locators_by_repeater_should_find_single_rows_by_partial_match -->
                  <span class="method-name">basic_locators_by_repeater_should_find_single_rows_by_partial_match</span>
                  <div class="stack-trace">org.seleniumhq.selenium.fluent.FluentExecutionStopped: NoSuchElementException during invocation of: ?.li(repeater(baz in days | filter:&apos;T&apos;))
	at org.seleniumhq.selenium.fluent.Internal$BaseFluentWebDriver.wrapRuntimeException(Internal.java:1009)
	at org.seleniumhq.selenium.fluent.Internal$BaseFluentWebDriver.executeAndWrapReThrowIfNeeded(Internal.java:1037)
	at org.seleniumhq.selenium.fluent.Internal$BaseFluentWebDriver.single(Internal.java:886)
	at org.seleniumhq.selenium.fluent.Internal$BaseFluentWebDriver.li(Internal.java:806)
	at org.seleniumhq.selenium.fluent.FluentWebDriver.li(FluentWebDriver.java:893)
	at com.spring.hibernate.test.AngularAndWebDriverTest.basic_locators_by_repeater_should_find_single_rows_by_partial_match(AngularAndWebDriverTest.java:706)
	at sun.reflect.NativeMethodAccessorImpl.invoke0(Native Method)
	at sun.reflect.NativeMethodAccessorImpl.invoke(NativeMethodAccessorImpl.java:62)
	at sun.reflect.DelegatingMethodAccessorImpl.invoke(DelegatingMethodAccessorImpl.java:43)
	at java.lang.reflect.Method.invoke(Method.java:498)
	at org.testng.internal.MethodInvocationHelper.invokeMethod(MethodInvocationHelper.java:104)
	at org.testng.internal.Invoker.invokeMethod(Invoker.java:645)
	at org.testng.internal.Invoker.invokeTestMethod(Invoker.java:851)
	at org.testng.internal.Invoker.invokeTestMethods(Invoker.java:1177)
	at org.testng.internal.TestMethodWorker.invokeTestMethods(TestMethodWorker.java:129)
	at org.testng.internal.TestMethodWorker.run(TestMethodWorker.java:112)
	at org.testng.TestRunner.privateRun(TestRunner.java:756)
	at org.testng.TestRunner.run(TestRunner.java:610)
	at org.testng.SuiteRunner.runTest(SuiteRunner.java:387)
	at org.testng.SuiteRunner.runSequentially(SuiteRunner.java:382)
	at org.testng.SuiteRunner.privateRun(SuiteRunner.java:340)
	at org.testng.SuiteRunner.run(SuiteRunner.java:289)
	at org.testng.SuiteRunnerWorker.runSuite(SuiteRunnerWorker.java:52)
	at org.testng.SuiteRunnerWorker.run(SuiteRunnerWorker.java:86)
	at org.testng.TestNG.runSuitesSequentially(TestNG.java:1293)
	at org.testng.TestNG.runSuitesLocally(TestNG.java:1218)
	at org.testng.TestNG.runSuites(TestNG.java:1133)
	at org.testng.TestNG.run(TestNG.java:1104)
	at org.testng.remote.AbstractRemoteTestNG.run(AbstractRemoteTestNG.java:132)
	at org.testng.remote.RemoteTestNG.initAndRun(RemoteTestNG.java:230)
	at org.testng.remote.RemoteTestNG.main(RemoteTestNG.java:76)
Caused by: org.openqa.selenium.NoSuchElementException: repeater(baz in days | filter:&apos;T&apos;) didn&apos;t have any matching elements at this place in the DOM
For documentation on this error, please visit: http://seleniumhq.org/exceptions/no_such_element.html
Build info: version: &apos;unknown&apos;, revision: &apos;86a5d70&apos;, time: &apos;2017-02-16 07:47:51 -0800&apos;
System info: host: &apos;LINMB550&apos;, ip: &apos;10.207.163.101&apos;, os.name: &apos;Windows 7&apos;, os.arch: &apos;amd64&apos;, os.version: &apos;6.1&apos;, java.version: &apos;1.8.0_121&apos;
Driver info: driver.version: FluentWebDriver
	at com.spring.hibernate.ngwebdriver.ByAngular$BaseBy.errorIfNull(ByAngular.java:155)
	at com.spring.hibernate.ngwebdriver.ByAngular$BaseBy.findElement(ByAngular.java:166)
	at com.spring.hibernate.ngwebdriver.ByAngularRepeater.findElement(ByAngularRepeater.java:1)
	at org.openqa.selenium.remote.RemoteWebDriver.findElement(RemoteWebDriver.java:360)
	at org.seleniumhq.selenium.fluent.FluentWebDriver.actualFindElement(FluentWebDriver.java:63)
	at org.seleniumhq.selenium.fluent.FluentWebDriver.findElement(FluentWebDriver.java:53)
	at org.seleniumhq.selenium.fluent.Internal$BaseFluentWebDriver$FindElement.execute(Internal.java:933)
	at org.seleniumhq.selenium.fluent.Internal$BaseFluentWebDriver$FindElement.execute(Internal.java:911)
	at org.seleniumhq.selenium.fluent.internal.Execution.doExecution(Execution.java:39)
	at org.seleniumhq.selenium.fluent.Internal$BaseFluentWebDriver.executeAndWrapReThrowIfNeeded(Internal.java:1031)
	... 29 more

</div> <!-- stack-trace -->
                </div> <!-- method-content -->
              </div> <!-- method -->
            </div> <!-- main-panel-content rounded-window-bottom -->
          </div> <!-- suite-Default_suite-class-failed -->
          <div class="suite-Default_suite-class-passed">
            <div class="main-panel-header rounded-window-top">
              <img src="passed.png"/>
              <span class="class-name">com.spring.hibernate.test.AngularAndWebDriverTest</span>
            </div> <!-- main-panel-header rounded-window-top -->
            <div class="main-panel-content rounded-window-bottom">
              <div class="method">
                <div class="method-content">
                  <a name="findElement_should_barf_when_element_not_in_the_dom">
                  </a> <!-- findElement_should_barf_when_element_not_in_the_dom -->
                  <span class="method-name">findElement_should_barf_when_element_not_in_the_dom</span>
                </div> <!-- method-content -->
              </div> <!-- method -->
              <div class="method">
                <div class="method-content">
                  <a name="findElement_should_barf_with_message_for_bad_repeater">
                  </a> <!-- findElement_should_barf_with_message_for_bad_repeater -->
                  <span class="method-name">findElement_should_barf_with_message_for_bad_repeater</span>
                </div> <!-- method-content -->
              </div> <!-- method -->
              <div class="method">
                <div class="method-content">
                  <a name="findElement_should_barf_with_message_for_bad_repeater_and_row">
                  </a> <!-- findElement_should_barf_with_message_for_bad_repeater_and_row -->
                  <span class="method-name">findElement_should_barf_with_message_for_bad_repeater_and_row</span>
                </div> <!-- method-content -->
              </div> <!-- method -->
              <div class="method">
                <div class="method-content">
                  <a name="findElement_should_barf_with_message_for_bad_repeater_and_row_and_column">
                  </a> <!-- findElement_should_barf_with_message_for_bad_repeater_and_row_and_column -->
                  <span class="method-name">findElement_should_barf_with_message_for_bad_repeater_and_row_and_column</span>
                </div> <!-- method-content -->
              </div> <!-- method -->
              <div class="method">
                <div class="method-content">
                  <a name="findElements_should_barf_with_message_for_any_repeater_and_row2">
                  </a> <!-- findElements_should_barf_with_message_for_any_repeater_and_row2 -->
                  <span class="method-name">findElements_should_barf_with_message_for_any_repeater_and_row2</span>
                </div> <!-- method-content -->
              </div> <!-- method -->
              <div class="method">
                <div class="method-content">
                  <a name="findElements_should_barf_with_message_for_any_repeater_and_row_and_column">
                  </a> <!-- findElements_should_barf_with_message_for_any_repeater_and_row_and_column -->
                  <span class="method-name">findElements_should_barf_with_message_for_any_repeater_and_row_and_column</span>
                </div> <!-- method-content -->
              </div> <!-- method -->
              <div class="method">
                <div class="method-content">
                  <a name="findElements_should_barf_with_message_for_bad_repeater_and_column">
                  </a> <!-- findElements_should_barf_with_message_for_bad_repeater_and_column -->
                  <span class="method-name">findElements_should_barf_with_message_for_bad_repeater_and_column</span>
                </div> <!-- method-content -->
              </div> <!-- method -->
              <div class="method">
                <div class="method-content">
                  <a name="find_all_for_an_angular_binding">
                  </a> <!-- find_all_for_an_angular_binding -->
                  <span class="method-name">find_all_for_an_angular_binding</span>
                </div> <!-- method-content -->
              </div> <!-- method -->
              <div class="method">
                <div class="method-content">
                  <a name="find_all_for_an_angular_options">
                  </a> <!-- find_all_for_an_angular_options -->
                  <span class="method-name">find_all_for_an_angular_options</span>
                </div> <!-- method-content -->
              </div> <!-- method -->
              <div class="method">
                <div class="method-content">
                  <a name="find_by_angular_binding">
                  </a> <!-- find_by_angular_binding -->
                  <span class="method-name">find_by_angular_binding</span>
                </div> <!-- method-content -->
              </div> <!-- method -->
              <div class="method">
                <div class="method-content">
                  <a name="find_by_angular_buttonText">
                  </a> <!-- find_by_angular_buttonText -->
                  <span class="method-name">find_by_angular_buttonText</span>
                </div> <!-- method-content -->
              </div> <!-- method -->
              <div class="method">
                <div class="method-content">
                  <a name="find_by_angular_cssContainingText">
                  </a> <!-- find_by_angular_cssContainingText -->
                  <span class="method-name">find_by_angular_cssContainingText</span>
                </div> <!-- method-content -->
              </div> <!-- method -->
              <div class="method">
                <div class="method-content">
                  <a name="find_by_angular_model">
                  </a> <!-- find_by_angular_model -->
                  <span class="method-name">find_by_angular_model</span>
                </div> <!-- method-content -->
              </div> <!-- method -->
              <div class="method">
                <div class="method-content">
                  <a name="find_by_angular_partialButtonText">
                  </a> <!-- find_by_angular_partialButtonText -->
                  <span class="method-name">find_by_angular_partialButtonText</span>
                </div> <!-- method-content -->
              </div> <!-- method -->
              <div class="method">
                <div class="method-content">
                  <a name="find_multiple_hits_for_ng_repeat_and_subset_to_first_matching_predicate_for_fluent_selenium_example">
                  </a> <!-- find_multiple_hits_for_ng_repeat_and_subset_to_first_matching_predicate_for_fluent_selenium_example -->
                  <span class="method-name">find_multiple_hits_for_ng_repeat_and_subset_to_first_matching_predicate_for_fluent_selenium_example</span>
                </div> <!-- method-content -->
              </div> <!-- method -->
              <div class="method">
                <div class="method-content">
                  <a name="find_multiple_hits_for_ng_repeat_in_page">
                  </a> <!-- find_multiple_hits_for_ng_repeat_in_page -->
                  <span class="method-name">find_multiple_hits_for_ng_repeat_in_page</span>
                </div> <!-- method-content -->
              </div> <!-- method -->
              <div class="method">
                <div class="method-content">
                  <a name="find_second_row_in_ng_repeat">
                  </a> <!-- find_second_row_in_ng_repeat -->
                  <span class="method-name">find_second_row_in_ng_repeat</span>
                </div> <!-- method-content -->
              </div> <!-- method -->
              <div class="method">
                <div class="method-content">
                  <a name="model_mutation_and_query_is_possible">
                  </a> <!-- model_mutation_and_query_is_possible -->
                  <span class="method-name">model_mutation_and_query_is_possible</span>
                </div> <!-- method-content -->
              </div> <!-- method -->
              <div class="method">
                <div class="method-content">
                  <a name="stress_test">
                  </a> <!-- stress_test -->
                  <span class="method-name">stress_test</span>
                </div> <!-- method-content -->
              </div> <!-- method -->
            </div> <!-- main-panel-content rounded-window-bottom -->
          </div> <!-- suite-Default_suite-class-passed -->
        </div> <!-- panel Default_suite -->
        <div panel-name="test-xml-Default_suite" class="panel">
          <div class="main-panel-header rounded-window-top">
            <span class="header-content">C:\Users\ankurcha\AppData\Local\Temp\testng-eclipse--838617556\testng-customsuite.xml</span>
          </div> <!-- main-panel-header rounded-window-top -->
          <div class="main-panel-content rounded-window-bottom">
            <pre>
&lt;?xml version=&quot;1.0&quot; encoding=&quot;UTF-8&quot;?&gt;
&lt;!DOCTYPE suite SYSTEM &quot;http://testng.org/testng-1.0.dtd&quot;&gt;
&lt;suite guice-stage=&quot;DEVELOPMENT&quot; name=&quot;Default suite&quot;&gt;
  &lt;test verbose=&quot;2&quot; name=&quot;Default test&quot;&gt;
    &lt;classes&gt;
      &lt;class name=&quot;com.spring.hibernate.test.AngularAndWebDriverTest&quot;/&gt;
    &lt;/classes&gt;
  &lt;/test&gt; &lt;!-- Default test --&gt;
&lt;/suite&gt; &lt;!-- Default suite --&gt;
            </pre>
          </div> <!-- main-panel-content rounded-window-bottom -->
        </div> <!-- panel -->
        <div panel-name="testlist-Default_suite" class="panel">
          <div class="main-panel-header rounded-window-top">
            <span class="header-content">Tests for Default suite</span>
          </div> <!-- main-panel-header rounded-window-top -->
          <div class="main-panel-content rounded-window-bottom">
            <ul>
              <li>
                <span class="test-name">Default test (1 class)</span>
              </li>
            </ul>
          </div> <!-- main-panel-content rounded-window-bottom -->
        </div> <!-- panel -->
        <div panel-name="group-Default_suite" class="panel">
          <div class="main-panel-header rounded-window-top">
            <span class="header-content">Groups for Default suite</span>
          </div> <!-- main-panel-header rounded-window-top -->
          <div class="main-panel-content rounded-window-bottom">
          </div> <!-- main-panel-content rounded-window-bottom -->
        </div> <!-- panel -->
        <div panel-name="times-Default_suite" class="panel">
          <div class="main-panel-header rounded-window-top">
            <span class="header-content">Times for Default suite</span>
          </div> <!-- main-panel-header rounded-window-top -->
          <div class="main-panel-content rounded-window-bottom">
            <div class="times-div">
              <script type="text/javascript">
suiteTableInitFunctions.push('tableData_Default_suite');
function tableData_Default_suite() {
var data = new google.visualization.DataTable();
data.addColumn('number', 'Number');
data.addColumn('string', 'Method');
data.addColumn('string', 'Class');
data.addColumn('number', 'Time (ms)');
data.addRows(30);
data.setCell(0, 0, 0)
data.setCell(0, 1, 'stress_test')
data.setCell(0, 2, 'com.spring.hibernate.test.AngularAndWebDriverTest')
data.setCell(0, 3, 8678);
data.setCell(1, 0, 1)
data.setCell(1, 1, 'altRoot_find_elements')
data.setCell(1, 2, 'com.spring.hibernate.test.AngularAndWebDriverTest')
data.setCell(1, 3, 4670);
data.setCell(2, 0, 2)
data.setCell(2, 1, 'findElement_should_barf_when_element_not_in_the_dom')
data.setCell(2, 2, 'com.spring.hibernate.test.AngularAndWebDriverTest')
data.setCell(2, 3, 3997);
data.setCell(3, 0, 3)
data.setCell(3, 1, 'basic_actions')
data.setCell(3, 2, 'com.spring.hibernate.test.AngularAndWebDriverTest')
data.setCell(3, 3, 2351);
data.setCell(4, 0, 4)
data.setCell(4, 1, 'basic_elements_chained_call_should_wait_to_grab_the_WebElement_until_a_method_is_called')
data.setCell(4, 2, 'com.spring.hibernate.test.AngularAndWebDriverTest')
data.setCell(4, 3, 2334);
data.setCell(5, 0, 5)
data.setCell(5, 1, 'basic_elements_should_allow_using_repeater_locator_within_map')
data.setCell(5, 2, 'com.spring.hibernate.test.AngularAndWebDriverTest')
data.setCell(5, 3, 2305);
data.setCell(6, 0, 6)
data.setCell(6, 1, 'basic_elements_should_chain_with_index_correctly')
data.setCell(6, 2, 'com.spring.hibernate.test.AngularAndWebDriverTest')
data.setCell(6, 3, 2152);
data.setCell(7, 0, 7)
data.setCell(7, 1, 'find_multiple_hits_for_ng_repeat_and_subset_to_first_matching_predicate_for_fluent_selenium_example')
data.setCell(7, 2, 'com.spring.hibernate.test.AngularAndWebDriverTest')
data.setCell(7, 3, 1993);
data.setCell(8, 0, 8)
data.setCell(8, 1, 'basic_locators_by_repeater_should_find_by_partial_match')
data.setCell(8, 2, 'com.spring.hibernate.test.AngularAndWebDriverTest')
data.setCell(8, 3, 1884);
data.setCell(9, 0, 9)
data.setCell(9, 1, 'basic_locators_by_repeater_should_find_many_rows_by_partial_match2')
data.setCell(9, 2, 'com.spring.hibernate.test.AngularAndWebDriverTest')
data.setCell(9, 3, 1776);
data.setCell(10, 0, 10)
data.setCell(10, 1, 'model_mutation_and_query_is_possible')
data.setCell(10, 2, 'com.spring.hibernate.test.AngularAndWebDriverTest')
data.setCell(10, 3, 1763);
data.setCell(11, 0, 11)
data.setCell(11, 1, 'basic_locators_by_repeater_should_find_single_rows_by_partial_match')
data.setCell(11, 2, 'com.spring.hibernate.test.AngularAndWebDriverTest')
data.setCell(11, 3, 1755);
data.setCell(12, 0, 12)
data.setCell(12, 1, 'find_all_for_an_angular_options')
data.setCell(12, 2, 'com.spring.hibernate.test.AngularAndWebDriverTest')
data.setCell(12, 3, 1565);
data.setCell(13, 0, 13)
data.setCell(13, 1, 'find_by_angular_model')
data.setCell(13, 2, 'com.spring.hibernate.test.AngularAndWebDriverTest')
data.setCell(13, 3, 1479);
data.setCell(14, 0, 14)
data.setCell(14, 1, 'find_second_row_in_ng_repeat')
data.setCell(14, 2, 'com.spring.hibernate.test.AngularAndWebDriverTest')
data.setCell(14, 3, 1010);
data.setCell(15, 0, 15)
data.setCell(15, 1, 'findElement_should_barf_with_message_for_bad_repeater_and_row')
data.setCell(15, 2, 'com.spring.hibernate.test.AngularAndWebDriverTest')
data.setCell(15, 3, 963);
data.setCell(16, 0, 16)
data.setCell(16, 1, 'find_all_for_an_angular_binding')
data.setCell(16, 2, 'com.spring.hibernate.test.AngularAndWebDriverTest')
data.setCell(16, 3, 920);
data.setCell(17, 0, 17)
data.setCell(17, 1, 'findElements_should_barf_with_message_for_bad_repeater_and_column')
data.setCell(17, 2, 'com.spring.hibernate.test.AngularAndWebDriverTest')
data.setCell(17, 3, 890);
data.setCell(18, 0, 18)
data.setCell(18, 1, 'findElement_should_barf_with_message_for_bad_repeater')
data.setCell(18, 2, 'com.spring.hibernate.test.AngularAndWebDriverTest')
data.setCell(18, 3, 858);
data.setCell(19, 0, 19)
data.setCell(19, 1, 'find_multiple_hits_for_ng_repeat_in_page')
data.setCell(19, 2, 'com.spring.hibernate.test.AngularAndWebDriverTest')
data.setCell(19, 3, 853);
data.setCell(20, 0, 20)
data.setCell(20, 1, 'findElements_should_barf_with_message_for_any_repeater_and_row2')
data.setCell(20, 2, 'com.spring.hibernate.test.AngularAndWebDriverTest')
data.setCell(20, 3, 848);
data.setCell(21, 0, 21)
data.setCell(21, 1, 'find_by_angular_buttonText')
data.setCell(21, 2, 'com.spring.hibernate.test.AngularAndWebDriverTest')
data.setCell(21, 3, 821);
data.setCell(22, 0, 22)
data.setCell(22, 1, 'find_by_angular_cssContainingText')
data.setCell(22, 2, 'com.spring.hibernate.test.AngularAndWebDriverTest')
data.setCell(22, 3, 788);
data.setCell(23, 0, 23)
data.setCell(23, 1, 'findElements_should_barf_with_message_for_any_repeater_and_row_and_column')
data.setCell(23, 2, 'com.spring.hibernate.test.AngularAndWebDriverTest')
data.setCell(23, 3, 659);
data.setCell(24, 0, 24)
data.setCell(24, 1, 'find_by_angular_binding')
data.setCell(24, 2, 'com.spring.hibernate.test.AngularAndWebDriverTest')
data.setCell(24, 3, 388);
data.setCell(25, 0, 25)
data.setCell(25, 1, 'basic_locators_by_repeater_should_find_one_row_by_partial_match')
data.setCell(25, 2, 'com.spring.hibernate.test.AngularAndWebDriverTest')
data.setCell(25, 3, 275);
data.setCell(26, 0, 26)
data.setCell(26, 1, 'find_by_angular_partialButtonText')
data.setCell(26, 2, 'com.spring.hibernate.test.AngularAndWebDriverTest')
data.setCell(26, 3, 261);
data.setCell(27, 0, 27)
data.setCell(27, 1, 'basic_locators_by_repeater_should_find_many_rows_by_partial_match')
data.setCell(27, 2, 'com.spring.hibernate.test.AngularAndWebDriverTest')
data.setCell(27, 3, 231);
data.setCell(28, 0, 28)
data.setCell(28, 1, 'basic_lib_getLocationAbsUrl_gets_url')
data.setCell(28, 2, 'com.spring.hibernate.test.AngularAndWebDriverTest')
data.setCell(28, 3, 132);
data.setCell(29, 0, 29)
data.setCell(29, 1, 'findElement_should_barf_with_message_for_bad_repeater_and_row_and_column')
data.setCell(29, 2, 'com.spring.hibernate.test.AngularAndWebDriverTest')
data.setCell(29, 3, 22);
window.suiteTableData['Default_suite']= { tableData: data, tableDiv: 'times-div-Default_suite'}
return data;
}
              </script>
              <span class="suite-total-time">Total running time: 48 seconds</span>
              <div id="times-div-Default_suite">
              </div> <!-- times-div-Default_suite -->
            </div> <!-- times-div -->
          </div> <!-- main-panel-content rounded-window-bottom -->
        </div> <!-- panel -->
        <div panel-name="reporter-Default_suite" class="panel">
          <div class="main-panel-header rounded-window-top">
            <span class="header-content">Reporter output for Default suite</span>
          </div> <!-- main-panel-header rounded-window-top -->
          <div class="main-panel-content rounded-window-bottom">
          </div> <!-- main-panel-content rounded-window-bottom -->
        </div> <!-- panel -->
        <div panel-name="ignored-methods-Default_suite" class="panel">
          <div class="main-panel-header rounded-window-top">
            <span class="header-content">3 ignored methods</span>
          </div> <!-- main-panel-header rounded-window-top -->
          <div class="main-panel-content rounded-window-bottom">
            <div class="ignored-class-div">
              <span class="ignored-class-name">com.spring.hibernate.test.AngularAndWebDriverTest</span>
              <div class="ignored-methods-div">
                <span class="ignored-method-name">find_all_of_a_column_in_an_ng_repeat</span>
                <br/>
                <span class="ignored-method-name">find_specific_cell_in_ng_repeat_the_other_way</span>
                <br/>
                <span class="ignored-method-name">find_specific_cell_in_ng_repeat</span>
                <br/>
              </div> <!-- ignored-methods-div -->
            </div> <!-- ignored-class-div -->
          </div> <!-- main-panel-content rounded-window-bottom -->
        </div> <!-- panel -->
        <div panel-name="chronological-Default_suite" class="panel">
          <div class="main-panel-header rounded-window-top">
            <span class="header-content">Methods in chronological order</span>
          </div> <!-- main-panel-header rounded-window-top -->
          <div class="main-panel-content rounded-window-bottom">
            <div class="chronological-class">
              <div class="chronological-class-name">com.spring.hibernate.test.AngularAndWebDriverTest</div> <!-- chronological-class-name -->
              <div class="configuration-suite before">
                <span class="method-name">before_suite</span>
                <span class="method-start">0 ms</span>
              </div> <!-- configuration-suite before -->
              <div class="configuration-method before">
                <span class="method-name">resetBrowser</span>
                <span class="method-start">24811 ms</span>
              </div> <!-- configuration-method before -->
              <div class="test-method">
                <img src="failed.png">
                </img>
                <span class="method-name">altRoot_find_elements</span>
                <span class="method-start">24904 ms</span>
              </div> <!-- test-method -->
              <div class="configuration-method before">
                <span class="method-name">resetBrowser</span>
                <span class="method-start">29602 ms</span>
              </div> <!-- configuration-method before -->
              <div class="test-method">
                <img src="failed.png">
                </img>
                <span class="method-name">basic_actions</span>
                <span class="method-start">29654 ms</span>
              </div> <!-- test-method -->
              <div class="configuration-method before">
                <span class="method-name">resetBrowser</span>
                <span class="method-start">32007 ms</span>
              </div> <!-- configuration-method before -->
              <div class="test-method">
                <img src="failed.png">
                </img>
                <span class="method-name">basic_elements_chained_call_should_wait_to_grab_the_WebElement_until_a_method_is_called</span>
                <span class="method-start">32032 ms</span>
              </div> <!-- test-method -->
              <div class="configuration-method before">
                <span class="method-name">resetBrowser</span>
                <span class="method-start">34369 ms</span>
              </div> <!-- configuration-method before -->
              <div class="test-method">
                <img src="failed.png">
                </img>
                <span class="method-name">basic_elements_should_allow_using_repeater_locator_within_map</span>
                <span class="method-start">34396 ms</span>
              </div> <!-- test-method -->
              <div class="configuration-method before">
                <span class="method-name">resetBrowser</span>
                <span class="method-start">36706 ms</span>
              </div> <!-- configuration-method before -->
              <div class="test-method">
                <img src="failed.png">
                </img>
                <span class="method-name">basic_elements_should_chain_with_index_correctly</span>
                <span class="method-start">36735 ms</span>
              </div> <!-- test-method -->
              <div class="configuration-method before">
                <span class="method-name">resetBrowser</span>
                <span class="method-start">38889 ms</span>
              </div> <!-- configuration-method before -->
              <div class="test-method">
                <img src="failed.png">
                </img>
                <span class="method-name">basic_lib_getLocationAbsUrl_gets_url</span>
                <span class="method-start">38920 ms</span>
              </div> <!-- test-method -->
              <div class="configuration-method before">
                <span class="method-name">resetBrowser</span>
                <span class="method-start">39055 ms</span>
              </div> <!-- configuration-method before -->
              <div class="test-method">
                <img src="failed.png">
                </img>
                <span class="method-name">basic_locators_by_repeater_should_find_by_partial_match</span>
                <span class="method-start">39077 ms</span>
              </div> <!-- test-method -->
              <div class="configuration-method before">
                <span class="method-name">resetBrowser</span>
                <span class="method-start">40962 ms</span>
              </div> <!-- configuration-method before -->
              <div class="test-method">
                <img src="failed.png">
                </img>
                <span class="method-name">basic_locators_by_repeater_should_find_many_rows_by_partial_match</span>
                <span class="method-start">40984 ms</span>
              </div> <!-- test-method -->
              <div class="configuration-method before">
                <span class="method-name">resetBrowser</span>
                <span class="method-start">41218 ms</span>
              </div> <!-- configuration-method before -->
              <div class="test-method">
                <img src="failed.png">
                </img>
                <span class="method-name">basic_locators_by_repeater_should_find_many_rows_by_partial_match2</span>
                <span class="method-start">41269 ms</span>
              </div> <!-- test-method -->
              <div class="configuration-method before">
                <span class="method-name">resetBrowser</span>
                <span class="method-start">43047 ms</span>
              </div> <!-- configuration-method before -->
              <div class="test-method">
                <img src="failed.png">
                </img>
                <span class="method-name">basic_locators_by_repeater_should_find_one_row_by_partial_match</span>
                <span class="method-start">43070 ms</span>
              </div> <!-- test-method -->
              <div class="configuration-method before">
                <span class="method-name">resetBrowser</span>
                <span class="method-start">43347 ms</span>
              </div> <!-- configuration-method before -->
              <div class="test-method">
                <img src="failed.png">
                </img>
                <span class="method-name">basic_locators_by_repeater_should_find_single_rows_by_partial_match</span>
                <span class="method-start">43373 ms</span>
              </div> <!-- test-method -->
              <div class="configuration-method before">
                <span class="method-name">resetBrowser</span>
                <span class="method-start">45136 ms</span>
              </div> <!-- configuration-method before -->
              <div class="test-method">
                <span class="method-name">findElement_should_barf_when_element_not_in_the_dom</span>
                <span class="method-start">45178 ms</span>
              </div> <!-- test-method -->
              <div class="configuration-method before">
                <span class="method-name">resetBrowser</span>
                <span class="method-start">49176 ms</span>
              </div> <!-- configuration-method before -->
              <div class="test-method">
                <span class="method-name">findElement_should_barf_with_message_for_bad_repeater</span>
                <span class="method-start">49224 ms</span>
              </div> <!-- test-method -->
              <div class="configuration-method before">
                <span class="method-name">resetBrowser</span>
                <span class="method-start">50083 ms</span>
              </div> <!-- configuration-method before -->
              <div class="test-method">
                <span class="method-name">findElement_should_barf_with_message_for_bad_repeater_and_row</span>
                <span class="method-start">50219 ms</span>
              </div> <!-- test-method -->
              <div class="configuration-method before">
                <span class="method-name">resetBrowser</span>
                <span class="method-start">51183 ms</span>
              </div> <!-- configuration-method before -->
              <div class="test-method">
                <span class="method-name">findElement_should_barf_with_message_for_bad_repeater_and_row_and_column</span>
                <span class="method-start">51229 ms</span>
              </div> <!-- test-method -->
              <div class="configuration-method before">
                <span class="method-name">resetBrowser</span>
                <span class="method-start">51252 ms</span>
              </div> <!-- configuration-method before -->
              <div class="test-method">
                <span class="method-name">findElements_should_barf_with_message_for_any_repeater_and_row2</span>
                <span class="method-start">51287 ms</span>
              </div> <!-- test-method -->
              <div class="configuration-method before">
                <span class="method-name">resetBrowser</span>
                <span class="method-start">52136 ms</span>
              </div> <!-- configuration-method before -->
              <div class="test-method">
                <span class="method-name">findElements_should_barf_with_message_for_any_repeater_and_row_and_column</span>
                <span class="method-start">52161 ms</span>
              </div> <!-- test-method -->
              <div class="configuration-method before">
                <span class="method-name">resetBrowser</span>
                <span class="method-start">52821 ms</span>
              </div> <!-- configuration-method before -->
              <div class="test-method">
                <span class="method-name">findElements_should_barf_with_message_for_bad_repeater_and_column</span>
                <span class="method-start">52845 ms</span>
              </div> <!-- test-method -->
              <div class="configuration-method before">
                <span class="method-name">resetBrowser</span>
                <span class="method-start">53737 ms</span>
              </div> <!-- configuration-method before -->
              <div class="test-method">
                <span class="method-name">find_all_for_an_angular_binding</span>
                <span class="method-start">53788 ms</span>
              </div> <!-- test-method -->
              <div class="configuration-method before">
                <span class="method-name">resetBrowser</span>
                <span class="method-start">54709 ms</span>
              </div> <!-- configuration-method before -->
              <div class="test-method">
                <span class="method-name">find_all_for_an_angular_options</span>
                <span class="method-start">54754 ms</span>
              </div> <!-- test-method -->
              <div class="configuration-method before">
                <span class="method-name">resetBrowser</span>
                <span class="method-start">56320 ms</span>
              </div> <!-- configuration-method before -->
              <div class="test-method">
                <span class="method-name">find_by_angular_binding</span>
                <span class="method-start">56346 ms</span>
              </div> <!-- test-method -->
              <div class="configuration-method before">
                <span class="method-name">resetBrowser</span>
                <span class="method-start">56735 ms</span>
              </div> <!-- configuration-method before -->
              <div class="test-method">
                <span class="method-name">find_by_angular_buttonText</span>
                <span class="method-start">56761 ms</span>
              </div> <!-- test-method -->
              <div class="configuration-method before">
                <span class="method-name">resetBrowser</span>
                <span class="method-start">57583 ms</span>
              </div> <!-- configuration-method before -->
              <div class="test-method">
                <span class="method-name">find_by_angular_cssContainingText</span>
                <span class="method-start">57768 ms</span>
              </div> <!-- test-method -->
              <div class="configuration-method before">
                <span class="method-name">resetBrowser</span>
                <span class="method-start">58556 ms</span>
              </div> <!-- configuration-method before -->
              <div class="test-method">
                <span class="method-name">find_by_angular_model</span>
                <span class="method-start">58577 ms</span>
              </div> <!-- test-method -->
              <div class="configuration-method before">
                <span class="method-name">resetBrowser</span>
                <span class="method-start">60057 ms</span>
              </div> <!-- configuration-method before -->
              <div class="test-method">
                <span class="method-name">find_by_angular_partialButtonText</span>
                <span class="method-start">60120 ms</span>
              </div> <!-- test-method -->
              <div class="configuration-method before">
                <span class="method-name">resetBrowser</span>
                <span class="method-start">60382 ms</span>
              </div> <!-- configuration-method before -->
              <div class="test-method">
                <span class="method-name">find_multiple_hits_for_ng_repeat_and_subset_to_first_matching_predicate_for_fluent_selenium_example</span>
                <span class="method-start">60408 ms</span>
              </div> <!-- test-method -->
              <div class="configuration-method before">
                <span class="method-name">resetBrowser</span>
                <span class="method-start">62402 ms</span>
              </div> <!-- configuration-method before -->
              <div class="test-method">
                <span class="method-name">find_multiple_hits_for_ng_repeat_in_page</span>
                <span class="method-start">62424 ms</span>
              </div> <!-- test-method -->
              <div class="configuration-method before">
                <span class="method-name">resetBrowser</span>
                <span class="method-start">63278 ms</span>
              </div> <!-- configuration-method before -->
              <div class="test-method">
                <span class="method-name">find_second_row_in_ng_repeat</span>
                <span class="method-start">63302 ms</span>
              </div> <!-- test-method -->
              <div class="configuration-method before">
                <span class="method-name">resetBrowser</span>
                <span class="method-start">64321 ms</span>
              </div> <!-- configuration-method before -->
              <div class="test-method">
                <span class="method-name">model_mutation_and_query_is_possible</span>
                <span class="method-start">64344 ms</span>
              </div> <!-- test-method -->
              <div class="configuration-method before">
                <span class="method-name">resetBrowser</span>
                <span class="method-start">66108 ms</span>
              </div> <!-- configuration-method before -->
              <div class="test-method">
                <span class="method-name">stress_test</span>
                <span class="method-start">66129 ms</span>
              </div> <!-- test-method -->
              <div class="configuration-suite after">
                <span class="method-name">after_suite</span>
                <span class="method-start">74965 ms</span>
              </div> <!-- configuration-suite after -->
          </div> <!-- main-panel-content rounded-window-bottom -->
        </div> <!-- panel -->
      </div> <!-- main-panel-root -->
    </div> <!-- wrapper -->
  </body>
</html>
