<?xml version="1.0" encoding="UTF-8"?>
<!-- Generated by org.testng.reporters.JUnitReportReporter -->
<testsuite name="com.spring.hibernate.test.AngularAndWebDriverTest" tests="30" time="49.911" ignored="3" failures="0" timestamp="08 Mar 2017 07:03:49 GMT" skipped="0" hostname="LINMB550" errors="11">
  <testcase name="find_by_angular_buttonText" time="0.847" classname="com.spring.hibernate.test.AngularAndWebDriverTest"/>
  <testcase name="basic_locators_by_repeater_should_find_single_rows_by_partial_match" time="1.781" classname="com.spring.hibernate.test.AngularAndWebDriverTest">
    <error type="org.seleniumhq.selenium.fluent.FluentExecutionStopped" message="NoSuchElementException during invocation of: ?.li(repeater(baz in days | filter:&#039;T&#039;))">
      <![CDATA[org.seleniumhq.selenium.fluent.FluentExecutionStopped: NoSuchElementException during invocation of: ?.li(repeater(baz in days | filter:'T'))
	at org.seleniumhq.selenium.fluent.Internal$BaseFluentWebDriver.wrapRuntimeException(Internal.java:1009)
	at org.seleniumhq.selenium.fluent.Internal$BaseFluentWebDriver.executeAndWrapReThrowIfNeeded(Internal.java:1037)
	at org.seleniumhq.selenium.fluent.Internal$BaseFluentWebDriver.single(Internal.java:886)
	at org.seleniumhq.selenium.fluent.Internal$BaseFluentWebDriver.li(Internal.java:806)
	at org.seleniumhq.selenium.fluent.FluentWebDriver.li(FluentWebDriver.java:893)
	at com.spring.hibernate.test.AngularAndWebDriverTest.basic_locators_by_repeater_should_find_single_rows_by_partial_match(AngularAndWebDriverTest.java:706)
	at sun.reflect.NativeMethodAccessorImpl.invoke0(Native Method)
	at sun.reflect.NativeMethodAccessorImpl.invoke(NativeMethodAccessorImpl.java:62)
	at sun.reflect.DelegatingMethodAccessorImpl.invoke(DelegatingMethodAccessorImpl.java:43)
	at java.lang.reflect.Method.invoke(Method.java:498)
	at org.testng.internal.MethodInvocationHelper.invokeMethod(MethodInvocationHelper.java:104)
	at org.testng.internal.Invoker.invokeMethod(Invoker.java:645)
	at org.testng.internal.Invoker.invokeTestMethod(Invoker.java:851)
	at org.testng.internal.Invoker.invokeTestMethods(Invoker.java:1177)
	at org.testng.internal.TestMethodWorker.invokeTestMethods(TestMethodWorker.java:129)
	at org.testng.internal.TestMethodWorker.run(TestMethodWorker.java:112)
	at org.testng.TestRunner.privateRun(TestRunner.java:756)
	at org.testng.TestRunner.run(TestRunner.java:610)
	at org.testng.SuiteRunner.runTest(SuiteRunner.java:387)
	at org.testng.SuiteRunner.runSequentially(SuiteRunner.java:382)
	at org.testng.SuiteRunner.privateRun(SuiteRunner.java:340)
	at org.testng.SuiteRunner.run(SuiteRunner.java:289)
	at org.testng.SuiteRunnerWorker.runSuite(SuiteRunnerWorker.java:52)
	at org.testng.SuiteRunnerWorker.run(SuiteRunnerWorker.java:86)
	at org.testng.TestNG.runSuitesSequentially(TestNG.java:1293)
	at org.testng.TestNG.runSuitesLocally(TestNG.java:1218)
	at org.testng.TestNG.runSuites(TestNG.java:1133)
	at org.testng.TestNG.run(TestNG.java:1104)
	at org.testng.remote.AbstractRemoteTestNG.run(AbstractRemoteTestNG.java:132)
	at org.testng.remote.RemoteTestNG.initAndRun(RemoteTestNG.java:230)
	at org.testng.remote.RemoteTestNG.main(RemoteTestNG.java:76)
Caused by: org.openqa.selenium.NoSuchElementException: repeater(baz in days | filter:'T') didn't have any matching elements at this place in the DOM
For documentation on this error, please visit: http://seleniumhq.org/exceptions/no_such_element.html
Build info: version: 'unknown', revision: '86a5d70', time: '2017-02-16 07:47:51 -0800'
System info: host: 'LINMB550', ip: '10.207.163.101', os.name: 'Windows 7', os.arch: 'amd64', os.version: '6.1', java.version: '1.8.0_121'
Driver info: driver.version: FluentWebDriver
	at com.spring.hibernate.ngwebdriver.ByAngular$BaseBy.errorIfNull(ByAngular.java:155)
	at com.spring.hibernate.ngwebdriver.ByAngular$BaseBy.findElement(ByAngular.java:166)
	at com.spring.hibernate.ngwebdriver.ByAngularRepeater.findElement(ByAngularRepeater.java:1)
	at org.openqa.selenium.remote.RemoteWebDriver.findElement(RemoteWebDriver.java:360)
	at org.seleniumhq.selenium.fluent.FluentWebDriver.actualFindElement(FluentWebDriver.java:63)
	at org.seleniumhq.selenium.fluent.FluentWebDriver.findElement(FluentWebDriver.java:53)
	at org.seleniumhq.selenium.fluent.Internal$BaseFluentWebDriver$FindElement.execute(Internal.java:933)
	at org.seleniumhq.selenium.fluent.Internal$BaseFluentWebDriver$FindElement.execute(Internal.java:911)
	at org.seleniumhq.selenium.fluent.internal.Execution.doExecution(Execution.java:39)
	at org.seleniumhq.selenium.fluent.Internal$BaseFluentWebDriver.executeAndWrapReThrowIfNeeded(Internal.java:1031)
	... 29 more
]]>
    </error>
  </testcase> <!-- basic_locators_by_repeater_should_find_single_rows_by_partial_match -->
  <testcase name="find_by_angular_model" time="1.664" classname="com.spring.hibernate.test.AngularAndWebDriverTest"/>
  <testcase name="findElement_should_barf_with_message_for_bad_repeater" time="0.885" classname="com.spring.hibernate.test.AngularAndWebDriverTest"/>
  <testcase name="basic_locators_by_repeater_should_find_many_rows_by_partial_match2" time="1.821" classname="com.spring.hibernate.test.AngularAndWebDriverTest">
    <error type="org.seleniumhq.selenium.fluent.FluentExecutionStopped" message="NoSuchElementException during invocation of: ?.lis(repeater(baz in days | filter:&#039;T&#039;))">
      <![CDATA[org.seleniumhq.selenium.fluent.FluentExecutionStopped: NoSuchElementException during invocation of: ?.lis(repeater(baz in days | filter:'T'))
	at org.seleniumhq.selenium.fluent.Internal$BaseFluentWebDriver.wrapRuntimeException(Internal.java:1009)
	at org.seleniumhq.selenium.fluent.Internal$BaseFluentWebDriver.executeAndWrapReThrowIfNeeded(Internal.java:1037)
	at org.seleniumhq.selenium.fluent.Internal$BaseFluentWebDriver.multiple(Internal.java:956)
	at org.seleniumhq.selenium.fluent.Internal$BaseFluentWebDriver.lis(Internal.java:815)
	at org.seleniumhq.selenium.fluent.FluentWebDriver.lis(FluentWebDriver.java:903)
	at com.spring.hibernate.test.AngularAndWebDriverTest.basic_locators_by_repeater_should_find_many_rows_by_partial_match2(AngularAndWebDriverTest.java:675)
	at sun.reflect.NativeMethodAccessorImpl.invoke0(Native Method)
	at sun.reflect.NativeMethodAccessorImpl.invoke(NativeMethodAccessorImpl.java:62)
	at sun.reflect.DelegatingMethodAccessorImpl.invoke(DelegatingMethodAccessorImpl.java:43)
	at java.lang.reflect.Method.invoke(Method.java:498)
	at org.testng.internal.MethodInvocationHelper.invokeMethod(MethodInvocationHelper.java:104)
	at org.testng.internal.Invoker.invokeMethod(Invoker.java:645)
	at org.testng.internal.Invoker.invokeTestMethod(Invoker.java:851)
	at org.testng.internal.Invoker.invokeTestMethods(Invoker.java:1177)
	at org.testng.internal.TestMethodWorker.invokeTestMethods(TestMethodWorker.java:129)
	at org.testng.internal.TestMethodWorker.run(TestMethodWorker.java:112)
	at org.testng.TestRunner.privateRun(TestRunner.java:756)
	at org.testng.TestRunner.run(TestRunner.java:610)
	at org.testng.SuiteRunner.runTest(SuiteRunner.java:387)
	at org.testng.SuiteRunner.runSequentially(SuiteRunner.java:382)
	at org.testng.SuiteRunner.privateRun(SuiteRunner.java:340)
	at org.testng.SuiteRunner.run(SuiteRunner.java:289)
	at org.testng.SuiteRunnerWorker.runSuite(SuiteRunnerWorker.java:52)
	at org.testng.SuiteRunnerWorker.run(SuiteRunnerWorker.java:86)
	at org.testng.TestNG.runSuitesSequentially(TestNG.java:1293)
	at org.testng.TestNG.runSuitesLocally(TestNG.java:1218)
	at org.testng.TestNG.runSuites(TestNG.java:1133)
	at org.testng.TestNG.run(TestNG.java:1104)
	at org.testng.remote.AbstractRemoteTestNG.run(AbstractRemoteTestNG.java:132)
	at org.testng.remote.RemoteTestNG.initAndRun(RemoteTestNG.java:230)
	at org.testng.remote.RemoteTestNG.main(RemoteTestNG.java:76)
Caused by: org.openqa.selenium.NoSuchElementException: repeater(baz in days | filter:'T') didn't have any matching elements at this place in the DOM
For documentation on this error, please visit: http://seleniumhq.org/exceptions/no_such_element.html
Build info: version: 'unknown', revision: '86a5d70', time: '2017-02-16 07:47:51 -0800'
System info: host: 'LINMB550', ip: '10.207.163.101', os.name: 'Windows 7', os.arch: 'amd64', os.version: '6.1', java.version: '1.8.0_121'
Driver info: driver.version: FluentWebDriver
	at com.spring.hibernate.ngwebdriver.ByAngular$BaseBy.errorIfNull(ByAngular.java:155)
	at com.spring.hibernate.ngwebdriver.ByAngular$BaseBy.findElements(ByAngular.java:177)
	at com.spring.hibernate.ngwebdriver.ByAngularRepeater.findElements(ByAngularRepeater.java:1)
	at org.openqa.selenium.remote.RemoteWebDriver.findElements(RemoteWebDriver.java:356)
	at org.seleniumhq.selenium.fluent.FluentWebDriver.actualFindElements(FluentWebDriver.java:68)
	at org.seleniumhq.selenium.fluent.FluentWebDriver.findElements(FluentWebDriver.java:58)
	at org.seleniumhq.selenium.fluent.Internal$BaseFluentWebDriver$FindElements.execute(Internal.java:992)
	at org.seleniumhq.selenium.fluent.Internal$BaseFluentWebDriver$FindElements.execute(Internal.java:980)
	at org.seleniumhq.selenium.fluent.internal.Execution.doExecution(Execution.java:39)
	at org.seleniumhq.selenium.fluent.Internal$BaseFluentWebDriver.executeAndWrapReThrowIfNeeded(Internal.java:1031)
	... 29 more
]]>
    </error>
  </testcase> <!-- basic_locators_by_repeater_should_find_many_rows_by_partial_match2 -->
  <testcase name="findElement_should_barf_when_element_not_in_the_dom" time="4.049" classname="com.spring.hibernate.test.AngularAndWebDriverTest"/>
  <testcase name="findElements_should_barf_with_message_for_any_repeater_and_row2" time="0.869" classname="com.spring.hibernate.test.AngularAndWebDriverTest"/>
  <testcase name="find_second_row_in_ng_repeat" time="1.052" classname="com.spring.hibernate.test.AngularAndWebDriverTest"/>
  <testcase name="model_mutation_and_query_is_possible" time="1.814" classname="com.spring.hibernate.test.AngularAndWebDriverTest"/>
  <testcase name="basic_elements_chained_call_should_wait_to_grab_the_WebElement_until_a_method_is_called" time="2.380" classname="com.spring.hibernate.test.AngularAndWebDriverTest">
    <error type="org.seleniumhq.selenium.fluent.FluentExecutionStopped" message="NoSuchElementException during invocation of: ?.div(By.id: baz)">
      <![CDATA[org.seleniumhq.selenium.fluent.FluentExecutionStopped: NoSuchElementException during invocation of: ?.div(By.id: baz)
	at org.seleniumhq.selenium.fluent.Internal$BaseFluentWebDriver.wrapRuntimeException(Internal.java:1009)
	at org.seleniumhq.selenium.fluent.Internal$BaseFluentWebDriver.executeAndWrapReThrowIfNeeded(Internal.java:1037)
	at org.seleniumhq.selenium.fluent.Internal$BaseFluentWebDriver.single(Internal.java:886)
	at org.seleniumhq.selenium.fluent.Internal$BaseFluentWebDriver.div(Internal.java:123)
	at org.seleniumhq.selenium.fluent.FluentWebDriver.div(FluentWebDriver.java:136)
	at com.spring.hibernate.test.AngularAndWebDriverTest.basic_elements_chained_call_should_wait_to_grab_the_WebElement_until_a_method_is_called(AngularAndWebDriverTest.java:549)
	at sun.reflect.NativeMethodAccessorImpl.invoke0(Native Method)
	at sun.reflect.NativeMethodAccessorImpl.invoke(NativeMethodAccessorImpl.java:62)
	at sun.reflect.DelegatingMethodAccessorImpl.invoke(DelegatingMethodAccessorImpl.java:43)
	at java.lang.reflect.Method.invoke(Method.java:498)
	at org.testng.internal.MethodInvocationHelper.invokeMethod(MethodInvocationHelper.java:104)
	at org.testng.internal.Invoker.invokeMethod(Invoker.java:645)
	at org.testng.internal.Invoker.invokeTestMethod(Invoker.java:851)
	at org.testng.internal.Invoker.invokeTestMethods(Invoker.java:1177)
	at org.testng.internal.TestMethodWorker.invokeTestMethods(TestMethodWorker.java:129)
	at org.testng.internal.TestMethodWorker.run(TestMethodWorker.java:112)
	at org.testng.TestRunner.privateRun(TestRunner.java:756)
	at org.testng.TestRunner.run(TestRunner.java:610)
	at org.testng.SuiteRunner.runTest(SuiteRunner.java:387)
	at org.testng.SuiteRunner.runSequentially(SuiteRunner.java:382)
	at org.testng.SuiteRunner.privateRun(SuiteRunner.java:340)
	at org.testng.SuiteRunner.run(SuiteRunner.java:289)
	at org.testng.SuiteRunnerWorker.runSuite(SuiteRunnerWorker.java:52)
	at org.testng.SuiteRunnerWorker.run(SuiteRunnerWorker.java:86)
	at org.testng.TestNG.runSuitesSequentially(TestNG.java:1293)
	at org.testng.TestNG.runSuitesLocally(TestNG.java:1218)
	at org.testng.TestNG.runSuites(TestNG.java:1133)
	at org.testng.TestNG.run(TestNG.java:1104)
	at org.testng.remote.AbstractRemoteTestNG.run(AbstractRemoteTestNG.java:132)
	at org.testng.remote.RemoteTestNG.initAndRun(RemoteTestNG.java:230)
	at org.testng.remote.RemoteTestNG.main(RemoteTestNG.java:76)
Caused by: org.openqa.selenium.NoSuchElementException: no such element: Unable to locate element: {"method":"id","selector":"baz"}
  (Session info: chrome=56.0.2924.87)
  (Driver info: chromedriver=2.27.440174 (e97a722caafc2d3a8b807ee115bfb307f7d2cfd9),platform=Windows NT 6.1.7601 SP1 x86_64) (WARNING: The server did not provide any stacktrace information)
Command duration or timeout: 51 milliseconds
For documentation on this error, please visit: http://seleniumhq.org/exceptions/no_such_element.html
Build info: version: 'unknown', revision: '86a5d70', time: '2017-02-16 07:47:51 -0800'
System info: host: 'LINMB550', ip: '10.207.163.101', os.name: 'Windows 7', os.arch: 'amd64', os.version: '6.1', java.version: '1.8.0_121'
Driver info: org.openqa.selenium.chrome.ChromeDriver
Capabilities [{applicationCacheEnabled=false, rotatable=false, mobileEmulationEnabled=false, networkConnectionEnabled=false, chrome={chromedriverVersion=2.27.440174 (e97a722caafc2d3a8b807ee115bfb307f7d2cfd9), userDataDir=C:\Users\ankurcha\AppData\Local\Temp\scoped_dir9152_16605}, takesHeapSnapshot=true, pageLoadStrategy=normal, databaseEnabled=false, handlesAlerts=true, hasTouchScreen=false, version=56.0.2924.87, platform=XP, browserConnectionEnabled=false, nativeEvents=true, acceptSslCerts=true, locationContextEnabled=true, webStorageEnabled=true, browserName=chrome, takesScreenshot=true, javascriptEnabled=true, cssSelectorsEnabled=true, unexpectedAlertBehaviour=}]
Session ID: aa924b649118224faa55c86f351d5221
*** Element info: {Using=id, value=baz}
	at sun.reflect.NativeConstructorAccessorImpl.newInstance0(Native Method)
	at sun.reflect.NativeConstructorAccessorImpl.newInstance(NativeConstructorAccessorImpl.java:62)
	at sun.reflect.DelegatingConstructorAccessorImpl.newInstance(DelegatingConstructorAccessorImpl.java:45)
	at java.lang.reflect.Constructor.newInstance(Constructor.java:423)
	at org.openqa.selenium.remote.ErrorHandler.createThrowable(ErrorHandler.java:216)
	at org.openqa.selenium.remote.ErrorHandler.throwIfResponseFailed(ErrorHandler.java:168)
	at org.openqa.selenium.remote.RemoteWebDriver.execute(RemoteWebDriver.java:635)
	at org.openqa.selenium.remote.RemoteWebDriver.findElement(RemoteWebDriver.java:368)
	at org.openqa.selenium.remote.RemoteWebDriver.findElementById(RemoteWebDriver.java:417)
	at org.openqa.selenium.By$ById.findElement(By.java:218)
	at org.openqa.selenium.remote.RemoteWebDriver.findElement(RemoteWebDriver.java:360)
	at org.seleniumhq.selenium.fluent.FluentWebDriver.actualFindElement(FluentWebDriver.java:63)
	at org.seleniumhq.selenium.fluent.FluentWebDriver.findElement(FluentWebDriver.java:53)
	at org.seleniumhq.selenium.fluent.Internal$BaseFluentWebDriver$FindElement.execute(Internal.java:933)
	at org.seleniumhq.selenium.fluent.Internal$BaseFluentWebDriver$FindElement.execute(Internal.java:911)
	at org.seleniumhq.selenium.fluent.internal.Execution.doExecution(Execution.java:39)
	at org.seleniumhq.selenium.fluent.Internal$BaseFluentWebDriver.executeAndWrapReThrowIfNeeded(Internal.java:1031)
	... 29 more
]]>
    </error>
  </testcase> <!-- basic_elements_chained_call_should_wait_to_grab_the_WebElement_until_a_method_is_called -->
  <testcase name="findElement_should_barf_with_message_for_bad_repeater_and_row" time="0.986" classname="com.spring.hibernate.test.AngularAndWebDriverTest"/>
  <testcase name="basic_locators_by_repeater_should_find_by_partial_match" time="1.909" classname="com.spring.hibernate.test.AngularAndWebDriverTest">
    <error type="org.seleniumhq.selenium.fluent.FluentExecutionStopped" message="NoSuchElementException during invocation of: ?.span(repeater(baz in days | filter:&#039;T&#039;).row(0).column(baz.initial))">
      <![CDATA[org.seleniumhq.selenium.fluent.FluentExecutionStopped: NoSuchElementException during invocation of: ?.span(repeater(baz in days | filter:'T').row(0).column(baz.initial))
	at org.seleniumhq.selenium.fluent.Internal$BaseFluentWebDriver.wrapRuntimeException(Internal.java:1009)
	at org.seleniumhq.selenium.fluent.Internal$BaseFluentWebDriver.executeAndWrapReThrowIfNeeded(Internal.java:1037)
	at org.seleniumhq.selenium.fluent.Internal$BaseFluentWebDriver.single(Internal.java:886)
	at org.seleniumhq.selenium.fluent.Internal$BaseFluentWebDriver.span(Internal.java:105)
	at org.seleniumhq.selenium.fluent.FluentWebDriver.span(FluentWebDriver.java:116)
	at com.spring.hibernate.test.AngularAndWebDriverTest.basic_locators_by_repeater_should_find_by_partial_match(AngularAndWebDriverTest.java:594)
	at sun.reflect.NativeMethodAccessorImpl.invoke0(Native Method)
	at sun.reflect.NativeMethodAccessorImpl.invoke(NativeMethodAccessorImpl.java:62)
	at sun.reflect.DelegatingMethodAccessorImpl.invoke(DelegatingMethodAccessorImpl.java:43)
	at java.lang.reflect.Method.invoke(Method.java:498)
	at org.testng.internal.MethodInvocationHelper.invokeMethod(MethodInvocationHelper.java:104)
	at org.testng.internal.Invoker.invokeMethod(Invoker.java:645)
	at org.testng.internal.Invoker.invokeTestMethod(Invoker.java:851)
	at org.testng.internal.Invoker.invokeTestMethods(Invoker.java:1177)
	at org.testng.internal.TestMethodWorker.invokeTestMethods(TestMethodWorker.java:129)
	at org.testng.internal.TestMethodWorker.run(TestMethodWorker.java:112)
	at org.testng.TestRunner.privateRun(TestRunner.java:756)
	at org.testng.TestRunner.run(TestRunner.java:610)
	at org.testng.SuiteRunner.runTest(SuiteRunner.java:387)
	at org.testng.SuiteRunner.runSequentially(SuiteRunner.java:382)
	at org.testng.SuiteRunner.privateRun(SuiteRunner.java:340)
	at org.testng.SuiteRunner.run(SuiteRunner.java:289)
	at org.testng.SuiteRunnerWorker.runSuite(SuiteRunnerWorker.java:52)
	at org.testng.SuiteRunnerWorker.run(SuiteRunnerWorker.java:86)
	at org.testng.TestNG.runSuitesSequentially(TestNG.java:1293)
	at org.testng.TestNG.runSuitesLocally(TestNG.java:1218)
	at org.testng.TestNG.runSuites(TestNG.java:1133)
	at org.testng.TestNG.run(TestNG.java:1104)
	at org.testng.remote.AbstractRemoteTestNG.run(AbstractRemoteTestNG.java:132)
	at org.testng.remote.RemoteTestNG.initAndRun(RemoteTestNG.java:230)
	at org.testng.remote.RemoteTestNG.main(RemoteTestNG.java:76)
Caused by: org.openqa.selenium.NoSuchElementException: repeater(baz in days | filter:'T').row(0).column(baz.initial) didn't have any matching elements at this place in the DOM
For documentation on this error, please visit: http://seleniumhq.org/exceptions/no_such_element.html
Build info: version: 'unknown', revision: '86a5d70', time: '2017-02-16 07:47:51 -0800'
System info: host: 'LINMB550', ip: '10.207.163.101', os.name: 'Windows 7', os.arch: 'amd64', os.version: '6.1', java.version: '1.8.0_121'
Driver info: driver.version: FluentWebDriver
	at com.spring.hibernate.ngwebdriver.ByAngular$BaseBy.errorIfNull(ByAngular.java:155)
	at com.spring.hibernate.ngwebdriver.ByAngular$BaseBy.findElement(ByAngular.java:166)
	at com.spring.hibernate.ngwebdriver.ByAngularRepeaterCell.findElement(ByAngularRepeaterCell.java:1)
	at org.openqa.selenium.remote.RemoteWebDriver.findElement(RemoteWebDriver.java:360)
	at org.seleniumhq.selenium.fluent.FluentWebDriver.actualFindElement(FluentWebDriver.java:63)
	at org.seleniumhq.selenium.fluent.FluentWebDriver.findElement(FluentWebDriver.java:53)
	at org.seleniumhq.selenium.fluent.Internal$BaseFluentWebDriver$FindElement.execute(Internal.java:933)
	at org.seleniumhq.selenium.fluent.Internal$BaseFluentWebDriver$FindElement.execute(Internal.java:911)
	at org.seleniumhq.selenium.fluent.internal.Execution.doExecution(Execution.java:39)
	at org.seleniumhq.selenium.fluent.Internal$BaseFluentWebDriver.executeAndWrapReThrowIfNeeded(Internal.java:1031)
	... 29 more
]]>
    </error>
  </testcase> <!-- basic_locators_by_repeater_should_find_by_partial_match -->
  <testcase name="findElement_should_barf_with_message_for_bad_repeater_and_row_and_column" time="0.073" classname="com.spring.hibernate.test.AngularAndWebDriverTest"/>
  <testcase name="find_by_angular_binding" time="0.412" classname="com.spring.hibernate.test.AngularAndWebDriverTest"/>
  <testcase name="basic_locators_by_repeater_should_find_one_row_by_partial_match" time="0.310" classname="com.spring.hibernate.test.AngularAndWebDriverTest">
    <error type="org.seleniumhq.selenium.fluent.FluentExecutionStopped" message="NoSuchElementException during invocation of: ?.li(repeater(baz in days | filter:&#039;T&#039;).row(0))">
      <![CDATA[org.seleniumhq.selenium.fluent.FluentExecutionStopped: NoSuchElementException during invocation of: ?.li(repeater(baz in days | filter:'T').row(0))
	at org.seleniumhq.selenium.fluent.Internal$BaseFluentWebDriver.wrapRuntimeException(Internal.java:1009)
	at org.seleniumhq.selenium.fluent.Internal$BaseFluentWebDriver.executeAndWrapReThrowIfNeeded(Internal.java:1037)
	at org.seleniumhq.selenium.fluent.Internal$BaseFluentWebDriver.single(Internal.java:886)
	at org.seleniumhq.selenium.fluent.Internal$BaseFluentWebDriver.li(Internal.java:806)
	at org.seleniumhq.selenium.fluent.FluentWebDriver.li(FluentWebDriver.java:893)
	at com.spring.hibernate.test.AngularAndWebDriverTest.basic_locators_by_repeater_should_find_one_row_by_partial_match(AngularAndWebDriverTest.java:649)
	at sun.reflect.NativeMethodAccessorImpl.invoke0(Native Method)
	at sun.reflect.NativeMethodAccessorImpl.invoke(NativeMethodAccessorImpl.java:62)
	at sun.reflect.DelegatingMethodAccessorImpl.invoke(DelegatingMethodAccessorImpl.java:43)
	at java.lang.reflect.Method.invoke(Method.java:498)
	at org.testng.internal.MethodInvocationHelper.invokeMethod(MethodInvocationHelper.java:104)
	at org.testng.internal.Invoker.invokeMethod(Invoker.java:645)
	at org.testng.internal.Invoker.invokeTestMethod(Invoker.java:851)
	at org.testng.internal.Invoker.invokeTestMethods(Invoker.java:1177)
	at org.testng.internal.TestMethodWorker.invokeTestMethods(TestMethodWorker.java:129)
	at org.testng.internal.TestMethodWorker.run(TestMethodWorker.java:112)
	at org.testng.TestRunner.privateRun(TestRunner.java:756)
	at org.testng.TestRunner.run(TestRunner.java:610)
	at org.testng.SuiteRunner.runTest(SuiteRunner.java:387)
	at org.testng.SuiteRunner.runSequentially(SuiteRunner.java:382)
	at org.testng.SuiteRunner.privateRun(SuiteRunner.java:340)
	at org.testng.SuiteRunner.run(SuiteRunner.java:289)
	at org.testng.SuiteRunnerWorker.runSuite(SuiteRunnerWorker.java:52)
	at org.testng.SuiteRunnerWorker.run(SuiteRunnerWorker.java:86)
	at org.testng.TestNG.runSuitesSequentially(TestNG.java:1293)
	at org.testng.TestNG.runSuitesLocally(TestNG.java:1218)
	at org.testng.TestNG.runSuites(TestNG.java:1133)
	at org.testng.TestNG.run(TestNG.java:1104)
	at org.testng.remote.AbstractRemoteTestNG.run(AbstractRemoteTestNG.java:132)
	at org.testng.remote.RemoteTestNG.initAndRun(RemoteTestNG.java:230)
	at org.testng.remote.RemoteTestNG.main(RemoteTestNG.java:76)
Caused by: org.openqa.selenium.NoSuchElementException: repeater(baz in days | filter:'T').row(0) didn't have any matching elements at this place in the DOM
For documentation on this error, please visit: http://seleniumhq.org/exceptions/no_such_element.html
Build info: version: 'unknown', revision: '86a5d70', time: '2017-02-16 07:47:51 -0800'
System info: host: 'LINMB550', ip: '10.207.163.101', os.name: 'Windows 7', os.arch: 'amd64', os.version: '6.1', java.version: '1.8.0_121'
Driver info: driver.version: FluentWebDriver
	at com.spring.hibernate.ngwebdriver.ByAngular$BaseBy.errorIfNull(ByAngular.java:155)
	at com.spring.hibernate.ngwebdriver.ByAngular$BaseBy.findElement(ByAngular.java:166)
	at com.spring.hibernate.ngwebdriver.ByAngularRepeaterRow.findElement(ByAngularRepeaterRow.java:1)
	at org.openqa.selenium.remote.RemoteWebDriver.findElement(RemoteWebDriver.java:360)
	at org.seleniumhq.selenium.fluent.FluentWebDriver.actualFindElement(FluentWebDriver.java:63)
	at org.seleniumhq.selenium.fluent.FluentWebDriver.findElement(FluentWebDriver.java:53)
	at org.seleniumhq.selenium.fluent.Internal$BaseFluentWebDriver$FindElement.execute(Internal.java:933)
	at org.seleniumhq.selenium.fluent.Internal$BaseFluentWebDriver$FindElement.execute(Internal.java:911)
	at org.seleniumhq.selenium.fluent.internal.Execution.doExecution(Execution.java:39)
	at org.seleniumhq.selenium.fluent.Internal$BaseFluentWebDriver.executeAndWrapReThrowIfNeeded(Internal.java:1031)
	... 29 more
]]>
    </error>
  </testcase> <!-- basic_locators_by_repeater_should_find_one_row_by_partial_match -->
  <testcase name="stress_test" time="8.703" classname="com.spring.hibernate.test.AngularAndWebDriverTest"/>
  <testcase name="basic_elements_should_allow_using_repeater_locator_within_map" time="2.398" classname="com.spring.hibernate.test.AngularAndWebDriverTest">
    <error type="org.seleniumhq.selenium.fluent.FluentExecutionStopped" message="NoSuchElementException during invocation of: ?.lis(repeater(allinfo in days))">
      <![CDATA[org.seleniumhq.selenium.fluent.FluentExecutionStopped: NoSuchElementException during invocation of: ?.lis(repeater(allinfo in days))
	at org.seleniumhq.selenium.fluent.Internal$BaseFluentWebDriver.wrapRuntimeException(Internal.java:1009)
	at org.seleniumhq.selenium.fluent.Internal$BaseFluentWebDriver.executeAndWrapReThrowIfNeeded(Internal.java:1037)
	at org.seleniumhq.selenium.fluent.Internal$BaseFluentWebDriver.multiple(Internal.java:956)
	at org.seleniumhq.selenium.fluent.Internal$BaseFluentWebDriver.lis(Internal.java:815)
	at org.seleniumhq.selenium.fluent.FluentWebDriver.lis(FluentWebDriver.java:903)
	at com.spring.hibernate.test.AngularAndWebDriverTest.basic_elements_should_allow_using_repeater_locator_within_map(AngularAndWebDriverTest.java:573)
	at sun.reflect.NativeMethodAccessorImpl.invoke0(Native Method)
	at sun.reflect.NativeMethodAccessorImpl.invoke(NativeMethodAccessorImpl.java:62)
	at sun.reflect.DelegatingMethodAccessorImpl.invoke(DelegatingMethodAccessorImpl.java:43)
	at java.lang.reflect.Method.invoke(Method.java:498)
	at org.testng.internal.MethodInvocationHelper.invokeMethod(MethodInvocationHelper.java:104)
	at org.testng.internal.Invoker.invokeMethod(Invoker.java:645)
	at org.testng.internal.Invoker.invokeTestMethod(Invoker.java:851)
	at org.testng.internal.Invoker.invokeTestMethods(Invoker.java:1177)
	at org.testng.internal.TestMethodWorker.invokeTestMethods(TestMethodWorker.java:129)
	at org.testng.internal.TestMethodWorker.run(TestMethodWorker.java:112)
	at org.testng.TestRunner.privateRun(TestRunner.java:756)
	at org.testng.TestRunner.run(TestRunner.java:610)
	at org.testng.SuiteRunner.runTest(SuiteRunner.java:387)
	at org.testng.SuiteRunner.runSequentially(SuiteRunner.java:382)
	at org.testng.SuiteRunner.privateRun(SuiteRunner.java:340)
	at org.testng.SuiteRunner.run(SuiteRunner.java:289)
	at org.testng.SuiteRunnerWorker.runSuite(SuiteRunnerWorker.java:52)
	at org.testng.SuiteRunnerWorker.run(SuiteRunnerWorker.java:86)
	at org.testng.TestNG.runSuitesSequentially(TestNG.java:1293)
	at org.testng.TestNG.runSuitesLocally(TestNG.java:1218)
	at org.testng.TestNG.runSuites(TestNG.java:1133)
	at org.testng.TestNG.run(TestNG.java:1104)
	at org.testng.remote.AbstractRemoteTestNG.run(AbstractRemoteTestNG.java:132)
	at org.testng.remote.RemoteTestNG.initAndRun(RemoteTestNG.java:230)
	at org.testng.remote.RemoteTestNG.main(RemoteTestNG.java:76)
Caused by: org.openqa.selenium.NoSuchElementException: repeater(allinfo in days) didn't have any matching elements at this place in the DOM
For documentation on this error, please visit: http://seleniumhq.org/exceptions/no_such_element.html
Build info: version: 'unknown', revision: '86a5d70', time: '2017-02-16 07:47:51 -0800'
System info: host: 'LINMB550', ip: '10.207.163.101', os.name: 'Windows 7', os.arch: 'amd64', os.version: '6.1', java.version: '1.8.0_121'
Driver info: driver.version: FluentWebDriver
	at com.spring.hibernate.ngwebdriver.ByAngular$BaseBy.errorIfNull(ByAngular.java:155)
	at com.spring.hibernate.ngwebdriver.ByAngular$BaseBy.findElements(ByAngular.java:177)
	at com.spring.hibernate.ngwebdriver.ByAngularRepeater.findElements(ByAngularRepeater.java:1)
	at org.openqa.selenium.remote.RemoteWebDriver.findElements(RemoteWebDriver.java:356)
	at org.seleniumhq.selenium.fluent.FluentWebDriver.actualFindElements(FluentWebDriver.java:68)
	at org.seleniumhq.selenium.fluent.FluentWebDriver.findElements(FluentWebDriver.java:58)
	at org.seleniumhq.selenium.fluent.Internal$BaseFluentWebDriver$FindElements.execute(Internal.java:992)
	at org.seleniumhq.selenium.fluent.Internal$BaseFluentWebDriver$FindElements.execute(Internal.java:980)
	at org.seleniumhq.selenium.fluent.internal.Execution.doExecution(Execution.java:39)
	at org.seleniumhq.selenium.fluent.Internal$BaseFluentWebDriver.executeAndWrapReThrowIfNeeded(Internal.java:1031)
	... 29 more
]]>
    </error>
  </testcase> <!-- basic_elements_should_allow_using_repeater_locator_within_map -->
  <testcase name="find_by_angular_cssContainingText" time="0.924" classname="com.spring.hibernate.test.AngularAndWebDriverTest"/>
  <testcase name="altRoot_find_elements" time="4.692" classname="com.spring.hibernate.test.AngularAndWebDriverTest">
    <error type="org.seleniumhq.selenium.fluent.FluentExecutionStopped" message="WebDriverException during invocation of: ?.span(bindings({{greeting}}))">
      <![CDATA[org.seleniumhq.selenium.fluent.FluentExecutionStopped: WebDriverException during invocation of: ?.span(bindings({{greeting}}))
	at org.seleniumhq.selenium.fluent.Internal$BaseFluentWebDriver.wrapRuntimeException(Internal.java:1009)
	at org.seleniumhq.selenium.fluent.Internal$BaseFluentWebDriver.executeAndWrapReThrowIfNeeded(Internal.java:1037)
	at org.seleniumhq.selenium.fluent.Internal$BaseFluentWebDriver.single(Internal.java:886)
	at org.seleniumhq.selenium.fluent.Internal$BaseFluentWebDriver.span(Internal.java:105)
	at org.seleniumhq.selenium.fluent.FluentWebDriver.span(FluentWebDriver.java:116)
	at com.spring.hibernate.test.AngularAndWebDriverTest.altRoot_find_elements(AngularAndWebDriverTest.java:493)
	at sun.reflect.NativeMethodAccessorImpl.invoke0(Native Method)
	at sun.reflect.NativeMethodAccessorImpl.invoke(NativeMethodAccessorImpl.java:62)
	at sun.reflect.DelegatingMethodAccessorImpl.invoke(DelegatingMethodAccessorImpl.java:43)
	at java.lang.reflect.Method.invoke(Method.java:498)
	at org.testng.internal.MethodInvocationHelper.invokeMethod(MethodInvocationHelper.java:104)
	at org.testng.internal.Invoker.invokeMethod(Invoker.java:645)
	at org.testng.internal.Invoker.invokeTestMethod(Invoker.java:851)
	at org.testng.internal.Invoker.invokeTestMethods(Invoker.java:1177)
	at org.testng.internal.TestMethodWorker.invokeTestMethods(TestMethodWorker.java:129)
	at org.testng.internal.TestMethodWorker.run(TestMethodWorker.java:112)
	at org.testng.TestRunner.privateRun(TestRunner.java:756)
	at org.testng.TestRunner.run(TestRunner.java:610)
	at org.testng.SuiteRunner.runTest(SuiteRunner.java:387)
	at org.testng.SuiteRunner.runSequentially(SuiteRunner.java:382)
	at org.testng.SuiteRunner.privateRun(SuiteRunner.java:340)
	at org.testng.SuiteRunner.run(SuiteRunner.java:289)
	at org.testng.SuiteRunnerWorker.runSuite(SuiteRunnerWorker.java:52)
	at org.testng.SuiteRunnerWorker.run(SuiteRunnerWorker.java:86)
	at org.testng.TestNG.runSuitesSequentially(TestNG.java:1293)
	at org.testng.TestNG.runSuitesLocally(TestNG.java:1218)
	at org.testng.TestNG.runSuites(TestNG.java:1133)
	at org.testng.TestNG.run(TestNG.java:1104)
	at org.testng.remote.AbstractRemoteTestNG.run(AbstractRemoteTestNG.java:132)
	at org.testng.remote.RemoteTestNG.initAndRun(RemoteTestNG.java:230)
	at org.testng.remote.RemoteTestNG.main(RemoteTestNG.java:76)
Caused by: org.openqa.selenium.WebDriverException: unknown error: angular is not defined
  (Session info: chrome=56.0.2924.87)
  (Driver info: chromedriver=2.27.440174 (e97a722caafc2d3a8b807ee115bfb307f7d2cfd9),platform=Windows NT 6.1.7601 SP1 x86_64) (WARNING: The server did not provide any stacktrace information)
Command duration or timeout: 118 milliseconds
Build info: version: 'unknown', revision: '86a5d70', time: '2017-02-16 07:47:51 -0800'
System info: host: 'LINMB550', ip: '10.207.163.101', os.name: 'Windows 7', os.arch: 'amd64', os.version: '6.1', java.version: '1.8.0_121'
Driver info: org.openqa.selenium.chrome.ChromeDriver
Capabilities [{applicationCacheEnabled=false, rotatable=false, mobileEmulationEnabled=false, networkConnectionEnabled=false, chrome={chromedriverVersion=2.27.440174 (e97a722caafc2d3a8b807ee115bfb307f7d2cfd9), userDataDir=C:\Users\ankurcha\AppData\Local\Temp\scoped_dir9152_16605}, takesHeapSnapshot=true, pageLoadStrategy=normal, databaseEnabled=false, handlesAlerts=true, hasTouchScreen=false, version=56.0.2924.87, platform=XP, browserConnectionEnabled=false, nativeEvents=true, acceptSslCerts=true, locationContextEnabled=true, webStorageEnabled=true, browserName=chrome, takesScreenshot=true, javascriptEnabled=true, cssSelectorsEnabled=true, unexpectedAlertBehaviour=}]
Session ID: aa924b649118224faa55c86f351d5221
	at sun.reflect.NativeConstructorAccessorImpl.newInstance0(Native Method)
	at sun.reflect.NativeConstructorAccessorImpl.newInstance(NativeConstructorAccessorImpl.java:62)
	at sun.reflect.DelegatingConstructorAccessorImpl.newInstance(DelegatingConstructorAccessorImpl.java:45)
	at java.lang.reflect.Constructor.newInstance(Constructor.java:423)
	at org.openqa.selenium.remote.ErrorHandler.createThrowable(ErrorHandler.java:216)
	at org.openqa.selenium.remote.ErrorHandler.throwIfResponseFailed(ErrorHandler.java:168)
	at org.openqa.selenium.remote.RemoteWebDriver.execute(RemoteWebDriver.java:635)
	at org.openqa.selenium.remote.RemoteWebDriver.executeScript(RemoteWebDriver.java:537)
	at com.spring.hibernate.ngwebdriver.ByAngularBinding.getObject(ByAngularBinding.java:16)
	at com.spring.hibernate.ngwebdriver.ByAngular$BaseBy.findElement(ByAngular.java:166)
	at com.spring.hibernate.ngwebdriver.ByAngularBinding.findElement(ByAngularBinding.java:1)
	at org.openqa.selenium.remote.RemoteWebDriver.findElement(RemoteWebDriver.java:360)
	at org.seleniumhq.selenium.fluent.FluentWebDriver.actualFindElement(FluentWebDriver.java:63)
	at org.seleniumhq.selenium.fluent.FluentWebDriver.findElement(FluentWebDriver.java:53)
	at org.seleniumhq.selenium.fluent.Internal$BaseFluentWebDriver$FindElement.execute(Internal.java:933)
	at org.seleniumhq.selenium.fluent.Internal$BaseFluentWebDriver$FindElement.execute(Internal.java:911)
	at org.seleniumhq.selenium.fluent.internal.Execution.doExecution(Execution.java:39)
	at org.seleniumhq.selenium.fluent.Internal$BaseFluentWebDriver.executeAndWrapReThrowIfNeeded(Internal.java:1031)
	... 29 more
]]>
    </error>
  </testcase> <!-- altRoot_find_elements -->
  <testcase name="find_multiple_hits_for_ng_repeat_in_page" time="0.879" classname="com.spring.hibernate.test.AngularAndWebDriverTest"/>
  <testcase name="basic_elements_should_chain_with_index_correctly" time="2.215" classname="com.spring.hibernate.test.AngularAndWebDriverTest">
    <error type="org.seleniumhq.selenium.fluent.FluentExecutionStopped$BecauseNothingMatchesInFilter" message="Nothing matched filter, during invocation of: ?.inputs(By.cssSelector: #checkboxes input).last(com.spring.hibernate.test.AngularAndWebDriverTest$IsIndex2Or3@15f47664)">
      <![CDATA[org.seleniumhq.selenium.fluent.FluentExecutionStopped$BecauseNothingMatchesInFilter: Nothing matched filter, during invocation of: ?.inputs(By.cssSelector: #checkboxes input).last(com.spring.hibernate.test.AngularAndWebDriverTest$IsIndex2Or3@15f47664)
	at org.seleniumhq.selenium.fluent.Internal$BaseFluentWebDriver.wrapRuntimeException(Internal.java:1007)
	at org.seleniumhq.selenium.fluent.Internal$BaseFluentWebDriver.executeAndWrapReThrowIfNeeded(Internal.java:1037)
	at org.seleniumhq.selenium.fluent.FluentWebElements.executeAndWrapReThrowIfNeeded(FluentWebElements.java:53)
	at org.seleniumhq.selenium.fluent.FluentWebElements.last(FluentWebElements.java:162)
	at com.spring.hibernate.test.AngularAndWebDriverTest.basic_elements_should_chain_with_index_correctly(AngularAndWebDriverTest.java:527)
	at sun.reflect.NativeMethodAccessorImpl.invoke0(Native Method)
	at sun.reflect.NativeMethodAccessorImpl.invoke(NativeMethodAccessorImpl.java:62)
	at sun.reflect.DelegatingMethodAccessorImpl.invoke(DelegatingMethodAccessorImpl.java:43)
	at java.lang.reflect.Method.invoke(Method.java:498)
	at org.testng.internal.MethodInvocationHelper.invokeMethod(MethodInvocationHelper.java:104)
	at org.testng.internal.Invoker.invokeMethod(Invoker.java:645)
	at org.testng.internal.Invoker.invokeTestMethod(Invoker.java:851)
	at org.testng.internal.Invoker.invokeTestMethods(Invoker.java:1177)
	at org.testng.internal.TestMethodWorker.invokeTestMethods(TestMethodWorker.java:129)
	at org.testng.internal.TestMethodWorker.run(TestMethodWorker.java:112)
	at org.testng.TestRunner.privateRun(TestRunner.java:756)
	at org.testng.TestRunner.run(TestRunner.java:610)
	at org.testng.SuiteRunner.runTest(SuiteRunner.java:387)
	at org.testng.SuiteRunner.runSequentially(SuiteRunner.java:382)
	at org.testng.SuiteRunner.privateRun(SuiteRunner.java:340)
	at org.testng.SuiteRunner.run(SuiteRunner.java:289)
	at org.testng.SuiteRunnerWorker.runSuite(SuiteRunnerWorker.java:52)
	at org.testng.SuiteRunnerWorker.run(SuiteRunnerWorker.java:86)
	at org.testng.TestNG.runSuitesSequentially(TestNG.java:1293)
	at org.testng.TestNG.runSuitesLocally(TestNG.java:1218)
	at org.testng.TestNG.runSuites(TestNG.java:1133)
	at org.testng.TestNG.run(TestNG.java:1104)
	at org.testng.remote.AbstractRemoteTestNG.run(AbstractRemoteTestNG.java:132)
	at org.testng.remote.RemoteTestNG.initAndRun(RemoteTestNG.java:230)
	at org.testng.remote.RemoteTestNG.main(RemoteTestNG.java:76)
]]>
    </error>
  </testcase> <!-- basic_elements_should_chain_with_index_correctly -->
  <testcase name="findElements_should_barf_with_message_for_any_repeater_and_row_and_column" time="0.690" classname="com.spring.hibernate.test.AngularAndWebDriverTest"/>
  <testcase name="basic_actions" time="2.374" classname="com.spring.hibernate.test.AngularAndWebDriverTest">
    <error type="org.seleniumhq.selenium.fluent.FluentExecutionStopped" message="NoSuchElementException during invocation of: ?.input(By.name: points)">
      <![CDATA[org.seleniumhq.selenium.fluent.FluentExecutionStopped: NoSuchElementException during invocation of: ?.input(By.name: points)
	at org.seleniumhq.selenium.fluent.Internal$BaseFluentWebDriver.wrapRuntimeException(Internal.java:1009)
	at org.seleniumhq.selenium.fluent.Internal$BaseFluentWebDriver.executeAndWrapReThrowIfNeeded(Internal.java:1037)
	at org.seleniumhq.selenium.fluent.Internal$BaseFluentWebDriver.single(Internal.java:886)
	at org.seleniumhq.selenium.fluent.Internal$BaseFluentWebDriver.input(Internal.java:177)
	at org.seleniumhq.selenium.fluent.FluentWebDriver.input(FluentWebDriver.java:196)
	at com.spring.hibernate.test.AngularAndWebDriverTest.basic_actions(AngularAndWebDriverTest.java:509)
	at sun.reflect.NativeMethodAccessorImpl.invoke0(Native Method)
	at sun.reflect.NativeMethodAccessorImpl.invoke(NativeMethodAccessorImpl.java:62)
	at sun.reflect.DelegatingMethodAccessorImpl.invoke(DelegatingMethodAccessorImpl.java:43)
	at java.lang.reflect.Method.invoke(Method.java:498)
	at org.testng.internal.MethodInvocationHelper.invokeMethod(MethodInvocationHelper.java:104)
	at org.testng.internal.Invoker.invokeMethod(Invoker.java:645)
	at org.testng.internal.Invoker.invokeTestMethod(Invoker.java:851)
	at org.testng.internal.Invoker.invokeTestMethods(Invoker.java:1177)
	at org.testng.internal.TestMethodWorker.invokeTestMethods(TestMethodWorker.java:129)
	at org.testng.internal.TestMethodWorker.run(TestMethodWorker.java:112)
	at org.testng.TestRunner.privateRun(TestRunner.java:756)
	at org.testng.TestRunner.run(TestRunner.java:610)
	at org.testng.SuiteRunner.runTest(SuiteRunner.java:387)
	at org.testng.SuiteRunner.runSequentially(SuiteRunner.java:382)
	at org.testng.SuiteRunner.privateRun(SuiteRunner.java:340)
	at org.testng.SuiteRunner.run(SuiteRunner.java:289)
	at org.testng.SuiteRunnerWorker.runSuite(SuiteRunnerWorker.java:52)
	at org.testng.SuiteRunnerWorker.run(SuiteRunnerWorker.java:86)
	at org.testng.TestNG.runSuitesSequentially(TestNG.java:1293)
	at org.testng.TestNG.runSuitesLocally(TestNG.java:1218)
	at org.testng.TestNG.runSuites(TestNG.java:1133)
	at org.testng.TestNG.run(TestNG.java:1104)
	at org.testng.remote.AbstractRemoteTestNG.run(AbstractRemoteTestNG.java:132)
	at org.testng.remote.RemoteTestNG.initAndRun(RemoteTestNG.java:230)
	at org.testng.remote.RemoteTestNG.main(RemoteTestNG.java:76)
Caused by: org.openqa.selenium.NoSuchElementException: no such element: Unable to locate element: {"method":"name","selector":"points"}
  (Session info: chrome=56.0.2924.87)
  (Driver info: chromedriver=2.27.440174 (e97a722caafc2d3a8b807ee115bfb307f7d2cfd9),platform=Windows NT 6.1.7601 SP1 x86_64) (WARNING: The server did not provide any stacktrace information)
Command duration or timeout: 48 milliseconds
For documentation on this error, please visit: http://seleniumhq.org/exceptions/no_such_element.html
Build info: version: 'unknown', revision: '86a5d70', time: '2017-02-16 07:47:51 -0800'
System info: host: 'LINMB550', ip: '10.207.163.101', os.name: 'Windows 7', os.arch: 'amd64', os.version: '6.1', java.version: '1.8.0_121'
Driver info: org.openqa.selenium.chrome.ChromeDriver
Capabilities [{applicationCacheEnabled=false, rotatable=false, mobileEmulationEnabled=false, networkConnectionEnabled=false, chrome={chromedriverVersion=2.27.440174 (e97a722caafc2d3a8b807ee115bfb307f7d2cfd9), userDataDir=C:\Users\ankurcha\AppData\Local\Temp\scoped_dir9152_16605}, takesHeapSnapshot=true, pageLoadStrategy=normal, databaseEnabled=false, handlesAlerts=true, hasTouchScreen=false, version=56.0.2924.87, platform=XP, browserConnectionEnabled=false, nativeEvents=true, acceptSslCerts=true, locationContextEnabled=true, webStorageEnabled=true, browserName=chrome, takesScreenshot=true, javascriptEnabled=true, cssSelectorsEnabled=true, unexpectedAlertBehaviour=}]
Session ID: aa924b649118224faa55c86f351d5221
*** Element info: {Using=name, value=points}
	at sun.reflect.NativeConstructorAccessorImpl.newInstance0(Native Method)
	at sun.reflect.NativeConstructorAccessorImpl.newInstance(NativeConstructorAccessorImpl.java:62)
	at sun.reflect.DelegatingConstructorAccessorImpl.newInstance(DelegatingConstructorAccessorImpl.java:45)
	at java.lang.reflect.Constructor.newInstance(Constructor.java:423)
	at org.openqa.selenium.remote.ErrorHandler.createThrowable(ErrorHandler.java:216)
	at org.openqa.selenium.remote.ErrorHandler.throwIfResponseFailed(ErrorHandler.java:168)
	at org.openqa.selenium.remote.RemoteWebDriver.execute(RemoteWebDriver.java:635)
	at org.openqa.selenium.remote.RemoteWebDriver.findElement(RemoteWebDriver.java:368)
	at org.openqa.selenium.remote.RemoteWebDriver.findElementByName(RemoteWebDriver.java:449)
	at org.openqa.selenium.By$ByName.findElement(By.java:303)
	at org.openqa.selenium.remote.RemoteWebDriver.findElement(RemoteWebDriver.java:360)
	at org.seleniumhq.selenium.fluent.FluentWebDriver.actualFindElement(FluentWebDriver.java:63)
	at org.seleniumhq.selenium.fluent.FluentWebDriver.findElement(FluentWebDriver.java:53)
	at org.seleniumhq.selenium.fluent.Internal$BaseFluentWebDriver$FindElement.execute(Internal.java:933)
	at org.seleniumhq.selenium.fluent.Internal$BaseFluentWebDriver$FindElement.execute(Internal.java:911)
	at org.seleniumhq.selenium.fluent.internal.Execution.doExecution(Execution.java:39)
	at org.seleniumhq.selenium.fluent.Internal$BaseFluentWebDriver.executeAndWrapReThrowIfNeeded(Internal.java:1031)
	... 29 more
]]>
    </error>
  </testcase> <!-- basic_actions -->
  <testcase name="find_all_for_an_angular_options" time="1.591" classname="com.spring.hibernate.test.AngularAndWebDriverTest"/>
  <testcase name="find_by_angular_partialButtonText" time="0.282" classname="com.spring.hibernate.test.AngularAndWebDriverTest"/>
  <testcase name="basic_locators_by_repeater_should_find_many_rows_by_partial_match" time="0.255" classname="com.spring.hibernate.test.AngularAndWebDriverTest">
    <error type="org.seleniumhq.selenium.fluent.FluentExecutionStopped" message="NoSuchElementException during invocation of: ?.spans(repeater(baz in days | filter:&#039;T&#039;).column(baz.initial))">
      <![CDATA[org.seleniumhq.selenium.fluent.FluentExecutionStopped: NoSuchElementException during invocation of: ?.spans(repeater(baz in days | filter:'T').column(baz.initial))
	at org.seleniumhq.selenium.fluent.Internal$BaseFluentWebDriver.wrapRuntimeException(Internal.java:1009)
	at org.seleniumhq.selenium.fluent.Internal$BaseFluentWebDriver.executeAndWrapReThrowIfNeeded(Internal.java:1037)
	at org.seleniumhq.selenium.fluent.Internal$BaseFluentWebDriver.multiple(Internal.java:956)
	at org.seleniumhq.selenium.fluent.Internal$BaseFluentWebDriver.spans(Internal.java:114)
	at org.seleniumhq.selenium.fluent.FluentWebDriver.spans(FluentWebDriver.java:126)
	at com.spring.hibernate.test.AngularAndWebDriverTest.basic_locators_by_repeater_should_find_many_rows_by_partial_match(AngularAndWebDriverTest.java:618)
	at sun.reflect.NativeMethodAccessorImpl.invoke0(Native Method)
	at sun.reflect.NativeMethodAccessorImpl.invoke(NativeMethodAccessorImpl.java:62)
	at sun.reflect.DelegatingMethodAccessorImpl.invoke(DelegatingMethodAccessorImpl.java:43)
	at java.lang.reflect.Method.invoke(Method.java:498)
	at org.testng.internal.MethodInvocationHelper.invokeMethod(MethodInvocationHelper.java:104)
	at org.testng.internal.Invoker.invokeMethod(Invoker.java:645)
	at org.testng.internal.Invoker.invokeTestMethod(Invoker.java:851)
	at org.testng.internal.Invoker.invokeTestMethods(Invoker.java:1177)
	at org.testng.internal.TestMethodWorker.invokeTestMethods(TestMethodWorker.java:129)
	at org.testng.internal.TestMethodWorker.run(TestMethodWorker.java:112)
	at org.testng.TestRunner.privateRun(TestRunner.java:756)
	at org.testng.TestRunner.run(TestRunner.java:610)
	at org.testng.SuiteRunner.runTest(SuiteRunner.java:387)
	at org.testng.SuiteRunner.runSequentially(SuiteRunner.java:382)
	at org.testng.SuiteRunner.privateRun(SuiteRunner.java:340)
	at org.testng.SuiteRunner.run(SuiteRunner.java:289)
	at org.testng.SuiteRunnerWorker.runSuite(SuiteRunnerWorker.java:52)
	at org.testng.SuiteRunnerWorker.run(SuiteRunnerWorker.java:86)
	at org.testng.TestNG.runSuitesSequentially(TestNG.java:1293)
	at org.testng.TestNG.runSuitesLocally(TestNG.java:1218)
	at org.testng.TestNG.runSuites(TestNG.java:1133)
	at org.testng.TestNG.run(TestNG.java:1104)
	at org.testng.remote.AbstractRemoteTestNG.run(AbstractRemoteTestNG.java:132)
	at org.testng.remote.RemoteTestNG.initAndRun(RemoteTestNG.java:230)
	at org.testng.remote.RemoteTestNG.main(RemoteTestNG.java:76)
Caused by: org.openqa.selenium.NoSuchElementException: repeater(baz in days | filter:'T').column(baz.initial) didn't have any matching elements at this place in the DOM
For documentation on this error, please visit: http://seleniumhq.org/exceptions/no_such_element.html
Build info: version: 'unknown', revision: '86a5d70', time: '2017-02-16 07:47:51 -0800'
System info: host: 'LINMB550', ip: '10.207.163.101', os.name: 'Windows 7', os.arch: 'amd64', os.version: '6.1', java.version: '1.8.0_121'
Driver info: driver.version: FluentWebDriver
	at com.spring.hibernate.ngwebdriver.ByAngular$BaseBy.errorIfNull(ByAngular.java:155)
	at com.spring.hibernate.ngwebdriver.ByAngular$BaseBy.findElements(ByAngular.java:177)
	at com.spring.hibernate.ngwebdriver.ByAngularRepeaterColumn.findElements(ByAngularRepeaterColumn.java:1)
	at org.openqa.selenium.remote.RemoteWebDriver.findElements(RemoteWebDriver.java:356)
	at org.seleniumhq.selenium.fluent.FluentWebDriver.actualFindElements(FluentWebDriver.java:68)
	at org.seleniumhq.selenium.fluent.FluentWebDriver.findElements(FluentWebDriver.java:58)
	at org.seleniumhq.selenium.fluent.Internal$BaseFluentWebDriver$FindElements.execute(Internal.java:992)
	at org.seleniumhq.selenium.fluent.Internal$BaseFluentWebDriver$FindElements.execute(Internal.java:980)
	at org.seleniumhq.selenium.fluent.internal.Execution.doExecution(Execution.java:39)
	at org.seleniumhq.selenium.fluent.Internal$BaseFluentWebDriver.executeAndWrapReThrowIfNeeded(Internal.java:1031)
	... 29 more
]]>
    </error>
  </testcase> <!-- basic_locators_by_repeater_should_find_many_rows_by_partial_match -->
  <testcase name="findElements_should_barf_with_message_for_bad_repeater_and_column" time="0.919" classname="com.spring.hibernate.test.AngularAndWebDriverTest"/>
  <testcase name="find_all_for_an_angular_binding" time="0.968" classname="com.spring.hibernate.test.AngularAndWebDriverTest"/>
  <testcase name="basic_lib_getLocationAbsUrl_gets_url" time="0.154" classname="com.spring.hibernate.test.AngularAndWebDriverTest">
    <error type="org.openqa.selenium.WebDriverException" message="unknown error: angular is not defined
  (Session info: chrome=56.0.2924.87)
  (Driver info: chromedriver=2.27.440174 (e97a722caafc2d3a8b807ee115bfb307f7d2cfd9),platform=Windows NT 6.1.7601 SP1 x86_64) (WARNING: The server did not provide any stacktrace information)
Command duration or timeout: 10 milliseconds
Build info: version: &#039;unknown&#039;, revision: &#039;86a5d70&#039;, time: &#039;2017-02-16 07:47:51 -0800&#039;
System info: host: &#039;LINMB550&#039;, ip: &#039;10.207.163.101&#039;, os.name: &#039;Windows 7&#039;, os.arch: &#039;amd64&#039;, os.version: &#039;6.1&#039;, java.version: &#039;1.8.0_121&#039;
Driver info: org.openqa.selenium.chrome.ChromeDriver
Capabilities [{applicationCacheEnabled=false, rotatable=false, mobileEmulationEnabled=false, networkConnectionEnabled=false, chrome={chromedriverVersion=2.27.440174 (e97a722caafc2d3a8b807ee115bfb307f7d2cfd9), userDataDir=C:\Users\ankurcha\AppData\Local\Temp\scoped_dir9152_16605}, takesHeapSnapshot=true, pageLoadStrategy=normal, databaseEnabled=false, handlesAlerts=true, hasTouchScreen=false, version=56.0.2924.87, platform=XP, browserConnectionEnabled=false, nativeEvents=true, acceptSslCerts=true, locationContextEnabled=true, webStorageEnabled=true, browserName=chrome, takesScreenshot=true, javascriptEnabled=true, cssSelectorsEnabled=true, unexpectedAlertBehaviour=}]
Session ID: aa924b649118224faa55c86f351d5221">
      <![CDATA[org.openqa.selenium.WebDriverException: unknown error: angular is not defined
  (Session info: chrome=56.0.2924.87)
  (Driver info: chromedriver=2.27.440174 (e97a722caafc2d3a8b807ee115bfb307f7d2cfd9),platform=Windows NT 6.1.7601 SP1 x86_64) (WARNING: The server did not provide any stacktrace information)
Command duration or timeout: 10 milliseconds
Build info: version: 'unknown', revision: '86a5d70', time: '2017-02-16 07:47:51 -0800'
System info: host: 'LINMB550', ip: '10.207.163.101', os.name: 'Windows 7', os.arch: 'amd64', os.version: '6.1', java.version: '1.8.0_121'
Driver info: org.openqa.selenium.chrome.ChromeDriver
Capabilities [{applicationCacheEnabled=false, rotatable=false, mobileEmulationEnabled=false, networkConnectionEnabled=false, chrome={chromedriverVersion=2.27.440174 (e97a722caafc2d3a8b807ee115bfb307f7d2cfd9), userDataDir=C:\Users\ankurcha\AppData\Local\Temp\scoped_dir9152_16605}, takesHeapSnapshot=true, pageLoadStrategy=normal, databaseEnabled=false, handlesAlerts=true, hasTouchScreen=false, version=56.0.2924.87, platform=XP, browserConnectionEnabled=false, nativeEvents=true, acceptSslCerts=true, locationContextEnabled=true, webStorageEnabled=true, browserName=chrome, takesScreenshot=true, javascriptEnabled=true, cssSelectorsEnabled=true, unexpectedAlertBehaviour=}]
Session ID: aa924b649118224faa55c86f351d5221
	at sun.reflect.NativeConstructorAccessorImpl.newInstance0(Native Method)
	at sun.reflect.NativeConstructorAccessorImpl.newInstance(NativeConstructorAccessorImpl.java:62)
	at sun.reflect.DelegatingConstructorAccessorImpl.newInstance(DelegatingConstructorAccessorImpl.java:45)
	at java.lang.reflect.Constructor.newInstance(Constructor.java:423)
	at org.openqa.selenium.remote.ErrorHandler.createThrowable(ErrorHandler.java:216)
	at org.openqa.selenium.remote.ErrorHandler.throwIfResponseFailed(ErrorHandler.java:168)
	at org.openqa.selenium.remote.RemoteWebDriver.execute(RemoteWebDriver.java:635)
	at org.openqa.selenium.remote.RemoteWebDriver.executeScript(RemoteWebDriver.java:537)
	at com.spring.hibernate.ngwebdriver.NgWebDriver.getLocationAbsUrl(NgWebDriver.java:90)
	at com.spring.hibernate.test.AngularAndWebDriverTest.basic_lib_getLocationAbsUrl_gets_url(AngularAndWebDriverTest.java:730)
	at sun.reflect.NativeMethodAccessorImpl.invoke0(Native Method)
	at sun.reflect.NativeMethodAccessorImpl.invoke(NativeMethodAccessorImpl.java:62)
	at sun.reflect.DelegatingMethodAccessorImpl.invoke(DelegatingMethodAccessorImpl.java:43)
	at java.lang.reflect.Method.invoke(Method.java:498)
	at org.testng.internal.MethodInvocationHelper.invokeMethod(MethodInvocationHelper.java:104)
	at org.testng.internal.Invoker.invokeMethod(Invoker.java:645)
	at org.testng.internal.Invoker.invokeTestMethod(Invoker.java:851)
	at org.testng.internal.Invoker.invokeTestMethods(Invoker.java:1177)
	at org.testng.internal.TestMethodWorker.invokeTestMethods(TestMethodWorker.java:129)
	at org.testng.internal.TestMethodWorker.run(TestMethodWorker.java:112)
	at org.testng.TestRunner.privateRun(TestRunner.java:756)
	at org.testng.TestRunner.run(TestRunner.java:610)
	at org.testng.SuiteRunner.runTest(SuiteRunner.java:387)
	at org.testng.SuiteRunner.runSequentially(SuiteRunner.java:382)
	at org.testng.SuiteRunner.privateRun(SuiteRunner.java:340)
	at org.testng.SuiteRunner.run(SuiteRunner.java:289)
	at org.testng.SuiteRunnerWorker.runSuite(SuiteRunnerWorker.java:52)
	at org.testng.SuiteRunnerWorker.run(SuiteRunnerWorker.java:86)
	at org.testng.TestNG.runSuitesSequentially(TestNG.java:1293)
	at org.testng.TestNG.runSuitesLocally(TestNG.java:1218)
	at org.testng.TestNG.runSuites(TestNG.java:1133)
	at org.testng.TestNG.run(TestNG.java:1104)
	at org.testng.remote.AbstractRemoteTestNG.run(AbstractRemoteTestNG.java:132)
	at org.testng.remote.RemoteTestNG.initAndRun(RemoteTestNG.java:230)
	at org.testng.remote.RemoteTestNG.main(RemoteTestNG.java:76)
]]>
    </error>
  </testcase> <!-- basic_lib_getLocationAbsUrl_gets_url -->
  <testcase name="find_multiple_hits_for_ng_repeat_and_subset_to_first_matching_predicate_for_fluent_selenium_example" time="2.015" classname="com.spring.hibernate.test.AngularAndWebDriverTest"/>
  <testcase name="find_all_of_a_column_in_an_ng_repeat" classname="com.spring.hibernate.test.AngularAndWebDriverTest">
    <skipped/>
  </testcase> <!-- find_all_of_a_column_in_an_ng_repeat -->
  <testcase name="find_specific_cell_in_ng_repeat_the_other_way" classname="com.spring.hibernate.test.AngularAndWebDriverTest">
    <skipped/>
  </testcase> <!-- find_specific_cell_in_ng_repeat_the_other_way -->
  <testcase name="find_specific_cell_in_ng_repeat" classname="com.spring.hibernate.test.AngularAndWebDriverTest">
    <skipped/>
  </testcase> <!-- find_specific_cell_in_ng_repeat -->
</testsuite> <!-- com.spring.hibernate.test.AngularAndWebDriverTest -->
